Application parameters:
  batch  =>  nothing
  tikz  =>  "/TIKZ/csp150_Solomon.dot"
  instance  =>  "/IN/csp150_Solomon.txt"
  out  =>  "/OUT/csp150_Solomon.sol"
  nosolve  =>  false
  ub  =>  1.0e7
  sol  =>  nothing
  cfg  =>  "/VRPTW/src/../config/VRPTW_set_1.cfg"
  enable_cap_res  =>  false
[41m solve [00m
~~~~~~~~~~~~~~~~~~~~~~~~~~~~~~~~~~~~~~~~~~~~~~~~~~~~~~~~~~~~~~~~~~~~~~~~~~~~~~
VRPSolver beta v0.3, 17/11/2019. Web: vrpsolver.math.u-bordeaux.fr
Corresponds to the solver by Pessoa, Sadykov, Uchoa and Vanderbeck (2019)
Paper: dx.doi.org/10.1007/978-3-030-17953-3_27
USE THIS CODE ONLY FOR ACADEMIC PURPOSES AT YOUR OWN RISK
~~~~~~~~~~~~~~~~~~~~~~~~~~~~~~~~~~~~~~~~~~~~~~~~~~~~~~~~~~~~~~~~~~~~~~~~~~~~~~
BaPCod v045b, 17/11/2019, © Inria Bordeaux, France (license expires 1/12/2021)
~~~~~~~~~~~~~~~~~~~~~~~~~~~~~~~~~~~~~~~~~~~~~~~~~~~~~~~~~~~~~~~~~~~~~~~~~~~~~~
VRPSolver parameters:
GlobalTimeLimit = 21474836
MaxNbOfBBtreeNodeTreated = 100000
treeSearchStrategy = 1
RCSPstopCutGenTimeThresholdInPricing = 5
RCSPhardTimeThresholdInPricing = 10
RCSPnumberOfBucketsPerVertex = 25
RCSPdynamicBucketSteps = 1
RCSPuseBidirectionalSearch = 1
RCSPapplyReducedCostFixing = 1
RCSPmaxNumOfColsPerIteration = 30
RCSPmaxNumOfColsPerExactIteration = 150
RCSPheurLabelingStrategy = 0
StabilizationMinPhaseOfStage = 0
RCSPmaxNumOfLabelsInEnumeration = 1000000
RCSPmaxNumOfEnumeratedSolutions = 10000000
RCSPmaxNumOfEnumSolutionsForMIP = 10000
RCSPinitNGneighbourhoodSize = 8
RCSPmaxNGneighbourhoodSize = 16
RCSPrankOneCutsMaxNumPerRound = 100
RCSPrankOneCutsMaxNumRows = 7
RCSPrankOneCutsMemoryType = 1
CutTailingOffThreshold = 0.015
CutTailingOffCounterThreshold = 3
SafeDualBoundScaleFactor = -1
StrongBranchingPhaseOneCandidatesNumber = 50
StrongBranchingPhaseOneTreeSizeEstimRatio = 0.1
StrongBranchingPhaseTwoCandidatesNumber = 3
StrongBranchingPhaseTwoTreeSizeEstimRatio = 0.1
MaxTimeForRestrictedMasterIpHeur = -1
DivingHeurUseDepthLimit = -1
MaxLDSbreadth = 0
MaxLDSdepth = 0
New model incumbent solution 1e+07, TIME = 0h0m0s2t = 2
Model is built TIME = 0h0m0s88t = 88
************************************************************************************************
**** BaB tree root node
**** Local DB = -1e+12, global bounds : [ -1e+12 , 1e+07 ], TIME = 0h0m0s88t = 88
**** 1 open nodes, 0 columns (0 active), 0 dyn. constrs. (0 active), 302 art. vars. (302 active)
************************************************************************************************
<DWph=2> <it= 10> <et=0.91> <Mt= 0.00> <Spt= 0.00> <nCl=291> <DB=-12806609964.5192> <Mlp=192089721.0000> <PB=10000000> 
<DWph=2> <it= 20> <et=0.94> <Mt= 0.01> <Spt= 0.00> <nCl=155> <DB=89658.9893> <Mlp=108078.0000> <PB=108078> 
<DWph=2> <it= 22> <et=0.95> <Mt= 0.00> <Spt= 0.00> <nCl=  1> <DB=108066.0000> <Mlp=108066.0000> <PB=108066> 
<DWph=1> <it= 23> <et=0.96> <Mt= 0.00> <Spt= 0.00> <nCl=  0> <DB=108066.0000> <Mlp=108066.0000> <PB=108066> 
<DWph=0> <it= 24> <et=0.96> <Mt= 0.00> <Spt= 0.00> <nCl=  0> <DB=108066.0000> <Mlp=108066.0000> <PB=108066> 
ColGenEvalAlg final dual bound: 108066 (rounded: 108066)
New model incumbent solution 108066, TIME = 0h0m0s97t = 97
************************************************************************************************
Search is finished, global bounds : [ 108066 , 108066 ], TIME = 0h0m0s97t = 97
************************************************************************************************
[32mBaPCod : solution defined.[00m
statistics_cols: instance & :Optimal & cutoff & :bcRecRootDb & :bcTimeRootEval & :bcCountNodeProc & :bcRecBestDb & :bcRecBestInc & :bcTimeMain \\
statistics: csp150_Solomon & 1 & 1.0e7 & 108066.00 & 0.97 & 1 & 108066.00 & 108066 & 0.97 \\
########################################################
Route #1: 1 12 29 
Route #2: 2 
Route #3: 3 23 37 
Route #4: 4 
Route #5: 5 
Route #6: 6 26 
Route #7: 7 
Route #8: 8 27 
Route #9: 9 30 
Route #10: 10 
Route #11: 11 25 35 48 
Route #12: 13 22 
Route #13: 14 
Route #14: 15 32 44 
Route #15: 16 34 54 
Route #16: 17 28 
Route #17: 18 33 
Route #18: 19 38 
Route #19: 20 36 
Route #20: 21 39 
Route #21: 24 41 63 
Route #22: 31 53 69 
Route #23: 40 64 
Route #24: 42 72 
Route #25: 43 49 56 66 
Route #26: 45 61 
Route #27: 46 71 
Route #28: 47 70 
Route #29: 50 76 
Route #30: 51 75 
Route #31: 52 82 
Route #32: 55 73 81 
Route #33: 57 86 
Route #34: 58 78 
Route #35: 59 
Route #36: 60 67 87 
Route #37: 62 79 91 
Route #38: 65 99 
Route #39: 68 80 102 
Route #40: 74 
Route #41: 77 88 105 
Route #42: 83 96 110 127 
Route #43: 84 107 
Route #44: 85 112 
Route #45: 89 98 116 134 
Route #46: 90 108 121 
Route #47: 92 113 
Route #48: 93 111 140 
Route #49: 94 114 136 
Route #50: 95 97 106 130 
Route #51: 100 120 
Route #52: 101 132 
Route #53: 103 122 135 
Route #54: 104 123 148 
Route #55: 109 137 
Route #56: 115 146 
Route #57: 117 143 
Route #58: 118 144 
Route #59: 119 133 
Route #60: 124 141 
Route #61: 125 145 
Route #62: 126 150 
Route #63: 128 147 
Route #64: 129 149 
Route #65: 131 
Route #66: 138 142 
Route #67: 139 
Cost 108066.0
########################################################
