Application parameters:
  batch  =>  nothing
  tikz  =>  "/TIKZ/csp250_Solomon.dot"
  instance  =>  "/IN/csp250_Solomon.txt"
  out  =>  "/OUT/csp250_Solomon.sol"
  nosolve  =>  false
  ub  =>  1.0e7
  sol  =>  nothing
  cfg  =>  "/VRPTW/src/../config/VRPTW_set_1.cfg"
  enable_cap_res  =>  false
[41m solve [00m
~~~~~~~~~~~~~~~~~~~~~~~~~~~~~~~~~~~~~~~~~~~~~~~~~~~~~~~~~~~~~~~~~~~~~~~~~~~~~~
VRPSolver beta v0.3, 17/11/2019. Web: vrpsolver.math.u-bordeaux.fr
Corresponds to the solver by Pessoa, Sadykov, Uchoa and Vanderbeck (2019)
Paper: dx.doi.org/10.1007/978-3-030-17953-3_27
USE THIS CODE ONLY FOR ACADEMIC PURPOSES AT YOUR OWN RISK
~~~~~~~~~~~~~~~~~~~~~~~~~~~~~~~~~~~~~~~~~~~~~~~~~~~~~~~~~~~~~~~~~~~~~~~~~~~~~~
BaPCod v045b, 17/11/2019, © Inria Bordeaux, France (license expires 1/12/2021)
~~~~~~~~~~~~~~~~~~~~~~~~~~~~~~~~~~~~~~~~~~~~~~~~~~~~~~~~~~~~~~~~~~~~~~~~~~~~~~
VRPSolver parameters:
GlobalTimeLimit = 21474836
MaxNbOfBBtreeNodeTreated = 100000
treeSearchStrategy = 1
RCSPstopCutGenTimeThresholdInPricing = 5
RCSPhardTimeThresholdInPricing = 10
RCSPnumberOfBucketsPerVertex = 25
RCSPdynamicBucketSteps = 1
RCSPuseBidirectionalSearch = 1
RCSPapplyReducedCostFixing = 1
RCSPmaxNumOfColsPerIteration = 30
RCSPmaxNumOfColsPerExactIteration = 150
RCSPheurLabelingStrategy = 0
StabilizationMinPhaseOfStage = 0
RCSPmaxNumOfLabelsInEnumeration = 1000000
RCSPmaxNumOfEnumeratedSolutions = 10000000
RCSPmaxNumOfEnumSolutionsForMIP = 10000
RCSPinitNGneighbourhoodSize = 8
RCSPmaxNGneighbourhoodSize = 16
RCSPrankOneCutsMaxNumPerRound = 100
RCSPrankOneCutsMaxNumRows = 7
RCSPrankOneCutsMemoryType = 1
CutTailingOffThreshold = 0.015
CutTailingOffCounterThreshold = 3
SafeDualBoundScaleFactor = -1
StrongBranchingPhaseOneCandidatesNumber = 50
StrongBranchingPhaseOneTreeSizeEstimRatio = 0.1
StrongBranchingPhaseTwoCandidatesNumber = 3
StrongBranchingPhaseTwoTreeSizeEstimRatio = 0.1
MaxTimeForRestrictedMasterIpHeur = -1
DivingHeurUseDepthLimit = -1
MaxLDSbreadth = 0
MaxLDSdepth = 0
New model incumbent solution 1e+07, TIME = 0h0m0s2t = 2
Model is built TIME = 0h0m1s2t = 102
************************************************************************************************
**** BaB tree root node
**** Local DB = -1e+12, global bounds : [ -1e+12 , 1e+07 ], TIME = 0h0m1s2t = 102
**** 1 open nodes, 0 columns (0 active), 0 dyn. constrs. (0 active), 502 art. vars. (502 active)
************************************************************************************************
<DWph=2> <it= 10> <et=1.09> <Mt= 0.00> <Spt= 0.00> <nCl=298> <DB=-23217855658.1495> <Mlp=765116973.5000> <PB=10000000> 
<DWph=2> <it= 20> <et=1.18> <Mt= 0.03> <Spt= 0.00> <nCl=267> <DB=-11647916679.9779> <Mlp=161462368.9000> <PB=10000000> 
<DWph=2> <it= 30> <et=1.28> <Mt= 0.02> <Spt= 0.00> <nCl=167> <DB=69206.1813> <Mlp=177378.0000> <PB=177378> 
<DWph=2> <it= 40> <et=1.36> <Mt= 0.02> <Spt= 0.00> <nCl=102> <DB=170785.5096> <Mlp=176752.5000> <PB=176774> 
<DWph=2> <it= 43> <et=1.38> <Mt= 0.00> <Spt= 0.00> <nCl=  4> <DB=176748.0000> <Mlp=176748.0000> <PB=176774> 
<DWph=1> <it= 44> <et=1.39> <Mt= 0.00> <Spt= 0.00> <nCl=  0> <DB=176748.0000> <Mlp=176748.0000> <PB=176774> 
<DWph=0> <it= 45> <et=1.41> <Mt= 0.00> <Spt= 0.00> <nCl=  0> <DB=176748.0000> <Mlp=176748.0000> <PB=176774> 
Reduced cost fixing for graph G_1... took 0.01 sec., 3707 buck. arcs remain (15.4% from prev., 2.95% from max.)
Run enumeration... took 0.05 sec. and succeeded! Pricing will be done by inspection.
ColGenEvalAlg final dual bound: 176748 (rounded: 176748)
----- Terminating the node by MIP -----
MIP found solution with value 176753
New model incumbent solution 176753, TIME = 0h0m1s51t = 151
************************************************************************************************
Search is finished, global bounds : [ 176753 , 176753 ], TIME = 0h0m1s51t = 151
************************************************************************************************
[32mBaPCod : solution defined.[00m
statistics_cols: instance & :Optimal & cutoff & :bcRecRootDb & :bcTimeRootEval & :bcCountNodeProc & :bcRecBestDb & :bcRecBestInc & :bcTimeMain \\
statistics: csp250_Solomon & 1 & 1.0e7 & 176753.00 & 1.51 & 1 & 176753.00 & 176753 & 1.51 \\
########################################################
Route #1: 1 10 35 
Route #2: 2 37 
Route #3: 3 28 
Route #4: 4 
Route #5: 5 39 
Route #6: 6 40 
Route #7: 7 
Route #8: 8 43 
Route #9: 9 26 56 
Route #10: 11 47 
Route #11: 12 21 50 
Route #12: 13 41 
Route #13: 14 27 62 
Route #14: 15 36 48 52 
Route #15: 16 
Route #16: 17 
Route #17: 18 45 70 
Route #18: 19 
Route #19: 20 33 46 
Route #20: 22 31 
Route #21: 23 49 
Route #22: 24 42 
Route #23: 25 44 53 
Route #24: 29 38 51 63 
Route #25: 30 
Route #26: 32 57 
Route #27: 34 59 
Route #28: 54 89 101 
Route #29: 55 68 85 132 
Route #30: 58 71 97 
Route #31: 60 112 122 
Route #32: 61 123 
Route #33: 64 72 
Route #34: 65 87 115 147 
Route #35: 66 69 121 
Route #36: 67 103 129 
Route #37: 73 145 
Route #38: 74 104 
Route #39: 75 105 
Route #40: 76 107 159 
Route #41: 77 133 
Route #42: 78 136 162 
Route #43: 79 140 
Route #44: 80 139 
Route #45: 81 96 135 
Route #46: 82 102 
Route #47: 83 117 150 
Route #48: 84 142 
Route #49: 86 125 151 
Route #50: 88 106 144 
Route #51: 90 153 
Route #52: 91 134 158 
Route #53: 92 146 
Route #54: 93 143 168 
Route #55: 94 114 154 
Route #56: 95 127 
Route #57: 98 119 
Route #58: 99 149 
Route #59: 100 141 
Route #60: 108 
Route #61: 109 160 
Route #62: 110 124 
Route #63: 111 152 
Route #64: 113 126 138 
Route #65: 116 178 
Route #66: 118 155 
Route #67: 120 161 
Route #68: 128 173 206 
Route #69: 130 191 
Route #70: 131 172 
Route #71: 137 148 177 202 
Route #72: 156 186 
Route #73: 157 197 
Route #74: 163 185 232 
Route #75: 164 211 219 
Route #76: 165 208 
Route #77: 166 218 
Route #78: 167 184 236 
Route #79: 169 229 
Route #80: 170 217 
Route #81: 171 201 237 
Route #82: 174 223 246 
Route #83: 175 196 213 
Route #84: 176 193 209 230 249 
Route #85: 179 224 233 
Route #86: 180 240 
Route #87: 181 235 
Route #88: 182 239 
Route #89: 183 231 
Route #90: 187 221 
Route #91: 188 200 
Route #92: 189 242 
Route #93: 190 238 
Route #94: 192 210 241 
Route #95: 194 227 
Route #96: 195 216 
Route #97: 198 226 
Route #98: 199 228 
Route #99: 203 222 245 
Route #100: 204 248 
Route #101: 205 220 243 
Route #102: 207 225 247 
Route #103: 212 244 
Route #104: 214 234 250 
Route #105: 215 
Cost 176753.0
########################################################
