Application parameters:
  batch  =>  nothing
  tikz  =>  nothing
  instance  =>  "/IN/csp300_Solomon.txt"
  out  =>  "/OUT/csp300_Solomon.sol"
  nosolve  =>  false
  ub  =>  1.0e7
  sol  =>  nothing
  cfg  =>  "/VRPTW/src/../config/VRPTW_set_1.cfg"
  enable_cap_res  =>  false
[41m solve [00m
~~~~~~~~~~~~~~~~~~~~~~~~~~~~~~~~~~~~~~~~~~~~~~~~~~~~~~~~~~~~~~~~~~~~~~~~~~~~~~
VRPSolver beta v0.3, 17/11/2019. Web: vrpsolver.math.u-bordeaux.fr
Corresponds to the solver by Pessoa, Sadykov, Uchoa and Vanderbeck (2019)
Paper: dx.doi.org/10.1007/978-3-030-17953-3_27
USE THIS CODE ONLY FOR ACADEMIC PURPOSES AT YOUR OWN RISK
~~~~~~~~~~~~~~~~~~~~~~~~~~~~~~~~~~~~~~~~~~~~~~~~~~~~~~~~~~~~~~~~~~~~~~~~~~~~~~
BaPCod v045b, 17/11/2019, © Inria Bordeaux, France (license expires 1/12/2021)
~~~~~~~~~~~~~~~~~~~~~~~~~~~~~~~~~~~~~~~~~~~~~~~~~~~~~~~~~~~~~~~~~~~~~~~~~~~~~~
VRPSolver parameters:
GlobalTimeLimit = 21474836
MaxNbOfBBtreeNodeTreated = 100000
treeSearchStrategy = 1
RCSPstopCutGenTimeThresholdInPricing = 5
RCSPhardTimeThresholdInPricing = 10
RCSPnumberOfBucketsPerVertex = 25
RCSPdynamicBucketSteps = 1
RCSPuseBidirectionalSearch = 1
RCSPapplyReducedCostFixing = 1
RCSPmaxNumOfColsPerIteration = 30
RCSPmaxNumOfColsPerExactIteration = 150
RCSPheurLabelingStrategy = 0
StabilizationMinPhaseOfStage = 0
RCSPmaxNumOfLabelsInEnumeration = 1000000
RCSPmaxNumOfEnumeratedSolutions = 10000000
RCSPmaxNumOfEnumSolutionsForMIP = 10000
RCSPinitNGneighbourhoodSize = 8
RCSPmaxNGneighbourhoodSize = 16
RCSPrankOneCutsMaxNumPerRound = 100
RCSPrankOneCutsMaxNumRows = 7
RCSPrankOneCutsMemoryType = 1
CutTailingOffThreshold = 0.015
CutTailingOffCounterThreshold = 3
SafeDualBoundScaleFactor = -1
StrongBranchingPhaseOneCandidatesNumber = 50
StrongBranchingPhaseOneTreeSizeEstimRatio = 0.1
StrongBranchingPhaseTwoCandidatesNumber = 3
StrongBranchingPhaseTwoTreeSizeEstimRatio = 0.1
MaxTimeForRestrictedMasterIpHeur = -1
DivingHeurUseDepthLimit = -1
MaxLDSbreadth = 0
MaxLDSdepth = 0
New model incumbent solution 1e+07, TIME = 0h0m0s3t = 3
Model is built TIME = 0h0m0s99t = 99
************************************************************************************************
**** BaB tree root node
**** Local DB = -1e+12, global bounds : [ -1e+12 , 1e+07 ], TIME = 0h0m0s99t = 99
**** 1 open nodes, 0 columns (0 active), 0 dyn. constrs. (0 active), 602 art. vars. (602 active)
************************************************************************************************
<DWph=2> <it= 10> <et=1.08> <Mt= 0.00> <Spt= 0.00> <nCl=300> <DB=-29550214902.0541> <Mlp=1491097755.7500> <PB=10000000> 
<DWph=2> <it= 20> <et=1.18> <Mt= 0.03> <Spt= 0.00> <nCl=286> <DB=-15253149304.3149> <Mlp=444169793.5000> <PB=10000000> 
<DWph=2> <it= 30> <et=1.31> <Mt= 0.04> <Spt= 0.00> <nCl=243> <DB=-1488551.9444> <Mlp=225225.8333> <PB=10000000> 
<DWph=2> <it= 40> <et=1.42> <Mt= 0.03> <Spt= 0.00> <nCl=219> <DB=126414.7761> <Mlp=221390.0000> <PB=221390> 
<DWph=2> <it= 50> <et=1.53> <Mt= 0.02> <Spt= 0.00> <nCl=102> <DB=217365.6237> <Mlp=220702.0000> <PB=220702> 
<DWph=2> <it= 52> <et=1.56> <Mt= 0.00> <Spt= 0.00> <nCl=  1> <DB=220700.0000> <Mlp=220700.0000> <PB=220700> 
<DWph=1> <it= 53> <et=1.58> <Mt= 0.00> <Spt= 0.00> <nCl=  0> <DB=220700.0000> <Mlp=220700.0000> <PB=220700> 
<DWph=0> <it= 54> <et=1.60> <Mt= 0.00> <Spt= 0.02> <nCl=  0> <DB=220700.0000> <Mlp=220700.0000> <PB=220700> 
ColGenEvalAlg final dual bound: 220700 (rounded: 220700)
New model incumbent solution 220700, TIME = 0h0m1s61t = 161
************************************************************************************************
Search is finished, global bounds : [ 220700 , 220700 ], TIME = 0h0m1s61t = 161
************************************************************************************************
[32mBaPCod : solution defined.[00m
statistics_cols: instance & :Optimal & cutoff & :bcRecRootDb & :bcTimeRootEval & :bcCountNodeProc & :bcRecBestDb & :bcRecBestInc & :bcTimeMain \\
statistics: csp300_Solomon & 1 & 1.0e7 & 220700.00 & 1.61 & 1 & 220700.00 & 220700 & 1.61 \\
########################################################
Route #1: 1 38 97 110 
Route #2: 2 56 70 
Route #3: 3 24 47 69 
Route #4: 4 
Route #5: 5 54 101 
Route #6: 6 
Route #7: 7 
Route #8: 8 68 
Route #9: 9 30 
Route #10: 10 39 62 85 
Route #11: 11 41 93 
Route #12: 12 29 67 
Route #13: 13 64 
Route #14: 14 28 82 
Route #15: 15 21 60 72 
Route #16: 16 
Route #17: 17 31 80 103 
Route #18: 18 81 
Route #19: 19 
Route #20: 20 63 73 95 
Route #21: 22 40 
Route #22: 23 49 71 
Route #23: 25 
Route #24: 26 55 107 
Route #25: 27 76 
Route #26: 32 
Route #27: 33 48 61 77 106 
Route #28: 34 59 108 
Route #29: 35 
Route #30: 36 84 92 
Route #31: 37 53 91 
Route #32: 42 75 102 
Route #33: 43 
Route #34: 44 66 98 
Route #35: 45 57 78 109 
Route #36: 46 
Route #37: 50 83 130 
Route #38: 51 65 88 114 
Route #39: 52 87 112 
Route #40: 58 74 86 105 
Route #41: 79 121 138 
Route #42: 89 137 171 
Route #43: 90 111 177 
Route #44: 94 120 136 160 
Route #45: 96 146 
Route #46: 99 125 132 141 
Route #47: 100 127 169 
Route #48: 104 139 
Route #49: 113 164 
Route #50: 115 145 
Route #51: 116 167 
Route #52: 117 140 158 
Route #53: 118 183 
Route #54: 119 131 173 
Route #55: 122 163 
Route #56: 123 166 196 
Route #57: 124 134 152 182 
Route #58: 126 162 
Route #59: 128 192 
Route #60: 129 143 161 200 
Route #61: 133 191 
Route #62: 135 193 
Route #63: 142 181 
Route #64: 144 155 185 
Route #65: 147 203 
Route #66: 148 195 
Route #67: 149 197 206 
Route #68: 150 
Route #69: 151 194 
Route #70: 153 187 
Route #71: 154 210 
Route #72: 156 179 207 
Route #73: 157 189 
Route #74: 159 201 
Route #75: 165 211 
Route #76: 168 186 199 
Route #77: 170 
Route #78: 172 216 
Route #79: 174 219 
Route #80: 175 212 
Route #81: 176 205 
Route #82: 178 213 
Route #83: 180 202 
Route #84: 184 220 251 
Route #85: 188 198 
Route #86: 190 215 244 
Route #87: 204 217 262 
Route #88: 208 221 253 
Route #89: 209 249 
Route #90: 214 257 
Route #91: 218 263 276 
Route #92: 222 254 291 
Route #93: 223 245 260 
Route #94: 224 267 293 
Route #95: 225 255 272 
Route #96: 226 259 
Route #97: 227 246 285 
Route #98: 228 264 
Route #99: 229 271 
Route #100: 230 282 
Route #101: 231 283 
Route #102: 232 256 
Route #103: 233 278 
Route #104: 234 261 288 
Route #105: 235 274 
Route #106: 236 279 300 
Route #107: 237 
Route #108: 238 292 
Route #109: 239 
Route #110: 240 281 
Route #111: 241 266 
Route #112: 242 277 
Route #113: 243 
Route #114: 247 290 
Route #115: 248 299 
Route #116: 250 284 
Route #117: 252 
Route #118: 258 289 
Route #119: 265 
Route #120: 268 
Route #121: 269 286 
Route #122: 270 
Route #123: 273 295 
Route #124: 275 
Route #125: 280 
Route #126: 287 
Route #127: 294 
Route #128: 296 
Route #129: 297 
Route #130: 298 
Cost 220700.0
########################################################
