Application parameters:
  batch  =>  nothing
  tikz  =>  "/TIKZ/csp50_Solomon.dot"
  instance  =>  "/IN/csp50_Solomon.txt"
  out  =>  "/OUT/csp50_Solomon.sol"
  nosolve  =>  false
  ub  =>  1.0e7
  sol  =>  nothing
  cfg  =>  "/VRPTW/src/../config/VRPTW_set_1.cfg"
  enable_cap_res  =>  false
[41m solve [00m
~~~~~~~~~~~~~~~~~~~~~~~~~~~~~~~~~~~~~~~~~~~~~~~~~~~~~~~~~~~~~~~~~~~~~~~~~~~~~~
VRPSolver beta v0.3, 17/11/2019. Web: vrpsolver.math.u-bordeaux.fr
Corresponds to the solver by Pessoa, Sadykov, Uchoa and Vanderbeck (2019)
Paper: dx.doi.org/10.1007/978-3-030-17953-3_27
USE THIS CODE ONLY FOR ACADEMIC PURPOSES AT YOUR OWN RISK
~~~~~~~~~~~~~~~~~~~~~~~~~~~~~~~~~~~~~~~~~~~~~~~~~~~~~~~~~~~~~~~~~~~~~~~~~~~~~~
BaPCod v045b, 17/11/2019, © Inria Bordeaux, France (license expires 1/12/2021)
~~~~~~~~~~~~~~~~~~~~~~~~~~~~~~~~~~~~~~~~~~~~~~~~~~~~~~~~~~~~~~~~~~~~~~~~~~~~~~
VRPSolver parameters:
GlobalTimeLimit = 21474836
MaxNbOfBBtreeNodeTreated = 100000
treeSearchStrategy = 1
RCSPstopCutGenTimeThresholdInPricing = 5
RCSPhardTimeThresholdInPricing = 10
RCSPnumberOfBucketsPerVertex = 25
RCSPdynamicBucketSteps = 1
RCSPuseBidirectionalSearch = 1
RCSPapplyReducedCostFixing = 1
RCSPmaxNumOfColsPerIteration = 30
RCSPmaxNumOfColsPerExactIteration = 150
RCSPheurLabelingStrategy = 0
StabilizationMinPhaseOfStage = 0
RCSPmaxNumOfLabelsInEnumeration = 1000000
RCSPmaxNumOfEnumeratedSolutions = 10000000
RCSPmaxNumOfEnumSolutionsForMIP = 10000
RCSPinitNGneighbourhoodSize = 8
RCSPmaxNGneighbourhoodSize = 16
RCSPrankOneCutsMaxNumPerRound = 100
RCSPrankOneCutsMaxNumRows = 7
RCSPrankOneCutsMemoryType = 1
CutTailingOffThreshold = 0.015
CutTailingOffCounterThreshold = 3
SafeDualBoundScaleFactor = -1
StrongBranchingPhaseOneCandidatesNumber = 50
StrongBranchingPhaseOneTreeSizeEstimRatio = 0.1
StrongBranchingPhaseTwoCandidatesNumber = 3
StrongBranchingPhaseTwoTreeSizeEstimRatio = 0.1
MaxTimeForRestrictedMasterIpHeur = -1
DivingHeurUseDepthLimit = -1
MaxLDSbreadth = 0
MaxLDSdepth = 0
New model incumbent solution 1e+07, TIME = 0h0m0s2t = 2
Model is built TIME = 0h0m0s85t = 85
************************************************************************************************
**** BaB tree root node
**** Local DB = -1e+12, global bounds : [ -1e+12 , 1e+07 ], TIME = 0h0m0s85t = 85
**** 1 open nodes, 0 columns (0 active), 0 dyn. constrs. (0 active), 102 art. vars. (102 active)
************************************************************************************************
<DWph=2> <it=  8> <et=0.86> <Mt= 0.00> <Spt= 0.00> <nCl=145> <DB=43639.0000> <Mlp=43639.0000> <PB=43639> 
<DWph=1> <it=  9> <et=0.86> <Mt= 0.00> <Spt= 0.00> <nCl=  0> <DB=43639.0000> <Mlp=43639.0000> <PB=43639> 
<DWph=0> <it= 10> <et=0.87> <Mt= 0.00> <Spt= 0.00> <nCl=  0> <DB=43639.0000> <Mlp=43639.0000> <PB=43639> 
ColGenEvalAlg final dual bound: 43639 (rounded: 43639)
New model incumbent solution 43639, TIME = 0h0m0s87t = 87
************************************************************************************************
Search is finished, global bounds : [ 43639 , 43639 ], TIME = 0h0m0s87t = 87
************************************************************************************************
[32mBaPCod : solution defined.[00m
statistics_cols: instance & :Optimal & cutoff & :bcRecRootDb & :bcTimeRootEval & :bcCountNodeProc & :bcRecBestDb & :bcRecBestInc & :bcTimeMain \\
statistics: csp50_Solomon & 1 & 1.0e7 & 43639.00 & 0.87 & 1 & 43639.00 & 43639 & 0.87 \\
########################################################
Route #1: 1 10 
Route #2: 2 13 
Route #3: 3 
Route #4: 4 
Route #5: 5 19 
Route #6: 6 15 
Route #7: 7 20 
Route #8: 8 17 
Route #9: 9 16 23 
Route #10: 11 22 
Route #11: 12 27 
Route #12: 14 24 
Route #13: 18 25 31 
Route #14: 21 32 35 
Route #15: 26 33 
Route #16: 28 
Route #17: 29 34 
Route #18: 30 36 
Route #19: 37 44 
Route #20: 38 42 
Route #21: 39 41 
Route #22: 40 46 
Route #23: 43 
Route #24: 45 
Route #25: 47 50 
Route #26: 48 
Route #27: 49 
Cost 43639.0
########################################################
