Application parameters:
  batch  =>  nothing
  tikz  =>  "/TIKZ/csp150_Solomon.dot"
  instance  =>  "/IN/csp150_Solomon.txt"
  out  =>  "/OUT/csp150_Solomon.sol"
  nosolve  =>  false
  ub  =>  1.0e7
  sol  =>  nothing
  cfg  =>  "/VRPTW/src/../config/VRPTW_set_1.cfg"
  enable_cap_res  =>  false
Min x[(0, 1)] + x[(0, 2)] + x[(0, 3)] + x[(0, 4)] + x[(0, 5)] + x[(0, 6)] + x[(0, 7)] + x[(0, 8)] + x[(0, 9)] + x[(0, 10)] + x[(0, 11)] + x[(0, 12)] + x[(0, 13)] + x[(0, 14)] + x[(0, 15)] + x[(0, 16)] + x[(0, 17)] + x[(0, 18)] + x[(0, 19)] + x[(0, 20)] + x[(0, 21)] + x[(0, 22)] + x[(0, 23)] + x[(0, 24)] + x[(0, 25)] + x[(0, 26)] + x[(0, 27)] + x[(0, 28)] + x[(0, 29)] + x[(0, 30)] + x[(0, 31)] + x[(0, 32)] + x[(0, 33)] + x[(0, 34)] + x[(0, 35)] + x[(0, 36)] + x[(0, 37)] + x[(0, 38)] + x[(0, 39)] + x[(0, 40)] + x[(0, 41)] + x[(0, 42)] + x[(0, 43)] + x[(0, 44)] + x[(0, 45)] + x[(0, 46)] + x[(0, 47)] + x[(0, 48)] + x[(0, 49)] + x[(0, 50)] + x[(0, 51)] + x[(0, 52)] + x[(0, 53)] + x[(0, 54)] + x[(0, 55)] + x[(0, 56)] + x[(0, 57)] + x[(0, 58)] + x[(0, 59)] + x[(0, 60)] + x[(0, 61)] + x[(0, 62)] + x[(0, 63)] + x[(0, 64)] + x[(0, 65)] + x[(0, 66)] + x[(0, 67)] + x[(0, 68)] + x[(0, 69)] + x[(0, 70)] + x[(0, 71)] + x[(0, 72)] + x[(0, 73)] + x[(0, 74)] + x[(0, 75)] + x[(0, 76)] + x[(0, 77)] + x[(0, 78)] + x[(0, 79)] + x[(0, 80)] + x[(0, 81)] + x[(0, 82)] + x[(0, 83)] + x[(0, 84)] + x[(0, 85)] + x[(0, 86)] + x[(0, 87)] + x[(0, 88)] + x[(0, 89)] + x[(0, 90)] + x[(0, 91)] + x[(0, 92)] + x[(0, 93)] + x[(0, 94)] + x[(0, 95)] + x[(0, 96)] + x[(0, 97)] + x[(0, 98)] + x[(0, 99)] + x[(0, 100)] + x[(0, 101)] + x[(0, 102)] + x[(0, 103)] + x[(0, 104)] + x[(0, 105)] + x[(0, 106)] + x[(0, 107)] + x[(0, 108)] + x[(0, 109)] + x[(0, 110)] + x[(0, 111)] + x[(0, 112)] + x[(0, 113)] + x[(0, 114)] + x[(0, 115)] + x[(0, 116)] + x[(0, 117)] + x[(0, 118)] + x[(0, 119)] + x[(0, 120)] + x[(0, 121)] + x[(0, 122)] + x[(0, 123)] + x[(0, 124)] + x[(0, 125)] + x[(0, 126)] + x[(0, 127)] + x[(0, 128)] + x[(0, 129)] + x[(0, 130)] + x[(0, 131)] + x[(0, 132)] + x[(0, 133)] + x[(0, 134)] + x[(0, 135)] + x[(0, 136)] + x[(0, 137)] + x[(0, 138)] + x[(0, 139)] + x[(0, 140)] + x[(0, 141)] + x[(0, 142)] + x[(0, 143)] + x[(0, 144)] + x[(0, 145)] + x[(0, 146)] + x[(0, 147)] + x[(0, 148)] + x[(0, 149)] + x[(0, 150)]
Subject to
 x[(0, 1)] = 1
 x[(0, 2)] = 1
 x[(0, 3)] = 1
 x[(0, 4)] = 1
 x[(0, 5)] = 1
 x[(0, 6)] = 1
 x[(0, 7)] = 1
 x[(0, 8)] = 1
 x[(0, 9)] = 1
 x[(0, 10)] = 1
 x[(0, 11)] = 1
 x[(0, 12)] + x[(1, 12)] = 1
 x[(0, 13)] = 1
 x[(0, 14)] = 1
 x[(0, 15)] = 1
 x[(0, 16)] = 1
 x[(0, 17)] = 1
 x[(0, 18)] = 1
 x[(0, 19)] = 1
 x[(0, 20)] = 1
 x[(0, 21)] = 1
 x[(0, 22)] + x[(1, 22)] + x[(13, 22)] = 1
 x[(0, 23)] + x[(1, 23)] + x[(3, 23)] = 1
 x[(0, 24)] = 1
 x[(0, 25)] + x[(7, 25)] + x[(11, 25)] + x[(12, 25)] = 1
 x[(0, 26)] + x[(1, 26)] + x[(6, 26)] + x[(7, 26)] + x[(10, 26)] + x[(14, 26)] + x[(17, 26)] = 1
 x[(0, 27)] + x[(3, 27)] + x[(6, 27)] + x[(7, 27)] + x[(8, 27)] + x[(13, 27)] = 1
 x[(0, 28)] + x[(4, 28)] + x[(10, 28)] + x[(11, 28)] + x[(13, 28)] + x[(17, 28)] = 1
 x[(0, 29)] + x[(1, 29)] + x[(3, 29)] + x[(6, 29)] + x[(7, 29)] + x[(8, 29)] + x[(10, 29)] + x[(11, 29)] + x[(12, 29)] + x[(13, 29)] + x[(14, 29)] = 1
 x[(0, 30)] + x[(1, 30)] + x[(3, 30)] + x[(4, 30)] + x[(7, 30)] + x[(9, 30)] + x[(10, 30)] + x[(13, 30)] + x[(14, 30)] + x[(18, 30)] = 1
 x[(0, 31)] + x[(1, 31)] + x[(2, 31)] + x[(3, 31)] + x[(4, 31)] + x[(6, 31)] + x[(7, 31)] + x[(10, 31)] + x[(11, 31)] + x[(13, 31)] + x[(14, 31)] = 1
 x[(0, 32)] + x[(1, 32)] + x[(2, 32)] + x[(3, 32)] + x[(5, 32)] + x[(7, 32)] + x[(9, 32)] + x[(10, 32)] + x[(12, 32)] + x[(13, 32)] + x[(14, 32)] + x[(15, 32)] + x[(18, 32)] = 1
 x[(0, 33)] + x[(7, 33)] + x[(8, 33)] + x[(9, 33)] + x[(10, 33)] + x[(12, 33)] + x[(13, 33)] + x[(18, 33)] = 1
 x[(0, 34)] + x[(3, 34)] + x[(6, 34)] + x[(7, 34)] + x[(8, 34)] + x[(9, 34)] + x[(10, 34)] + x[(11, 34)] + x[(12, 34)] + x[(13, 34)] + x[(14, 34)] + x[(16, 34)] + x[(20, 34)] + x[(25, 34)] = 1
 x[(0, 35)] + x[(1, 35)] + x[(2, 35)] + x[(3, 35)] + x[(7, 35)] + x[(8, 35)] + x[(9, 35)] + x[(10, 35)] + x[(11, 35)] + x[(13, 35)] + x[(14, 35)] + x[(15, 35)] + x[(17, 35)] + x[(25, 35)] = 1
 x[(0, 36)] + x[(1, 36)] + x[(2, 36)] + x[(3, 36)] + x[(4, 36)] + x[(5, 36)] + x[(6, 36)] + x[(7, 36)] + x[(9, 36)] + x[(10, 36)] + x[(11, 36)] + x[(12, 36)] + x[(13, 36)] + x[(14, 36)] + x[(16, 36)] + x[(17, 36)] + x[(18, 36)] + x[(20, 36)] + x[(25, 36)] = 1
 x[(0, 37)] + x[(1, 37)] + x[(2, 37)] + x[(3, 37)] + x[(7, 37)] + x[(10, 37)] + x[(11, 37)] + x[(12, 37)] + x[(13, 37)] + x[(14, 37)] + x[(15, 37)] + x[(17, 37)] + x[(22, 37)] + x[(23, 37)] + x[(25, 37)] = 1
 x[(0, 38)] + x[(6, 38)] + x[(7, 38)] + x[(9, 38)] + x[(10, 38)] + x[(11, 38)] + x[(12, 38)] + x[(13, 38)] + x[(14, 38)] + x[(15, 38)] + x[(17, 38)] + x[(18, 38)] + x[(19, 38)] + x[(22, 38)] = 1
 x[(0, 39)] + x[(3, 39)] + x[(4, 39)] + x[(5, 39)] + x[(6, 39)] + x[(7, 39)] + x[(8, 39)] + x[(9, 39)] + x[(10, 39)] + x[(11, 39)] + x[(12, 39)] + x[(13, 39)] + x[(14, 39)] + x[(15, 39)] + x[(17, 39)] + x[(20, 39)] + x[(21, 39)] + x[(25, 39)] = 1
 x[(0, 40)] + x[(15, 40)] + x[(17, 40)] + x[(18, 40)] + x[(20, 40)] + x[(22, 40)] + x[(25, 40)] = 1
 x[(0, 41)] + x[(1, 41)] + x[(2, 41)] + x[(3, 41)] + x[(4, 41)] + x[(5, 41)] + x[(6, 41)] + x[(7, 41)] + x[(8, 41)] + x[(9, 41)] + x[(10, 41)] + x[(11, 41)] + x[(12, 41)] + x[(13, 41)] + x[(14, 41)] + x[(15, 41)] + x[(16, 41)] + x[(17, 41)] + x[(18, 41)] + x[(24, 41)] + x[(25, 41)] = 1
 x[(0, 42)] + x[(24, 42)] = 1
 x[(0, 43)] + x[(1, 43)] + x[(2, 43)] + x[(3, 43)] + x[(4, 43)] + x[(5, 43)] + x[(6, 43)] + x[(7, 43)] + x[(9, 43)] + x[(10, 43)] + x[(11, 43)] + x[(12, 43)] + x[(13, 43)] + x[(14, 43)] + x[(15, 43)] + x[(16, 43)] + x[(17, 43)] + x[(18, 43)] + x[(20, 43)] + x[(22, 43)] + x[(25, 43)] = 1
 x[(0, 44)] + x[(7, 44)] + x[(9, 44)] + x[(10, 44)] + x[(11, 44)] + x[(12, 44)] + x[(13, 44)] + x[(14, 44)] + x[(17, 44)] + x[(19, 44)] + x[(24, 44)] + x[(25, 44)] + x[(32, 44)] = 1
 x[(0, 45)] + x[(12, 45)] + x[(13, 45)] + x[(14, 45)] + x[(15, 45)] + x[(17, 45)] + x[(18, 45)] + x[(21, 45)] + x[(22, 45)] + x[(24, 45)] + x[(25, 45)] = 1
 x[(0, 46)] + x[(21, 46)] + x[(22, 46)] + x[(23, 46)] + x[(24, 46)] + x[(25, 46)] + x[(30, 46)] + x[(35, 46)] = 1
 x[(0, 47)] + x[(22, 47)] + x[(23, 47)] + x[(25, 47)] + x[(31, 47)] + x[(32, 47)] + x[(35, 47)] + x[(36, 47)] = 1
 x[(0, 48)] + x[(3, 48)] + x[(4, 48)] + x[(5, 48)] + x[(6, 48)] + x[(7, 48)] + x[(8, 48)] + x[(9, 48)] + x[(10, 48)] + x[(11, 48)] + x[(12, 48)] + x[(13, 48)] + x[(14, 48)] + x[(15, 48)] + x[(16, 48)] + x[(17, 48)] + x[(18, 48)] + x[(19, 48)] + x[(21, 48)] + x[(22, 48)] + x[(24, 48)] + x[(25, 48)] + x[(35, 48)] = 1
 x[(0, 49)] + x[(3, 49)] + x[(4, 49)] + x[(5, 49)] + x[(6, 49)] + x[(7, 49)] + x[(8, 49)] + x[(9, 49)] + x[(10, 49)] + x[(11, 49)] + x[(12, 49)] + x[(13, 49)] + x[(14, 49)] + x[(15, 49)] + x[(16, 49)] + x[(17, 49)] + x[(18, 49)] + x[(19, 49)] + x[(20, 49)] + x[(22, 49)] + x[(24, 49)] + x[(25, 49)] + x[(27, 49)] + x[(29, 49)] + x[(36, 49)] + x[(43, 49)] = 1
 x[(0, 50)] + x[(25, 50)] + x[(30, 50)] + x[(32, 50)] + x[(43, 50)] = 1
 x[(0, 51)] + x[(25, 51)] + x[(31, 51)] + x[(32, 51)] + x[(35, 51)] = 1
 x[(0, 52)] + x[(30, 52)] + x[(35, 52)] + x[(41, 52)] + x[(43, 52)] + x[(49, 52)] = 1
 x[(0, 53)] + x[(21, 53)] + x[(22, 53)] + x[(23, 53)] + x[(24, 53)] + x[(25, 53)] + x[(27, 53)] + x[(30, 53)] + x[(31, 53)] + x[(32, 53)] + x[(35, 53)] = 1
 x[(0, 54)] + x[(14, 54)] + x[(15, 54)] + x[(16, 54)] + x[(17, 54)] + x[(18, 54)] + x[(19, 54)] + x[(20, 54)] + x[(21, 54)] + x[(22, 54)] + x[(23, 54)] + x[(24, 54)] + x[(25, 54)] + x[(26, 54)] + x[(30, 54)] + x[(32, 54)] + x[(34, 54)] + x[(35, 54)] + x[(41, 54)] + x[(43, 54)] = 1
 x[(0, 55)] + x[(24, 55)] + x[(25, 55)] + x[(28, 55)] + x[(29, 55)] + x[(30, 55)] + x[(31, 55)] + x[(32, 55)] + x[(35, 55)] = 1
 x[(0, 56)] + x[(16, 56)] + x[(17, 56)] + x[(18, 56)] + x[(19, 56)] + x[(20, 56)] + x[(21, 56)] + x[(22, 56)] + x[(23, 56)] + x[(24, 56)] + x[(25, 56)] + x[(26, 56)] + x[(30, 56)] + x[(32, 56)] + x[(33, 56)] + x[(35, 56)] + x[(41, 56)] + x[(43, 56)] + x[(49, 56)] = 1
 x[(0, 57)] + x[(28, 57)] + x[(31, 57)] + x[(37, 57)] + x[(39, 57)] + x[(44, 57)] = 1
 x[(0, 58)] + x[(25, 58)] + x[(27, 58)] + x[(28, 58)] + x[(29, 58)] + x[(30, 58)] + x[(31, 58)] + x[(32, 58)] + x[(35, 58)] + x[(43, 58)] = 1
 x[(0, 59)] + x[(35, 59)] + x[(36, 59)] = 1
 x[(0, 60)] + x[(21, 60)] + x[(22, 60)] + x[(23, 60)] + x[(24, 60)] + x[(25, 60)] + x[(27, 60)] + x[(29, 60)] + x[(30, 60)] + x[(34, 60)] + x[(35, 60)] + x[(38, 60)] + x[(41, 60)] + x[(49, 60)] = 1
 x[(0, 61)] + x[(35, 61)] + x[(36, 61)] + x[(37, 61)] + x[(43, 61)] + x[(45, 61)] + x[(48, 61)] + x[(49, 61)] = 1
 x[(0, 62)] + x[(29, 62)] + x[(30, 62)] + x[(31, 62)] + x[(32, 62)] + x[(35, 62)] + x[(37, 62)] + x[(43, 62)] + x[(44, 62)] + x[(48, 62)] + x[(49, 62)] = 1
 x[(0, 63)] + x[(23, 63)] + x[(24, 63)] + x[(25, 63)] + x[(28, 63)] + x[(30, 63)] + x[(31, 63)] + x[(32, 63)] + x[(35, 63)] + x[(36, 63)] + x[(39, 63)] + x[(41, 63)] = 1
 x[(0, 64)] + x[(40, 64)] + x[(43, 64)] + x[(54, 64)] + x[(56, 64)] = 1
 x[(0, 65)] + x[(38, 65)] + x[(43, 65)] + x[(44, 65)] + x[(49, 65)] + x[(54, 65)] = 1
 x[(0, 66)] + x[(41, 66)] + x[(44, 66)] + x[(49, 66)] + x[(53, 66)] + x[(56, 66)] = 1
 x[(0, 67)] + x[(32, 67)] + x[(33, 67)] + x[(34, 67)] + x[(35, 67)] + x[(36, 67)] + x[(37, 67)] + x[(39, 67)] + x[(40, 67)] + x[(43, 67)] + x[(47, 67)] + x[(48, 67)] + x[(56, 67)] + x[(60, 67)] = 1
 x[(0, 68)] + x[(27, 68)] + x[(30, 68)] + x[(31, 68)] + x[(32, 68)] + x[(33, 68)] + x[(34, 68)] + x[(35, 68)] + x[(36, 68)] + x[(38, 68)] + x[(39, 68)] + x[(40, 68)] + x[(41, 68)] + x[(43, 68)] + x[(46, 68)] = 1
 x[(0, 69)] + x[(29, 69)] + x[(30, 69)] + x[(31, 69)] + x[(32, 69)] + x[(33, 69)] + x[(34, 69)] + x[(35, 69)] + x[(36, 69)] + x[(37, 69)] + x[(41, 69)] + x[(43, 69)] + x[(45, 69)] + x[(48, 69)] + x[(49, 69)] + x[(53, 69)] + x[(54, 69)] = 1
 x[(0, 70)] + x[(47, 70)] + x[(48, 70)] + x[(49, 70)] + x[(60, 70)] = 1
 x[(0, 71)] + x[(46, 71)] + x[(49, 71)] + x[(53, 71)] = 1
 x[(0, 72)] + x[(29, 72)] + x[(30, 72)] + x[(31, 72)] + x[(32, 72)] + x[(34, 72)] + x[(35, 72)] + x[(36, 72)] + x[(41, 72)] + x[(42, 72)] + x[(43, 72)] + x[(45, 72)] + x[(49, 72)] + x[(56, 72)] = 1
 x[(0, 73)] + x[(28, 73)] + x[(29, 73)] + x[(30, 73)] + x[(31, 73)] + x[(32, 73)] + x[(33, 73)] + x[(34, 73)] + x[(35, 73)] + x[(36, 73)] + x[(37, 73)] + x[(38, 73)] + x[(39, 73)] + x[(41, 73)] + x[(42, 73)] + x[(44, 73)] + x[(46, 73)] + x[(47, 73)] + x[(48, 73)] + x[(55, 73)] + x[(56, 73)] + x[(60, 73)] = 1
 x[(0, 74)] + x[(49, 74)] + x[(55, 74)] + x[(60, 74)] = 1
 x[(0, 75)] + x[(36, 75)] + x[(37, 75)] + x[(38, 75)] + x[(39, 75)] + x[(40, 75)] + x[(41, 75)] + x[(43, 75)] + x[(44, 75)] + x[(46, 75)] + x[(48, 75)] + x[(51, 75)] + x[(56, 75)] = 1
 x[(0, 76)] + x[(49, 76)] + x[(50, 76)] + x[(55, 76)] + x[(56, 76)] + x[(63, 76)] + x[(68, 76)] = 1
 x[(0, 77)] + x[(32, 77)] + x[(33, 77)] + x[(34, 77)] + x[(35, 77)] + x[(36, 77)] + x[(37, 77)] + x[(38, 77)] + x[(41, 77)] + x[(43, 77)] + x[(44, 77)] + x[(46, 77)] + x[(47, 77)] + x[(48, 77)] + x[(49, 77)] + x[(51, 77)] + x[(53, 77)] = 1
 x[(0, 78)] + x[(43, 78)] + x[(44, 78)] + x[(45, 78)] + x[(48, 78)] + x[(55, 78)] + x[(56, 78)] + x[(58, 78)] = 1
 x[(0, 79)] + x[(34, 79)] + x[(35, 79)] + x[(36, 79)] + x[(37, 79)] + x[(38, 79)] + x[(39, 79)] + x[(40, 79)] + x[(41, 79)] + x[(42, 79)] + x[(43, 79)] + x[(44, 79)] + x[(45, 79)] + x[(47, 79)] + x[(49, 79)] + x[(53, 79)] + x[(54, 79)] + x[(56, 79)] + x[(58, 79)] + x[(62, 79)] = 1
 x[(0, 80)] + x[(46, 80)] + x[(48, 80)] + x[(49, 80)] + x[(50, 80)] + x[(53, 80)] + x[(54, 80)] + x[(55, 80)] + x[(56, 80)] + x[(68, 80)] = 1
 x[(0, 81)] + x[(48, 81)] + x[(49, 81)] + x[(53, 81)] + x[(54, 81)] + x[(60, 81)] + x[(73, 81)] = 1
 x[(0, 82)] + x[(48, 82)] + x[(49, 82)] + x[(52, 82)] + x[(54, 82)] + x[(56, 82)] + x[(73, 82)] = 1
 x[(0, 83)] + x[(36, 83)] + x[(37, 83)] + x[(38, 83)] + x[(39, 83)] + x[(40, 83)] + x[(41, 83)] + x[(43, 83)] + x[(44, 83)] + x[(45, 83)] + x[(46, 83)] + x[(47, 83)] + x[(48, 83)] + x[(49, 83)] + x[(51, 83)] + x[(53, 83)] + x[(54, 83)] + x[(56, 83)] + x[(58, 83)] + x[(60, 83)] + x[(63, 83)] = 1
 x[(0, 84)] + x[(47, 84)] + x[(48, 84)] + x[(49, 84)] + x[(50, 84)] + x[(51, 84)] + x[(54, 84)] + x[(55, 84)] + x[(56, 84)] + x[(57, 84)] + x[(58, 84)] + x[(60, 84)] + x[(63, 84)] = 1
 x[(0, 85)] + x[(45, 85)] + x[(47, 85)] + x[(48, 85)] + x[(49, 85)] + x[(50, 85)] + x[(51, 85)] + x[(54, 85)] + x[(56, 85)] + x[(57, 85)] + x[(58, 85)] + x[(60, 85)] + x[(63, 85)] + x[(73, 85)] = 1
 x[(0, 86)] + x[(54, 86)] + x[(56, 86)] + x[(57, 86)] = 1
 x[(0, 87)] + x[(60, 87)] + x[(62, 87)] + x[(63, 87)] + x[(67, 87)] = 1
 x[(0, 88)] + x[(53, 88)] + x[(54, 88)] + x[(55, 88)] + x[(56, 88)] + x[(58, 88)] + x[(61, 88)] + x[(62, 88)] + x[(63, 88)] + x[(67, 88)] + x[(77, 88)] = 1
 x[(0, 89)] + x[(37, 89)] + x[(38, 89)] + x[(39, 89)] + x[(40, 89)] + x[(41, 89)] + x[(42, 89)] + x[(43, 89)] + x[(44, 89)] + x[(45, 89)] + x[(46, 89)] + x[(47, 89)] + x[(48, 89)] + x[(49, 89)] + x[(50, 89)] + x[(53, 89)] + x[(54, 89)] + x[(56, 89)] + x[(57, 89)] + x[(58, 89)] + x[(60, 89)] + x[(63, 89)] + x[(73, 89)] + x[(77, 89)] = 1
 x[(0, 90)] + x[(54, 90)] + x[(55, 90)] + x[(56, 90)] + x[(58, 90)] + x[(60, 90)] + x[(63, 90)] + x[(67, 90)] + x[(73, 90)] = 1
 x[(0, 91)] + x[(60, 91)] + x[(62, 91)] + x[(63, 91)] + x[(68, 91)] + x[(73, 91)] + x[(79, 91)] = 1
 x[(0, 92)] + x[(60, 92)] + x[(62, 92)] + x[(68, 92)] + x[(69, 92)] + x[(72, 92)] + x[(73, 92)] = 1
 x[(0, 93)] + x[(59, 93)] + x[(60, 93)] + x[(64, 93)] + x[(68, 93)] + x[(72, 93)] + x[(83, 93)] = 1
 x[(0, 94)] + x[(50, 94)] + x[(52, 94)] + x[(53, 94)] + x[(54, 94)] + x[(56, 94)] + x[(60, 94)] + x[(62, 94)] + x[(63, 94)] + x[(68, 94)] + x[(69, 94)] + x[(72, 94)] + x[(73, 94)] + x[(77, 94)] + x[(79, 94)] = 1
 x[(0, 95)] + x[(45, 95)] + x[(46, 95)] + x[(47, 95)] + x[(48, 95)] + x[(49, 95)] + x[(50, 95)] + x[(53, 95)] + x[(54, 95)] + x[(55, 95)] + x[(56, 95)] + x[(57, 95)] + x[(58, 95)] + x[(60, 95)] + x[(61, 95)] + x[(62, 95)] + x[(63, 95)] + x[(68, 95)] + x[(72, 95)] + x[(77, 95)] = 1
 x[(0, 96)] + x[(49, 96)] + x[(50, 96)] + x[(51, 96)] + x[(53, 96)] + x[(54, 96)] + x[(55, 96)] + x[(56, 96)] + x[(57, 96)] + x[(58, 96)] + x[(60, 96)] + x[(63, 96)] + x[(65, 96)] + x[(68, 96)] + x[(69, 96)] + x[(72, 96)] + x[(73, 96)] + x[(83, 96)] = 1
 x[(0, 97)] + x[(50, 97)] + x[(51, 97)] + x[(52, 97)] + x[(53, 97)] + x[(54, 97)] + x[(55, 97)] + x[(56, 97)] + x[(57, 97)] + x[(58, 97)] + x[(59, 97)] + x[(60, 97)] + x[(61, 97)] + x[(62, 97)] + x[(63, 97)] + x[(64, 97)] + x[(65, 97)] + x[(66, 97)] + x[(67, 97)] + x[(68, 97)] + x[(69, 97)] + x[(72, 97)] + x[(73, 97)] + x[(79, 97)] + x[(83, 97)] + x[(89, 97)] + x[(95, 97)] = 1
 x[(0, 98)] + x[(63, 98)] + x[(64, 98)] + x[(65, 98)] + x[(67, 98)] + x[(68, 98)] + x[(69, 98)] + x[(72, 98)] + x[(73, 98)] + x[(77, 98)] + x[(79, 98)] + x[(89, 98)] = 1
 x[(0, 99)] + x[(54, 99)] + x[(55, 99)] + x[(56, 99)] + x[(57, 99)] + x[(58, 99)] + x[(59, 99)] + x[(60, 99)] + x[(61, 99)] + x[(63, 99)] + x[(64, 99)] + x[(65, 99)] + x[(67, 99)] + x[(72, 99)] + x[(73, 99)] + x[(79, 99)] = 1
 x[(0, 100)] + x[(67, 100)] + x[(68, 100)] + x[(69, 100)] + x[(72, 100)] + x[(73, 100)] + x[(78, 100)] + x[(79, 100)] + x[(83, 100)] + x[(89, 100)] = 1
 x[(0, 101)] + x[(68, 101)] + x[(69, 101)] + x[(72, 101)] + x[(73, 101)] + x[(75, 101)] + x[(77, 101)] + x[(79, 101)] + x[(83, 101)] + x[(89, 101)] = 1
 x[(0, 102)] + x[(67, 102)] + x[(68, 102)] + x[(69, 102)] + x[(72, 102)] + x[(73, 102)] + x[(77, 102)] + x[(80, 102)] + x[(83, 102)] + x[(85, 102)] + x[(89, 102)] = 1
 x[(0, 103)] + x[(66, 103)] + x[(67, 103)] + x[(68, 103)] + x[(69, 103)] + x[(70, 103)] + x[(71, 103)] + x[(72, 103)] + x[(73, 103)] + x[(75, 103)] + x[(77, 103)] + x[(83, 103)] + x[(89, 103)] = 1
 x[(0, 104)] + x[(63, 104)] + x[(64, 104)] + x[(65, 104)] + x[(66, 104)] + x[(67, 104)] + x[(68, 104)] + x[(69, 104)] + x[(70, 104)] + x[(71, 104)] + x[(72, 104)] + x[(73, 104)] + x[(75, 104)] + x[(77, 104)] + x[(79, 104)] + x[(80, 104)] + x[(83, 104)] + x[(88, 104)] + x[(89, 104)] + x[(95, 104)] = 1
 x[(0, 105)] + x[(76, 105)] + x[(77, 105)] + x[(78, 105)] + x[(79, 105)] + x[(81, 105)] + x[(82, 105)] + x[(83, 105)] + x[(84, 105)] + x[(88, 105)] + x[(89, 105)] + x[(94, 105)] = 1
 x[(0, 106)] + x[(75, 106)] + x[(77, 106)] + x[(78, 106)] + x[(79, 106)] + x[(80, 106)] + x[(83, 106)] + x[(84, 106)] + x[(85, 106)] + x[(86, 106)] + x[(89, 106)] + x[(94, 106)] + x[(95, 106)] + x[(97, 106)] = 1
 x[(0, 107)] + x[(84, 107)] + x[(85, 107)] + x[(89, 107)] + x[(95, 107)] = 1
 x[(0, 108)] + x[(63, 108)] + x[(64, 108)] + x[(65, 108)] + x[(66, 108)] + x[(67, 108)] + x[(68, 108)] + x[(69, 108)] + x[(70, 108)] + x[(71, 108)] + x[(72, 108)] + x[(73, 108)] + x[(77, 108)] + x[(78, 108)] + x[(79, 108)] + x[(80, 108)] + x[(83, 108)] + x[(85, 108)] + x[(88, 108)] + x[(90, 108)] = 1
 x[(0, 109)] + x[(77, 109)] + x[(79, 109)] + x[(80, 109)] + x[(81, 109)] + x[(82, 109)] + x[(83, 109)] + x[(85, 109)] + x[(97, 109)] = 1
 x[(0, 110)] + x[(67, 110)] + x[(68, 110)] + x[(69, 110)] + x[(71, 110)] + x[(72, 110)] + x[(73, 110)] + x[(75, 110)] + x[(77, 110)] + x[(79, 110)] + x[(81, 110)] + x[(82, 110)] + x[(83, 110)] + x[(84, 110)] + x[(88, 110)] + x[(95, 110)] + x[(96, 110)] = 1
 x[(0, 111)] + x[(75, 111)] + x[(77, 111)] + x[(79, 111)] + x[(81, 111)] + x[(83, 111)] + x[(84, 111)] + x[(89, 111)] + x[(93, 111)] + x[(95, 111)] + x[(96, 111)] + x[(97, 111)] = 1
 x[(0, 112)] + x[(85, 112)] + x[(89, 112)] + x[(92, 112)] + x[(94, 112)] + x[(96, 112)] = 1
 x[(0, 113)] + x[(88, 113)] + x[(89, 113)] + x[(90, 113)] + x[(91, 113)] + x[(92, 113)] + x[(93, 113)] + x[(95, 113)] = 1
 x[(0, 114)] + x[(82, 114)] + x[(83, 114)] + x[(85, 114)] + x[(86, 114)] + x[(89, 114)] + x[(91, 114)] + x[(94, 114)] + x[(95, 114)] + x[(96, 114)] + x[(97, 114)] = 1
 x[(0, 115)] + x[(94, 115)] + x[(95, 115)] + x[(96, 115)] + x[(99, 115)] = 1
 x[(0, 116)] + x[(76, 116)] + x[(77, 116)] + x[(78, 116)] + x[(79, 116)] + x[(80, 116)] + x[(81, 116)] + x[(83, 116)] + x[(84, 116)] + x[(85, 116)] + x[(86, 116)] + x[(87, 116)] + x[(88, 116)] + x[(89, 116)] + x[(91, 116)] + x[(94, 116)] + x[(95, 116)] + x[(96, 116)] + x[(97, 116)] + x[(98, 116)] + x[(99, 116)] + x[(104, 116)] + x[(108, 116)] = 1
 x[(0, 117)] + x[(92, 117)] + x[(93, 117)] + x[(94, 117)] + x[(95, 117)] + x[(96, 117)] + x[(97, 117)] = 1
 x[(0, 118)] + x[(91, 118)] + x[(92, 118)] + x[(93, 118)] + x[(94, 118)] + x[(95, 118)] + x[(97, 118)] + x[(104, 118)] = 1
 x[(0, 119)] + x[(75, 119)] + x[(76, 119)] + x[(77, 119)] + x[(78, 119)] + x[(79, 119)] + x[(80, 119)] + x[(81, 119)] + x[(82, 119)] + x[(83, 119)] + x[(84, 119)] + x[(85, 119)] + x[(86, 119)] + x[(87, 119)] + x[(89, 119)] + x[(94, 119)] + x[(95, 119)] + x[(96, 119)] + x[(99, 119)] + x[(102, 119)] = 1
 x[(0, 120)] + x[(95, 120)] + x[(96, 120)] + x[(97, 120)] + x[(100, 120)] + x[(108, 120)] = 1
 x[(0, 121)] + x[(90, 121)] + x[(92, 121)] + x[(95, 121)] + x[(96, 121)] + x[(99, 121)] + x[(104, 121)] + x[(108, 121)] = 1
 x[(0, 122)] + x[(81, 122)] + x[(82, 122)] + x[(83, 122)] + x[(84, 122)] + x[(85, 122)] + x[(89, 122)] + x[(94, 122)] + x[(95, 122)] + x[(96, 122)] + x[(97, 122)] + x[(99, 122)] + x[(100, 122)] + x[(102, 122)] + x[(103, 122)] = 1
 x[(0, 123)] + x[(92, 123)] + x[(94, 123)] + x[(95, 123)] + x[(97, 123)] + x[(99, 123)] + x[(102, 123)] + x[(104, 123)] = 1
 x[(0, 124)] + x[(87, 124)] + x[(88, 124)] + x[(89, 124)] + x[(90, 124)] + x[(91, 124)] + x[(94, 124)] + x[(95, 124)] + x[(96, 124)] + x[(101, 124)] + x[(103, 124)] = 1
 x[(0, 125)] + x[(91, 125)] + x[(92, 125)] + x[(93, 125)] + x[(94, 125)] + x[(95, 125)] + x[(99, 125)] + x[(104, 125)] + x[(108, 125)] = 1
 x[(0, 126)] + x[(99, 126)] + x[(102, 126)] + x[(108, 126)] = 1
 x[(0, 127)] + x[(82, 127)] + x[(83, 127)] + x[(84, 127)] + x[(85, 127)] + x[(86, 127)] + x[(87, 127)] + x[(88, 127)] + x[(89, 127)] + x[(90, 127)] + x[(92, 127)] + x[(93, 127)] + x[(94, 127)] + x[(95, 127)] + x[(96, 127)] + x[(97, 127)] + x[(99, 127)] + x[(104, 127)] + x[(108, 127)] + x[(110, 127)] = 1
 x[(0, 128)] + x[(93, 128)] + x[(94, 128)] + x[(95, 128)] + x[(96, 128)] + x[(97, 128)] + x[(98, 128)] + x[(99, 128)] + x[(103, 128)] + x[(104, 128)] = 1
 x[(0, 129)] + x[(87, 129)] + x[(88, 129)] + x[(89, 129)] + x[(90, 129)] + x[(92, 129)] + x[(93, 129)] + x[(94, 129)] + x[(95, 129)] + x[(96, 129)] + x[(97, 129)] + x[(99, 129)] + x[(100, 129)] + x[(102, 129)] + x[(104, 129)] + x[(108, 129)] + x[(110, 129)] = 1
 x[(0, 130)] + x[(94, 130)] + x[(95, 130)] + x[(96, 130)] + x[(97, 130)] + x[(98, 130)] + x[(99, 130)] + x[(101, 130)] + x[(103, 130)] + x[(104, 130)] + x[(106, 130)] + x[(108, 130)] + x[(119, 130)] = 1
 x[(0, 131)] + x[(104, 131)] + x[(116, 131)] = 1
 x[(0, 132)] + x[(99, 132)] + x[(100, 132)] + x[(101, 132)] + x[(102, 132)] + x[(103, 132)] + x[(104, 132)] + x[(108, 132)] + x[(110, 132)] + x[(119, 132)] = 1
 x[(0, 133)] + x[(104, 133)] + x[(106, 133)] + x[(111, 133)] + x[(116, 133)] + x[(119, 133)] = 1
 x[(0, 134)] + x[(87, 134)] + x[(88, 134)] + x[(89, 134)] + x[(90, 134)] + x[(91, 134)] + x[(93, 134)] + x[(94, 134)] + x[(95, 134)] + x[(96, 134)] + x[(97, 134)] + x[(98, 134)] + x[(99, 134)] + x[(100, 134)] + x[(101, 134)] + x[(104, 134)] + x[(106, 134)] + x[(116, 134)] + x[(119, 134)] = 1
 x[(0, 135)] + x[(103, 135)] + x[(108, 135)] + x[(111, 135)] + x[(116, 135)] + x[(122, 135)] = 1
 x[(0, 136)] + x[(94, 136)] + x[(95, 136)] + x[(96, 136)] + x[(97, 136)] + x[(98, 136)] + x[(99, 136)] + x[(102, 136)] + x[(104, 136)] + x[(106, 136)] + x[(108, 136)] + x[(114, 136)] + x[(119, 136)] + x[(122, 136)] = 1
 x[(0, 137)] + x[(108, 137)] + x[(109, 137)] + x[(110, 137)] + x[(116, 137)] = 1
 x[(0, 138)] + x[(91, 138)] + x[(92, 138)] + x[(93, 138)] + x[(94, 138)] + x[(95, 138)] + x[(96, 138)] + x[(97, 138)] + x[(98, 138)] + x[(99, 138)] + x[(100, 138)] + x[(103, 138)] + x[(104, 138)] + x[(106, 138)] + x[(108, 138)] + x[(109, 138)] + x[(122, 138)] = 1
 x[(0, 139)] + x[(97, 139)] + x[(98, 139)] + x[(99, 139)] + x[(100, 139)] + x[(101, 139)] + x[(102, 139)] + x[(103, 139)] + x[(104, 139)] + x[(106, 139)] + x[(108, 139)] + x[(119, 139)] = 1
 x[(0, 140)] + x[(91, 140)] + x[(92, 140)] + x[(93, 140)] + x[(94, 140)] + x[(95, 140)] + x[(96, 140)] + x[(97, 140)] + x[(99, 140)] + x[(100, 140)] + x[(101, 140)] + x[(102, 140)] + x[(103, 140)] + x[(104, 140)] + x[(108, 140)] + x[(110, 140)] + x[(111, 140)] + x[(116, 140)] = 1
 x[(0, 141)] + x[(111, 141)] + x[(112, 141)] + x[(116, 141)] + x[(119, 141)] + x[(124, 141)] = 1
 x[(0, 142)] + x[(103, 142)] + x[(104, 142)] + x[(105, 142)] + x[(106, 142)] + x[(108, 142)] + x[(109, 142)] + x[(110, 142)] + x[(111, 142)] + x[(114, 142)] + x[(115, 142)] + x[(116, 142)] + x[(119, 142)] + x[(122, 142)] + x[(127, 142)] + x[(129, 142)] + x[(138, 142)] = 1
 x[(0, 143)] + x[(109, 143)] + x[(110, 143)] + x[(113, 143)] + x[(116, 143)] + x[(117, 143)] + x[(119, 143)] = 1
 x[(0, 144)] + x[(111, 144)] + x[(112, 144)] + x[(114, 144)] + x[(115, 144)] + x[(116, 144)] + x[(118, 144)] + x[(119, 144)] + x[(122, 144)] + x[(127, 144)] = 1
 x[(0, 145)] + x[(109, 145)] + x[(110, 145)] + x[(114, 145)] + x[(118, 145)] + x[(125, 145)] + x[(127, 145)] + x[(134, 145)] = 1
 x[(0, 146)] + x[(104, 146)] + x[(105, 146)] + x[(107, 146)] + x[(108, 146)] + x[(109, 146)] + x[(110, 146)] + x[(111, 146)] + x[(113, 146)] + x[(114, 146)] + x[(115, 146)] + x[(116, 146)] + x[(119, 146)] + x[(122, 146)] + x[(123, 146)] + x[(124, 146)] + x[(127, 146)] + x[(129, 146)] + x[(134, 146)] = 1
 x[(0, 147)] + x[(116, 147)] + x[(119, 147)] + x[(122, 147)] + x[(124, 147)] + x[(125, 147)] + x[(127, 147)] + x[(128, 147)] + x[(129, 147)] + x[(134, 147)] + x[(136, 147)] = 1
 x[(0, 148)] + x[(103, 148)] + x[(104, 148)] + x[(105, 148)] + x[(106, 148)] + x[(107, 148)] + x[(108, 148)] + x[(109, 148)] + x[(110, 148)] + x[(111, 148)] + x[(112, 148)] + x[(114, 148)] + x[(116, 148)] + x[(117, 148)] + x[(119, 148)] + x[(122, 148)] + x[(123, 148)] + x[(127, 148)] + x[(134, 148)] + x[(138, 148)] = 1
 x[(0, 149)] + x[(127, 149)] + x[(128, 149)] + x[(129, 149)] + x[(134, 149)] = 1
 x[(0, 150)] + x[(104, 150)] + x[(105, 150)] + x[(106, 150)] + x[(107, 150)] + x[(108, 150)] + x[(109, 150)] + x[(110, 150)] + x[(111, 150)] + x[(116, 150)] + x[(117, 150)] + x[(119, 150)] + x[(120, 150)] + x[(122, 150)] + x[(124, 150)] + x[(125, 150)] + x[(126, 150)] + x[(127, 150)] + x[(129, 150)] + x[(138, 150)] + x[(139, 150)] = 1
 x[a], integer, ∀ a ∈ {(0, 1),(1, 0),…,(138, 150),(139, 150)}

[41m solve [00m
~~~~~~~~~~~~~~~~~~~~~~~~~~~~~~~~~~~~~~~~~~~~~~~~~~~~~~~~~~~~~~~~~~~~~~~~~~~~~~
VRPSolver beta v0.3, 17/11/2019. Web: vrpsolver.math.u-bordeaux.fr
Corresponds to the solver by Pessoa, Sadykov, Uchoa and Vanderbeck (2019)
Paper: dx.doi.org/10.1007/978-3-030-17953-3_27
USE THIS CODE ONLY FOR ACADEMIC PURPOSES AT YOUR OWN RISK
~~~~~~~~~~~~~~~~~~~~~~~~~~~~~~~~~~~~~~~~~~~~~~~~~~~~~~~~~~~~~~~~~~~~~~~~~~~~~~
BaPCod v045b, 17/11/2019, © Inria Bordeaux, France (license expires 1/12/2021)
~~~~~~~~~~~~~~~~~~~~~~~~~~~~~~~~~~~~~~~~~~~~~~~~~~~~~~~~~~~~~~~~~~~~~~~~~~~~~~
VRPSolver parameters:
GlobalTimeLimit = 21474836
MaxNbOfBBtreeNodeTreated = 100000
treeSearchStrategy = 1
RCSPstopCutGenTimeThresholdInPricing = 5
RCSPhardTimeThresholdInPricing = 10
RCSPnumberOfBucketsPerVertex = 25
RCSPdynamicBucketSteps = 1
RCSPuseBidirectionalSearch = 1
RCSPapplyReducedCostFixing = 1
RCSPmaxNumOfColsPerIteration = 30
RCSPmaxNumOfColsPerExactIteration = 150
RCSPheurLabelingStrategy = 0
StabilizationMinPhaseOfStage = 0
RCSPmaxNumOfLabelsInEnumeration = 1000000
RCSPmaxNumOfEnumeratedSolutions = 10000000
RCSPmaxNumOfEnumSolutionsForMIP = 10000
RCSPinitNGneighbourhoodSize = 8
RCSPmaxNGneighbourhoodSize = 16
RCSPrankOneCutsMaxNumPerRound = 100
RCSPrankOneCutsMaxNumRows = 7
RCSPrankOneCutsMemoryType = 1
CutTailingOffThreshold = 0.015
CutTailingOffCounterThreshold = 3
SafeDualBoundScaleFactor = -1
StrongBranchingPhaseOneCandidatesNumber = 50
StrongBranchingPhaseOneTreeSizeEstimRatio = 0.1
StrongBranchingPhaseTwoCandidatesNumber = 3
StrongBranchingPhaseTwoTreeSizeEstimRatio = 0.1
MaxTimeForRestrictedMasterIpHeur = -1
DivingHeurUseDepthLimit = -1
MaxLDSbreadth = 0
MaxLDSdepth = 0
New model incumbent solution 1e+07, TIME = 0h0m0s3t = 3
Model is built TIME = 0h0m0s90t = 90
************************************************************************************************
**** BaB tree root node
**** Local DB = -1e+12, global bounds : [ -1e+12 , 1e+07 ], TIME = 0h0m0s91t = 91
**** 1 open nodes, 0 columns (0 active), 0 dyn. constrs. (0 active), 302 art. vars. (302 active)
************************************************************************************************
<DWph=2> <it= 10> <et=0.93> <Mt= 0.00> <Spt= 0.00> <nCl=288> <DB=-25654005333.5304> <Mlp=384000046.5000> <PB=10000000> 
<DWph=2> <it= 20> <et=0.97> <Mt= 0.01> <Spt= 0.00> <nCl=188> <DB= -172.3246> <Mlp=   67.0000> <PB=67> 
<DWph=2> <it= 21> <et=0.97> <Mt= 0.00> <Spt= 0.00> <nCl=  0> <DB=   67.0000> <Mlp=   67.0000> <PB=67> 
<DWph=1> <it= 22> <et=0.98> <Mt= 0.00> <Spt= 0.00> <nCl=  0> <DB=   67.0000> <Mlp=   67.0000> <PB=67> 
<DWph=0> <it= 23> <et=0.99> <Mt= 0.00> <Spt= 0.00> <nCl=  0> <DB=   67.0000> <Mlp=   67.0000> <PB=67> 
ColGenEvalAlg final dual bound: 67 (rounded: 67)
New model incumbent solution 67, TIME = 0h0m0s99t = 99
************************************************************************************************
Search is finished, global bounds : [ 67 , 67 ], TIME = 0h0m0s99t = 99
************************************************************************************************
[32mBaPCod : solution defined.[00m
statistics_cols: instance & :Optimal & cutoff & :bcRecRootDb & :bcTimeRootEval & :bcCountNodeProc & :bcRecBestDb & :bcRecBestInc & :bcTimeMain \\
statistics: csp150_Solomon & 1 & 1.0e7 & 67.00 & 0.99 & 1 & 67.00 & 67 & 0.99 \\
########################################################
Route #1: 1 12 25 35 
Route #2: 2 
Route #3: 3 23 37 
Route #4: 4 28 
Route #5: 5 
Route #6: 6 26 
Route #7: 7 29 
Route #8: 8 27 
Route #9: 9 33 
Route #10: 10 30 
Route #11: 11 31 
Route #12: 13 22 43 
Route #13: 14 32 44 
Route #14: 15 40 
Route #15: 16 34 
Route #16: 17 39 
Route #17: 18 45 
Route #18: 19 48 
Route #19: 20 36 49 56 
Route #20: 21 46 
Route #21: 24 63 
Route #22: 38 65 
Route #23: 41 54 69 
Route #24: 42 72 
Route #25: 47 70 
Route #26: 50 76 
Route #27: 51 75 
Route #28: 52 82 
Route #29: 53 66 
Route #30: 55 73 81 
Route #31: 57 86 
Route #32: 58 78 
Route #33: 59 99 
Route #34: 60 67 87 
Route #35: 61 88 
Route #36: 62 79 91 
Route #37: 64 98 
Route #38: 68 80 102 
Route #39: 71 
Route #40: 74 
Route #41: 77 94 105 
Route #42: 83 96 110 127 
Route #43: 84 107 
Route #44: 85 112 
Route #45: 89 113 
Route #46: 90 121 
Route #47: 92 123 
Route #48: 93 111 140 
Route #49: 95 97 114 136 
Route #50: 100 132 
Route #51: 101 130 
Route #52: 103 122 135 
Route #53: 104 116 134 146 
Route #54: 106 138 148 
Route #55: 108 129 142 
Route #56: 109 137 
Route #57: 115 144 
Route #58: 117 143 
Route #59: 118 145 
Route #60: 119 139 150 
Route #61: 120 
Route #62: 124 141 
Route #63: 125 147 
Route #64: 126 
Route #65: 128 149 
Route #66: 131 
Route #67: 133 
Cost 67.0
########################################################
