Application parameters:
  batch  =>  nothing
  tikz  =>  "/TIKZ/csp250_Solomon.dot"
  instance  =>  "/IN/csp250_Solomon.txt"
  out  =>  "/OUT/csp250_Solomon.sol"
  nosolve  =>  false
  ub  =>  1.0e7
  sol  =>  nothing
  cfg  =>  "/VRPTW/src/../config/VRPTW_set_1.cfg"
  enable_cap_res  =>  false
Min x[(0, 1)] + x[(0, 2)] + x[(0, 3)] + x[(0, 4)] + x[(0, 5)] + x[(0, 6)] + x[(0, 7)] + x[(0, 8)] + x[(0, 9)] + x[(0, 10)] + x[(0, 11)] + x[(0, 12)] + x[(0, 13)] + x[(0, 14)] + x[(0, 15)] + x[(0, 16)] + x[(0, 17)] + x[(0, 18)] + x[(0, 19)] + x[(0, 20)] + x[(0, 21)] + x[(0, 22)] + x[(0, 23)] + x[(0, 24)] + x[(0, 25)] + x[(0, 26)] + x[(0, 27)] + x[(0, 28)] + x[(0, 29)] + x[(0, 30)] + x[(0, 31)] + x[(0, 32)] + x[(0, 33)] + x[(0, 34)] + x[(0, 35)] + x[(0, 36)] + x[(0, 37)] + x[(0, 38)] + x[(0, 39)] + x[(0, 40)] + x[(0, 41)] + x[(0, 42)] + x[(0, 43)] + x[(0, 44)] + x[(0, 45)] + x[(0, 46)] + x[(0, 47)] + x[(0, 48)] + x[(0, 49)] + x[(0, 50)] + x[(0, 51)] + x[(0, 52)] + x[(0, 53)] + x[(0, 54)] + x[(0, 55)] + x[(0, 56)] + x[(0, 57)] + x[(0, 58)] + x[(0, 59)] + x[(0, 60)] + x[(0, 61)] + x[(0, 62)] + x[(0, 63)] + x[(0, 64)] + x[(0, 65)] + x[(0, 66)] + x[(0, 67)] + x[(0, 68)] + x[(0, 69)] + x[(0, 70)] + x[(0, 71)] + x[(0, 72)] + x[(0, 73)] + x[(0, 74)] + x[(0, 75)] + x[(0, 76)] + x[(0, 77)] + x[(0, 78)] + x[(0, 79)] + x[(0, 80)] + x[(0, 81)] + x[(0, 82)] + x[(0, 83)] + x[(0, 84)] + x[(0, 85)] + x[(0, 86)] + x[(0, 87)] + x[(0, 88)] + x[(0, 89)] + x[(0, 90)] + x[(0, 91)] + x[(0, 92)] + x[(0, 93)] + x[(0, 94)] + x[(0, 95)] + x[(0, 96)] + x[(0, 97)] + x[(0, 98)] + x[(0, 99)] + x[(0, 100)] + x[(0, 101)] + x[(0, 102)] + x[(0, 103)] + x[(0, 104)] + x[(0, 105)] + x[(0, 106)] + x[(0, 107)] + x[(0, 108)] + x[(0, 109)] + x[(0, 110)] + x[(0, 111)] + x[(0, 112)] + x[(0, 113)] + x[(0, 114)] + x[(0, 115)] + x[(0, 116)] + x[(0, 117)] + x[(0, 118)] + x[(0, 119)] + x[(0, 120)] + x[(0, 121)] + x[(0, 122)] + x[(0, 123)] + x[(0, 124)] + x[(0, 125)] + x[(0, 126)] + x[(0, 127)] + x[(0, 128)] + x[(0, 129)] + x[(0, 130)] + x[(0, 131)] + x[(0, 132)] + x[(0, 133)] + x[(0, 134)] + x[(0, 135)] + x[(0, 136)] + x[(0, 137)] + x[(0, 138)] + x[(0, 139)] + x[(0, 140)] + x[(0, 141)] + x[(0, 142)] + x[(0, 143)] + x[(0, 144)] + x[(0, 145)] + x[(0, 146)] + x[(0, 147)] + x[(0, 148)] + x[(0, 149)] + x[(0, 150)] + x[(0, 151)] + x[(0, 152)] + x[(0, 153)] + x[(0, 154)] + x[(0, 155)] + x[(0, 156)] + x[(0, 157)] + x[(0, 158)] + x[(0, 159)] + x[(0, 160)] + x[(0, 161)] + x[(0, 162)] + x[(0, 163)] + x[(0, 164)] + x[(0, 165)] + x[(0, 166)] + x[(0, 167)] + x[(0, 168)] + x[(0, 169)] + x[(0, 170)] + x[(0, 171)] + x[(0, 172)] + x[(0, 173)] + x[(0, 174)] + x[(0, 175)] + x[(0, 176)] + x[(0, 177)] + x[(0, 178)] + x[(0, 179)] + x[(0, 180)] + x[(0, 181)] + x[(0, 182)] + x[(0, 183)] + x[(0, 184)] + x[(0, 185)] + x[(0, 186)] + x[(0, 187)] + x[(0, 188)] + x[(0, 189)] + x[(0, 190)] + x[(0, 191)] + x[(0, 192)] + x[(0, 193)] + x[(0, 194)] + x[(0, 195)] + x[(0, 196)] + x[(0, 197)] + x[(0, 198)] + x[(0, 199)] + x[(0, 200)] + x[(0, 201)] + x[(0, 202)] + x[(0, 203)] + x[(0, 204)] + x[(0, 205)] + x[(0, 206)] + x[(0, 207)] + x[(0, 208)] + x[(0, 209)] + x[(0, 210)] + x[(0, 211)] + x[(0, 212)] + x[(0, 213)] + x[(0, 214)] + x[(0, 215)] + x[(0, 216)] + x[(0, 217)] + x[(0, 218)] + x[(0, 219)] + x[(0, 220)] + x[(0, 221)] + x[(0, 222)] + x[(0, 223)] + x[(0, 224)] + x[(0, 225)] + x[(0, 226)] + x[(0, 227)] + x[(0, 228)] + x[(0, 229)] + x[(0, 230)] + x[(0, 231)] + x[(0, 232)] + x[(0, 233)] + x[(0, 234)] + x[(0, 235)] + x[(0, 236)] + x[(0, 237)] + x[(0, 238)] + x[(0, 239)] + x[(0, 240)] + x[(0, 241)] + x[(0, 242)] + x[(0, 243)] + x[(0, 244)] + x[(0, 245)] + x[(0, 246)] + x[(0, 247)] + x[(0, 248)] + x[(0, 249)] + x[(0, 250)]
Subject to
 x[(0, 1)] = 1
 x[(0, 2)] = 1
 x[(0, 3)] = 1
 x[(0, 4)] = 1
 x[(0, 5)] = 1
 x[(0, 6)] = 1
 x[(0, 7)] = 1
 x[(0, 8)] = 1
 x[(0, 9)] = 1
 x[(0, 10)] + x[(1, 10)] = 1
 x[(0, 11)] = 1
 x[(0, 12)] = 1
 x[(0, 13)] + x[(1, 13)] = 1
 x[(0, 14)] = 1
 x[(0, 15)] = 1
 x[(0, 16)] = 1
 x[(0, 17)] + x[(1, 17)] = 1
 x[(0, 18)] + x[(1, 18)] = 1
 x[(0, 19)] + x[(1, 19)] = 1
 x[(0, 20)] = 1
 x[(0, 21)] + x[(1, 21)] + x[(12, 21)] = 1
 x[(0, 22)] = 1
 x[(0, 23)] = 1
 x[(0, 24)] + x[(1, 24)] + x[(12, 24)] = 1
 x[(0, 25)] + x[(12, 25)] = 1
 x[(0, 26)] + x[(1, 26)] + x[(9, 26)] + x[(12, 26)] = 1
 x[(0, 27)] + x[(1, 27)] + x[(14, 27)] = 1
 x[(0, 28)] + x[(1, 28)] + x[(3, 28)] + x[(20, 28)] + x[(22, 28)] = 1
 x[(0, 29)] + x[(1, 29)] = 1
 x[(0, 30)] + x[(9, 30)] + x[(12, 30)] = 1
 x[(0, 31)] + x[(1, 31)] + x[(3, 31)] + x[(14, 31)] + x[(22, 31)] = 1
 x[(0, 32)] + x[(1, 32)] + x[(12, 32)] = 1
 x[(0, 33)] + x[(3, 33)] + x[(20, 33)] + x[(22, 33)] = 1
 x[(0, 34)] + x[(1, 34)] + x[(14, 34)] = 1
 x[(0, 35)] + x[(9, 35)] + x[(10, 35)] + x[(14, 35)] = 1
 x[(0, 36)] + x[(1, 36)] + x[(3, 36)] + x[(12, 36)] + x[(15, 36)] + x[(20, 36)] = 1
 x[(0, 37)] + x[(1, 37)] + x[(2, 37)] + x[(3, 37)] + x[(5, 37)] + x[(9, 37)] + x[(14, 37)] = 1
 x[(0, 38)] + x[(1, 38)] + x[(3, 38)] + x[(12, 38)] + x[(29, 38)] = 1
 x[(0, 39)] + x[(1, 39)] + x[(5, 39)] + x[(9, 39)] + x[(14, 39)] + x[(20, 39)] + x[(22, 39)] = 1
 x[(0, 40)] + x[(1, 40)] + x[(2, 40)] + x[(3, 40)] + x[(6, 40)] + x[(9, 40)] + x[(12, 40)] + x[(15, 40)] + x[(16, 40)] + x[(20, 40)] + x[(22, 40)] = 1
 x[(0, 41)] + x[(4, 41)] + x[(9, 41)] + x[(10, 41)] + x[(12, 41)] + x[(13, 41)] + x[(14, 41)] + x[(16, 41)] + x[(22, 41)] = 1
 x[(0, 42)] + x[(1, 42)] + x[(2, 42)] + x[(3, 42)] + x[(9, 42)] + x[(10, 42)] + x[(15, 42)] + x[(16, 42)] + x[(18, 42)] + x[(22, 42)] + x[(24, 42)] + x[(25, 42)] + x[(28, 42)] + x[(29, 42)] = 1
 x[(0, 43)] + x[(5, 43)] + x[(8, 43)] + x[(9, 43)] + x[(12, 43)] + x[(14, 43)] + x[(15, 43)] + x[(16, 43)] + x[(20, 43)] + x[(22, 43)] = 1
 x[(0, 44)] + x[(1, 44)] + x[(2, 44)] + x[(6, 44)] + x[(10, 44)] + x[(12, 44)] + x[(16, 44)] + x[(20, 44)] + x[(25, 44)] + x[(28, 44)] + x[(29, 44)] = 1
 x[(0, 45)] + x[(1, 45)] + x[(2, 45)] + x[(3, 45)] + x[(4, 45)] + x[(5, 45)] + x[(6, 45)] + x[(9, 45)] + x[(16, 45)] + x[(18, 45)] + x[(20, 45)] + x[(29, 45)] + x[(33, 45)] = 1
 x[(0, 46)] + x[(12, 46)] + x[(13, 46)] + x[(14, 46)] + x[(15, 46)] + x[(16, 46)] + x[(22, 46)] + x[(29, 46)] + x[(33, 46)] = 1
 x[(0, 47)] + x[(1, 47)] + x[(3, 47)] + x[(5, 47)] + x[(8, 47)] + x[(9, 47)] + x[(10, 47)] + x[(11, 47)] + x[(12, 47)] + x[(13, 47)] + x[(14, 47)] + x[(16, 47)] + x[(20, 47)] + x[(22, 47)] + x[(23, 47)] + x[(29, 47)] = 1
 x[(0, 48)] + x[(1, 48)] + x[(2, 48)] + x[(3, 48)] + x[(4, 48)] + x[(5, 48)] + x[(6, 48)] + x[(9, 48)] + x[(13, 48)] + x[(14, 48)] + x[(16, 48)] + x[(17, 48)] + x[(20, 48)] + x[(21, 48)] + x[(22, 48)] + x[(25, 48)] + x[(29, 48)] + x[(36, 48)] = 1
 x[(0, 49)] + x[(8, 49)] + x[(9, 49)] + x[(10, 49)] + x[(14, 49)] + x[(15, 49)] + x[(17, 49)] + x[(18, 49)] + x[(22, 49)] + x[(23, 49)] + x[(24, 49)] + x[(25, 49)] + x[(29, 49)] + x[(37, 49)] = 1
 x[(0, 50)] + x[(1, 50)] + x[(2, 50)] + x[(3, 50)] + x[(4, 50)] + x[(9, 50)] + x[(12, 50)] + x[(14, 50)] + x[(15, 50)] + x[(16, 50)] + x[(21, 50)] + x[(22, 50)] + x[(25, 50)] + x[(33, 50)] = 1
 x[(0, 51)] + x[(1, 51)] + x[(2, 51)] + x[(5, 51)] + x[(6, 51)] + x[(8, 51)] + x[(9, 51)] + x[(12, 51)] + x[(13, 51)] + x[(14, 51)] + x[(20, 51)] + x[(22, 51)] + x[(24, 51)] + x[(25, 51)] + x[(28, 51)] + x[(30, 51)] + x[(38, 51)] = 1
 x[(0, 52)] + x[(9, 52)] + x[(12, 52)] + x[(14, 52)] + x[(16, 52)] + x[(17, 52)] + x[(18, 52)] + x[(20, 52)] + x[(21, 52)] + x[(22, 52)] + x[(23, 52)] + x[(24, 52)] + x[(28, 52)] + x[(33, 52)] + x[(36, 52)] + x[(48, 52)] = 1
 x[(0, 53)] + x[(1, 53)] + x[(2, 53)] + x[(3, 53)] + x[(6, 53)] + x[(9, 53)] + x[(10, 53)] + x[(11, 53)] + x[(12, 53)] + x[(13, 53)] + x[(14, 53)] + x[(16, 53)] + x[(17, 53)] + x[(20, 53)] + x[(22, 53)] + x[(23, 53)] + x[(29, 53)] + x[(32, 53)] + x[(33, 53)] + x[(44, 53)] = 1
 x[(0, 54)] + x[(10, 54)] + x[(12, 54)] + x[(14, 54)] + x[(16, 54)] + x[(17, 54)] + x[(19, 54)] + x[(20, 54)] + x[(21, 54)] + x[(22, 54)] + x[(23, 54)] + x[(24, 54)] + x[(25, 54)] + x[(28, 54)] + x[(29, 54)] + x[(33, 54)] + x[(37, 54)] = 1
 x[(0, 55)] + x[(1, 55)] + x[(2, 55)] + x[(3, 55)] + x[(4, 55)] + x[(5, 55)] + x[(6, 55)] + x[(7, 55)] + x[(8, 55)] + x[(9, 55)] + x[(10, 55)] + x[(12, 55)] + x[(13, 55)] + x[(14, 55)] + x[(15, 55)] + x[(16, 55)] + x[(17, 55)] + x[(20, 55)] + x[(21, 55)] + x[(22, 55)] + x[(23, 55)] + x[(24, 55)] + x[(25, 55)] + x[(28, 55)] + x[(30, 55)] + x[(31, 55)] + x[(32, 55)] + x[(36, 55)] + x[(37, 55)] = 1
 x[(0, 56)] + x[(2, 56)] + x[(3, 56)] + x[(4, 56)] + x[(5, 56)] + x[(6, 56)] + x[(8, 56)] + x[(9, 56)] + x[(10, 56)] + x[(11, 56)] + x[(12, 56)] + x[(13, 56)] + x[(14, 56)] + x[(15, 56)] + x[(16, 56)] + x[(17, 56)] + x[(20, 56)] + x[(21, 56)] + x[(22, 56)] + x[(23, 56)] + x[(25, 56)] + x[(26, 56)] + x[(28, 56)] + x[(29, 56)] + x[(30, 56)] + x[(31, 56)] + x[(33, 56)] + x[(36, 56)] + x[(37, 56)] = 1
 x[(0, 57)] + x[(10, 57)] + x[(12, 57)] + x[(13, 57)] + x[(14, 57)] + x[(16, 57)] + x[(17, 57)] + x[(18, 57)] + x[(20, 57)] + x[(22, 57)] + x[(23, 57)] + x[(24, 57)] + x[(25, 57)] + x[(31, 57)] + x[(32, 57)] + x[(36, 57)] + x[(38, 57)] = 1
 x[(0, 58)] + x[(3, 58)] + x[(4, 58)] + x[(5, 58)] + x[(6, 58)] + x[(7, 58)] + x[(8, 58)] + x[(9, 58)] + x[(10, 58)] + x[(11, 58)] + x[(12, 58)] + x[(13, 58)] + x[(14, 58)] + x[(15, 58)] + x[(16, 58)] + x[(17, 58)] + x[(18, 58)] + x[(20, 58)] + x[(22, 58)] + x[(23, 58)] + x[(24, 58)] + x[(25, 58)] + x[(28, 58)] + x[(29, 58)] + x[(30, 58)] + x[(32, 58)] + x[(33, 58)] + x[(48, 58)] = 1
 x[(0, 59)] + x[(6, 59)] + x[(7, 59)] + x[(9, 59)] + x[(10, 59)] + x[(11, 59)] + x[(12, 59)] + x[(13, 59)] + x[(14, 59)] + x[(15, 59)] + x[(16, 59)] + x[(17, 59)] + x[(19, 59)] + x[(20, 59)] + x[(22, 59)] + x[(23, 59)] + x[(25, 59)] + x[(28, 59)] + x[(29, 59)] + x[(30, 59)] + x[(34, 59)] + x[(36, 59)] + x[(37, 59)] = 1
 x[(0, 60)] + x[(30, 60)] + x[(31, 60)] + x[(36, 60)] + x[(37, 60)] + x[(39, 60)] = 1
 x[(0, 61)] + x[(32, 61)] + x[(33, 61)] + x[(36, 61)] + x[(37, 61)] + x[(39, 61)] = 1
 x[(0, 62)] + x[(5, 62)] + x[(6, 62)] + x[(7, 62)] + x[(8, 62)] + x[(9, 62)] + x[(10, 62)] + x[(12, 62)] + x[(13, 62)] + x[(14, 62)] + x[(15, 62)] + x[(16, 62)] + x[(17, 62)] + x[(18, 62)] + x[(20, 62)] + x[(21, 62)] + x[(22, 62)] + x[(23, 62)] + x[(24, 62)] + x[(25, 62)] + x[(26, 62)] + x[(27, 62)] + x[(28, 62)] + x[(29, 62)] + x[(32, 62)] + x[(33, 62)] + x[(36, 62)] + x[(39, 62)] + x[(44, 62)] + x[(48, 62)] + x[(51, 62)] = 1
 x[(0, 63)] + x[(23, 63)] + x[(24, 63)] + x[(25, 63)] + x[(26, 63)] + x[(27, 63)] + x[(28, 63)] + x[(29, 63)] + x[(31, 63)] + x[(32, 63)] + x[(33, 63)] + x[(36, 63)] + x[(37, 63)] + x[(39, 63)] + x[(42, 63)] + x[(48, 63)] + x[(50, 63)] + x[(51, 63)] + x[(53, 63)] = 1
 x[(0, 64)] + x[(8, 64)] + x[(9, 64)] + x[(10, 64)] + x[(11, 64)] + x[(12, 64)] + x[(13, 64)] + x[(14, 64)] + x[(15, 64)] + x[(16, 64)] + x[(17, 64)] + x[(18, 64)] + x[(20, 64)] + x[(21, 64)] + x[(22, 64)] + x[(23, 64)] + x[(24, 64)] + x[(25, 64)] + x[(26, 64)] + x[(28, 64)] + x[(29, 64)] + x[(30, 64)] + x[(31, 64)] + x[(36, 64)] + x[(37, 64)] + x[(38, 64)] + x[(51, 64)] = 1
 x[(0, 65)] + x[(13, 65)] + x[(14, 65)] + x[(15, 65)] + x[(16, 65)] + x[(17, 65)] + x[(19, 65)] + x[(20, 65)] + x[(21, 65)] + x[(22, 65)] + x[(24, 65)] + x[(25, 65)] + x[(28, 65)] + x[(29, 65)] + x[(30, 65)] + x[(31, 65)] + x[(33, 65)] + x[(36, 65)] + x[(38, 65)] + x[(39, 65)] + x[(47, 65)] + x[(48, 65)] + x[(55, 65)] = 1
 x[(0, 66)] + x[(7, 66)] + x[(8, 66)] + x[(9, 66)] + x[(10, 66)] + x[(11, 66)] + x[(12, 66)] + x[(14, 66)] + x[(15, 66)] + x[(16, 66)] + x[(17, 66)] + x[(18, 66)] + x[(19, 66)] + x[(20, 66)] + x[(21, 66)] + x[(22, 66)] + x[(24, 66)] + x[(25, 66)] + x[(26, 66)] + x[(28, 66)] + x[(29, 66)] + x[(30, 66)] + x[(31, 66)] + x[(32, 66)] + x[(33, 66)] + x[(36, 66)] + x[(37, 66)] + x[(38, 66)] + x[(40, 66)] + x[(42, 66)] + x[(44, 66)] + x[(48, 66)] + x[(51, 66)] = 1
 x[(0, 67)] + x[(25, 67)] + x[(28, 67)] + x[(29, 67)] + x[(33, 67)] + x[(37, 67)] + x[(38, 67)] + x[(42, 67)] + x[(44, 67)] = 1
 x[(0, 68)] + x[(10, 68)] + x[(11, 68)] + x[(12, 68)] + x[(13, 68)] + x[(14, 68)] + x[(15, 68)] + x[(16, 68)] + x[(17, 68)] + x[(18, 68)] + x[(20, 68)] + x[(21, 68)] + x[(22, 68)] + x[(23, 68)] + x[(24, 68)] + x[(25, 68)] + x[(26, 68)] + x[(27, 68)] + x[(28, 68)] + x[(29, 68)] + x[(30, 68)] + x[(31, 68)] + x[(32, 68)] + x[(33, 68)] + x[(37, 68)] + x[(38, 68)] + x[(42, 68)] + x[(48, 68)] + x[(50, 68)] + x[(55, 68)] = 1
 x[(0, 69)] + x[(39, 69)] + x[(40, 69)] + x[(42, 69)] + x[(43, 69)] + x[(47, 69)] + x[(48, 69)] + x[(55, 69)] + x[(58, 69)] + x[(66, 69)] = 1
 x[(0, 70)] + x[(10, 70)] + x[(11, 70)] + x[(12, 70)] + x[(13, 70)] + x[(14, 70)] + x[(15, 70)] + x[(16, 70)] + x[(17, 70)] + x[(18, 70)] + x[(19, 70)] + x[(20, 70)] + x[(21, 70)] + x[(22, 70)] + x[(23, 70)] + x[(24, 70)] + x[(25, 70)] + x[(26, 70)] + x[(27, 70)] + x[(28, 70)] + x[(29, 70)] + x[(30, 70)] + x[(32, 70)] + x[(33, 70)] + x[(34, 70)] + x[(35, 70)] + x[(36, 70)] + x[(37, 70)] + x[(38, 70)] + x[(40, 70)] + x[(42, 70)] + x[(44, 70)] + x[(45, 70)] + x[(48, 70)] + x[(50, 70)] + x[(55, 70)] = 1
 x[(0, 71)] + x[(16, 71)] + x[(17, 71)] + x[(18, 71)] + x[(19, 71)] + x[(20, 71)] + x[(21, 71)] + x[(22, 71)] + x[(23, 71)] + x[(24, 71)] + x[(25, 71)] + x[(26, 71)] + x[(27, 71)] + x[(28, 71)] + x[(29, 71)] + x[(30, 71)] + x[(31, 71)] + x[(32, 71)] + x[(33, 71)] + x[(34, 71)] + x[(35, 71)] + x[(36, 71)] + x[(37, 71)] + x[(38, 71)] + x[(39, 71)] + x[(42, 71)] + x[(47, 71)] + x[(48, 71)] + x[(58, 71)] + x[(59, 71)] = 1
 x[(0, 72)] + x[(41, 72)] + x[(42, 72)] + x[(45, 72)] + x[(48, 72)] + x[(51, 72)] + x[(56, 72)] + x[(64, 72)] = 1
 x[(0, 73)] + x[(44, 73)] + x[(48, 73)] + x[(52, 73)] + x[(53, 73)] = 1
 x[(0, 74)] + x[(18, 74)] + x[(19, 74)] + x[(20, 74)] + x[(21, 74)] + x[(22, 74)] + x[(23, 74)] + x[(24, 74)] + x[(25, 74)] + x[(26, 74)] + x[(28, 74)] + x[(29, 74)] + x[(30, 74)] + x[(31, 74)] + x[(32, 74)] + x[(33, 74)] + x[(34, 74)] + x[(36, 74)] + x[(37, 74)] + x[(38, 74)] + x[(39, 74)] + x[(42, 74)] + x[(48, 74)] + x[(50, 74)] + x[(52, 74)] + x[(66, 74)] = 1
 x[(0, 75)] + x[(23, 75)] + x[(24, 75)] + x[(25, 75)] + x[(26, 75)] + x[(27, 75)] + x[(28, 75)] + x[(29, 75)] + x[(30, 75)] + x[(31, 75)] + x[(32, 75)] + x[(33, 75)] + x[(36, 75)] + x[(37, 75)] + x[(38, 75)] + x[(39, 75)] + x[(40, 75)] + x[(43, 75)] + x[(44, 75)] + x[(45, 75)] + x[(48, 75)] + x[(51, 75)] + x[(55, 75)] + x[(58, 75)] = 1
 x[(0, 76)] + x[(25, 76)] + x[(27, 76)] + x[(28, 76)] + x[(29, 76)] + x[(30, 76)] + x[(31, 76)] + x[(33, 76)] + x[(34, 76)] + x[(36, 76)] + x[(37, 76)] + x[(38, 76)] + x[(39, 76)] + x[(40, 76)] + x[(41, 76)] + x[(45, 76)] + x[(47, 76)] + x[(48, 76)] + x[(50, 76)] + x[(55, 76)] + x[(58, 76)] + x[(62, 76)] + x[(66, 76)] = 1
 x[(0, 77)] + x[(40, 77)] + x[(42, 77)] + x[(44, 77)] + x[(48, 77)] + x[(50, 77)] + x[(51, 77)] + x[(53, 77)] + x[(64, 77)] = 1
 x[(0, 78)] + x[(41, 78)] + x[(42, 78)] + x[(43, 78)] + x[(44, 78)] + x[(45, 78)] + x[(48, 78)] + x[(51, 78)] + x[(53, 78)] + x[(55, 78)] + x[(56, 78)] + x[(66, 78)] = 1
 x[(0, 79)] + x[(44, 79)] + x[(47, 79)] + x[(48, 79)] + x[(49, 79)] + x[(51, 79)] + x[(56, 79)] = 1
 x[(0, 80)] + x[(48, 80)] + x[(50, 80)] + x[(52, 80)] + x[(53, 80)] + x[(55, 80)] + x[(56, 80)] + x[(62, 80)] = 1
 x[(0, 81)] + x[(22, 81)] + x[(23, 81)] + x[(24, 81)] + x[(25, 81)] + x[(26, 81)] + x[(27, 81)] + x[(28, 81)] + x[(29, 81)] + x[(30, 81)] + x[(31, 81)] + x[(33, 81)] + x[(34, 81)] + x[(35, 81)] + x[(36, 81)] + x[(37, 81)] + x[(38, 81)] + x[(40, 81)] + x[(41, 81)] + x[(42, 81)] + x[(44, 81)] + x[(45, 81)] + x[(48, 81)] + x[(49, 81)] + x[(50, 81)] + x[(51, 81)] + x[(52, 81)] + x[(53, 81)] + x[(55, 81)] + x[(56, 81)] + x[(62, 81)] + x[(64, 81)] + x[(65, 81)] = 1
 x[(0, 82)] + x[(23, 82)] + x[(24, 82)] + x[(25, 82)] + x[(26, 82)] + x[(27, 82)] + x[(28, 82)] + x[(29, 82)] + x[(30, 82)] + x[(31, 82)] + x[(32, 82)] + x[(33, 82)] + x[(36, 82)] + x[(37, 82)] + x[(38, 82)] + x[(39, 82)] + x[(40, 82)] + x[(42, 82)] + x[(44, 82)] + x[(45, 82)] + x[(46, 82)] + x[(48, 82)] + x[(50, 82)] + x[(51, 82)] + x[(52, 82)] + x[(53, 82)] + x[(55, 82)] + x[(56, 82)] + x[(62, 82)] + x[(66, 82)] = 1
 x[(0, 83)] + x[(34, 83)] + x[(35, 83)] + x[(36, 83)] + x[(37, 83)] + x[(38, 83)] + x[(39, 83)] + x[(40, 83)] + x[(42, 83)] + x[(44, 83)] + x[(48, 83)] + x[(50, 83)] + x[(51, 83)] + x[(55, 83)] + x[(58, 83)] + x[(59, 83)] = 1
 x[(0, 84)] + x[(44, 84)] + x[(45, 84)] + x[(47, 84)] + x[(48, 84)] + x[(50, 84)] + x[(55, 84)] + x[(56, 84)] + x[(59, 84)] = 1
 x[(0, 85)] + x[(40, 85)] + x[(42, 85)] + x[(43, 85)] + x[(44, 85)] + x[(48, 85)] + x[(49, 85)] + x[(50, 85)] + x[(51, 85)] + x[(53, 85)] + x[(55, 85)] + x[(58, 85)] + x[(64, 85)] + x[(66, 85)] + x[(68, 85)] = 1
 x[(0, 86)] + x[(39, 86)] + x[(41, 86)] + x[(42, 86)] + x[(44, 86)] + x[(45, 86)] + x[(46, 86)] + x[(47, 86)] + x[(48, 86)] + x[(50, 86)] + x[(51, 86)] + x[(53, 86)] + x[(54, 86)] + x[(56, 86)] + x[(59, 86)] + x[(70, 86)] = 1
 x[(0, 87)] + x[(25, 87)] + x[(26, 87)] + x[(27, 87)] + x[(28, 87)] + x[(29, 87)] + x[(30, 87)] + x[(31, 87)] + x[(32, 87)] + x[(33, 87)] + x[(36, 87)] + x[(37, 87)] + x[(38, 87)] + x[(39, 87)] + x[(40, 87)] + x[(42, 87)] + x[(43, 87)] + x[(44, 87)] + x[(45, 87)] + x[(47, 87)] + x[(48, 87)] + x[(49, 87)] + x[(51, 87)] + x[(52, 87)] + x[(53, 87)] + x[(54, 87)] + x[(56, 87)] + x[(58, 87)] + x[(59, 87)] + x[(62, 87)] + x[(65, 87)] + x[(68, 87)] = 1
 x[(0, 88)] + x[(23, 88)] + x[(24, 88)] + x[(25, 88)] + x[(26, 88)] + x[(28, 88)] + x[(29, 88)] + x[(30, 88)] + x[(31, 88)] + x[(32, 88)] + x[(33, 88)] + x[(34, 88)] + x[(35, 88)] + x[(36, 88)] + x[(37, 88)] + x[(38, 88)] + x[(39, 88)] + x[(40, 88)] + x[(42, 88)] + x[(44, 88)] + x[(45, 88)] + x[(47, 88)] + x[(48, 88)] + x[(49, 88)] + x[(50, 88)] + x[(51, 88)] + x[(55, 88)] + x[(64, 88)] = 1
 x[(0, 89)] + x[(23, 89)] + x[(24, 89)] + x[(25, 89)] + x[(26, 89)] + x[(28, 89)] + x[(29, 89)] + x[(30, 89)] + x[(31, 89)] + x[(32, 89)] + x[(33, 89)] + x[(34, 89)] + x[(36, 89)] + x[(37, 89)] + x[(38, 89)] + x[(39, 89)] + x[(40, 89)] + x[(42, 89)] + x[(43, 89)] + x[(44, 89)] + x[(46, 89)] + x[(47, 89)] + x[(48, 89)] + x[(50, 89)] + x[(51, 89)] + x[(52, 89)] + x[(53, 89)] + x[(54, 89)] + x[(55, 89)] + x[(58, 89)] + x[(59, 89)] + x[(62, 89)] + x[(64, 89)] + x[(70, 89)] = 1
 x[(0, 90)] + x[(49, 90)] + x[(53, 90)] + x[(55, 90)] + x[(62, 90)] + x[(64, 90)] + x[(68, 90)] = 1
 x[(0, 91)] + x[(39, 91)] + x[(40, 91)] + x[(43, 91)] + x[(44, 91)] + x[(46, 91)] + x[(48, 91)] + x[(50, 91)] + x[(51, 91)] + x[(55, 91)] + x[(56, 91)] + x[(57, 91)] + x[(64, 91)] = 1
 x[(0, 92)] + x[(49, 92)] + x[(50, 92)] + x[(51, 92)] + x[(53, 92)] + x[(55, 92)] + x[(58, 92)] + x[(59, 92)] + x[(64, 92)] + x[(66, 92)] + x[(68, 92)] + x[(70, 92)] = 1
 x[(0, 93)] + x[(48, 93)] + x[(50, 93)] + x[(51, 93)] + x[(52, 93)] + x[(53, 93)] + x[(54, 93)] + x[(55, 93)] + x[(57, 93)] + x[(58, 93)] + x[(59, 93)] + x[(66, 93)] + x[(68, 93)] + x[(71, 93)] = 1
 x[(0, 94)] + x[(34, 94)] + x[(35, 94)] + x[(36, 94)] + x[(37, 94)] + x[(38, 94)] + x[(39, 94)] + x[(40, 94)] + x[(41, 94)] + x[(42, 94)] + x[(44, 94)] + x[(45, 94)] + x[(48, 94)] + x[(49, 94)] + x[(50, 94)] + x[(51, 94)] + x[(53, 94)] + x[(55, 94)] + x[(59, 94)] + x[(65, 94)] + x[(68, 94)] = 1
 x[(0, 95)] + x[(40, 95)] + x[(42, 95)] + x[(44, 95)] + x[(45, 95)] + x[(47, 95)] + x[(48, 95)] + x[(50, 95)] + x[(51, 95)] + x[(55, 95)] + x[(56, 95)] + x[(58, 95)] + x[(59, 95)] + x[(62, 95)] + x[(66, 95)] = 1
 x[(0, 96)] + x[(44, 96)] + x[(45, 96)] + x[(46, 96)] + x[(48, 96)] + x[(50, 96)] + x[(52, 96)] + x[(53, 96)] + x[(55, 96)] + x[(56, 96)] + x[(59, 96)] + x[(62, 96)] + x[(81, 96)] = 1
 x[(0, 97)] + x[(50, 97)] + x[(51, 97)] + x[(52, 97)] + x[(53, 97)] + x[(54, 97)] + x[(55, 97)] + x[(56, 97)] + x[(59, 97)] + x[(64, 97)] + x[(71, 97)] = 1
 x[(0, 98)] + x[(29, 98)] + x[(30, 98)] + x[(31, 98)] + x[(32, 98)] + x[(33, 98)] + x[(34, 98)] + x[(35, 98)] + x[(36, 98)] + x[(37, 98)] + x[(38, 98)] + x[(39, 98)] + x[(40, 98)] + x[(41, 98)] + x[(42, 98)] + x[(44, 98)] + x[(45, 98)] + x[(47, 98)] + x[(48, 98)] + x[(49, 98)] + x[(50, 98)] + x[(51, 98)] + x[(52, 98)] + x[(53, 98)] + x[(54, 98)] + x[(55, 98)] + x[(56, 98)] + x[(57, 98)] + x[(58, 98)] + x[(59, 98)] + x[(62, 98)] + x[(68, 98)] + x[(71, 98)] = 1
 x[(0, 99)] + x[(55, 99)] + x[(56, 99)] + x[(58, 99)] + x[(62, 99)] + x[(64, 99)] + x[(68, 99)] = 1
 x[(0, 100)] + x[(42, 100)] + x[(44, 100)] + x[(45, 100)] + x[(46, 100)] + x[(47, 100)] + x[(48, 100)] + x[(50, 100)] + x[(51, 100)] + x[(52, 100)] + x[(53, 100)] + x[(54, 100)] + x[(55, 100)] + x[(56, 100)] + x[(58, 100)] + x[(59, 100)] + x[(68, 100)] = 1
 x[(0, 101)] + x[(50, 101)] + x[(51, 101)] + x[(52, 101)] + x[(53, 101)] + x[(55, 101)] + x[(56, 101)] + x[(57, 101)] + x[(59, 101)] + x[(62, 101)] + x[(68, 101)] + x[(71, 101)] + x[(88, 101)] + x[(89, 101)] = 1
 x[(0, 102)] + x[(51, 102)] + x[(53, 102)] + x[(55, 102)] + x[(56, 102)] + x[(58, 102)] + x[(59, 102)] + x[(62, 102)] + x[(64, 102)] + x[(66, 102)] + x[(68, 102)] + x[(71, 102)] + x[(75, 102)] + x[(81, 102)] + x[(82, 102)] = 1
 x[(0, 103)] + x[(40, 103)] + x[(41, 103)] + x[(42, 103)] + x[(43, 103)] + x[(44, 103)] + x[(45, 103)] + x[(47, 103)] + x[(48, 103)] + x[(49, 103)] + x[(50, 103)] + x[(51, 103)] + x[(52, 103)] + x[(53, 103)] + x[(55, 103)] + x[(56, 103)] + x[(58, 103)] + x[(62, 103)] + x[(64, 103)] + x[(65, 103)] + x[(67, 103)] + x[(68, 103)] + x[(71, 103)] + x[(81, 103)] + x[(88, 103)] = 1
 x[(0, 104)] + x[(53, 104)] + x[(55, 104)] + x[(59, 104)] + x[(62, 104)] + x[(64, 104)] + x[(65, 104)] + x[(66, 104)] + x[(68, 104)] + x[(70, 104)] + x[(74, 104)] = 1
 x[(0, 105)] + x[(51, 105)] + x[(52, 105)] + x[(53, 105)] + x[(55, 105)] + x[(56, 105)] + x[(58, 105)] + x[(59, 105)] + x[(62, 105)] + x[(64, 105)] + x[(66, 105)] + x[(70, 105)] + x[(75, 105)] + x[(82, 105)] = 1
 x[(0, 106)] + x[(42, 106)] + x[(43, 106)] + x[(44, 106)] + x[(46, 106)] + x[(47, 106)] + x[(48, 106)] + x[(49, 106)] + x[(50, 106)] + x[(51, 106)] + x[(53, 106)] + x[(55, 106)] + x[(56, 106)] + x[(58, 106)] + x[(59, 106)] + x[(62, 106)] + x[(66, 106)] + x[(87, 106)] + x[(88, 106)] = 1
 x[(0, 107)] + x[(58, 107)] + x[(59, 107)] + x[(62, 107)] + x[(64, 107)] + x[(65, 107)] + x[(66, 107)] + x[(70, 107)] + x[(75, 107)] + x[(76, 107)] + x[(81, 107)] + x[(88, 107)] + x[(89, 107)] = 1
 x[(0, 108)] + x[(59, 108)] + x[(62, 108)] + x[(65, 108)] + x[(66, 108)] + x[(74, 108)] = 1
 x[(0, 109)] + x[(62, 109)] + x[(63, 109)] + x[(64, 109)] + x[(65, 109)] + x[(67, 109)] + x[(68, 109)] + x[(70, 109)] + x[(75, 109)] + x[(82, 109)] + x[(88, 109)] = 1
 x[(0, 110)] + x[(35, 110)] + x[(36, 110)] + x[(37, 110)] + x[(38, 110)] + x[(39, 110)] + x[(40, 110)] + x[(41, 110)] + x[(42, 110)] + x[(43, 110)] + x[(44, 110)] + x[(45, 110)] + x[(47, 110)] + x[(48, 110)] + x[(49, 110)] + x[(50, 110)] + x[(51, 110)] + x[(52, 110)] + x[(53, 110)] + x[(55, 110)] + x[(56, 110)] + x[(58, 110)] + x[(62, 110)] + x[(66, 110)] + x[(71, 110)] + x[(74, 110)] + x[(88, 110)] = 1
 x[(0, 111)] + x[(54, 111)] + x[(55, 111)] + x[(56, 111)] + x[(57, 111)] + x[(58, 111)] + x[(59, 111)] + x[(62, 111)] + x[(64, 111)] + x[(65, 111)] + x[(66, 111)] + x[(70, 111)] + x[(71, 111)] + x[(87, 111)] + x[(89, 111)] = 1
 x[(0, 112)] + x[(36, 112)] + x[(37, 112)] + x[(38, 112)] + x[(39, 112)] + x[(40, 112)] + x[(42, 112)] + x[(43, 112)] + x[(44, 112)] + x[(45, 112)] + x[(46, 112)] + x[(47, 112)] + x[(48, 112)] + x[(50, 112)] + x[(51, 112)] + x[(53, 112)] + x[(55, 112)] + x[(56, 112)] + x[(57, 112)] + x[(58, 112)] + x[(59, 112)] + x[(60, 112)] + x[(62, 112)] + x[(63, 112)] + x[(64, 112)] + x[(65, 112)] + x[(67, 112)] + x[(68, 112)] + x[(71, 112)] + x[(82, 112)] + x[(88, 112)] + x[(89, 112)] = 1
 x[(0, 113)] + x[(39, 113)] + x[(40, 113)] + x[(41, 113)] + x[(42, 113)] + x[(43, 113)] + x[(44, 113)] + x[(45, 113)] + x[(46, 113)] + x[(47, 113)] + x[(48, 113)] + x[(50, 113)] + x[(51, 113)] + x[(52, 113)] + x[(53, 113)] + x[(54, 113)] + x[(55, 113)] + x[(56, 113)] + x[(57, 113)] + x[(58, 113)] + x[(62, 113)] + x[(64, 113)] + x[(66, 113)] + x[(68, 113)] + x[(70, 113)] + x[(71, 113)] = 1
 x[(0, 114)] + x[(50, 114)] + x[(51, 114)] + x[(52, 114)] + x[(53, 114)] + x[(55, 114)] + x[(56, 114)] + x[(57, 114)] + x[(58, 114)] + x[(59, 114)] + x[(62, 114)] + x[(63, 114)] + x[(64, 114)] + x[(65, 114)] + x[(66, 114)] + x[(68, 114)] + x[(70, 114)] + x[(74, 114)] + x[(88, 114)] + x[(89, 114)] + x[(94, 114)] = 1
 x[(0, 115)] + x[(47, 115)] + x[(48, 115)] + x[(49, 115)] + x[(50, 115)] + x[(51, 115)] + x[(53, 115)] + x[(55, 115)] + x[(56, 115)] + x[(57, 115)] + x[(58, 115)] + x[(59, 115)] + x[(60, 115)] + x[(62, 115)] + x[(63, 115)] + x[(64, 115)] + x[(66, 115)] + x[(68, 115)] + x[(70, 115)] + x[(71, 115)] + x[(87, 115)] = 1
 x[(0, 116)] + x[(65, 116)] + x[(66, 116)] + x[(67, 116)] + x[(68, 116)] + x[(70, 116)] + x[(71, 116)] + x[(89, 116)] = 1
 x[(0, 117)] + x[(52, 117)] + x[(53, 117)] + x[(55, 117)] + x[(56, 117)] + x[(58, 117)] + x[(59, 117)] + x[(62, 117)] + x[(63, 117)] + x[(64, 117)] + x[(65, 117)] + x[(66, 117)] + x[(68, 117)] + x[(70, 117)] + x[(71, 117)] + x[(74, 117)] + x[(76, 117)] + x[(81, 117)] + x[(83, 117)] + x[(87, 117)] = 1
 x[(0, 118)] + x[(53, 118)] + x[(54, 118)] + x[(55, 118)] + x[(56, 118)] + x[(57, 118)] + x[(58, 118)] + x[(59, 118)] + x[(62, 118)] + x[(64, 118)] + x[(65, 118)] + x[(66, 118)] + x[(68, 118)] + x[(70, 118)] + x[(71, 118)] + x[(74, 118)] + x[(76, 118)] + x[(81, 118)] + x[(83, 118)] = 1
 x[(0, 119)] + x[(68, 119)] + x[(70, 119)] + x[(71, 119)] + x[(74, 119)] + x[(75, 119)] + x[(82, 119)] + x[(87, 119)] + x[(88, 119)] + x[(98, 119)] + x[(112, 119)] = 1
 x[(0, 120)] + x[(58, 120)] + x[(59, 120)] + x[(62, 120)] + x[(64, 120)] + x[(66, 120)] + x[(67, 120)] + x[(68, 120)] + x[(70, 120)] + x[(71, 120)] + x[(75, 120)] + x[(82, 120)] + x[(87, 120)] + x[(89, 120)] + x[(98, 120)] = 1
 x[(0, 121)] + x[(66, 121)] + x[(67, 121)] + x[(68, 121)] + x[(69, 121)] + x[(70, 121)] + x[(74, 121)] + x[(76, 121)] + x[(82, 121)] + x[(89, 121)] + x[(94, 121)] + x[(98, 121)] = 1
 x[(0, 122)] + x[(58, 122)] + x[(59, 122)] + x[(60, 122)] + x[(62, 122)] + x[(64, 122)] + x[(65, 122)] + x[(66, 122)] + x[(68, 122)] + x[(70, 122)] + x[(71, 122)] + x[(74, 122)] + x[(75, 122)] + x[(76, 122)] + x[(82, 122)] + x[(83, 122)] + x[(88, 122)] + x[(89, 122)] + x[(94, 122)] + x[(112, 122)] + x[(113, 122)] = 1
 x[(0, 123)] + x[(52, 123)] + x[(53, 123)] + x[(54, 123)] + x[(55, 123)] + x[(56, 123)] + x[(57, 123)] + x[(58, 123)] + x[(59, 123)] + x[(61, 123)] + x[(62, 123)] + x[(63, 123)] + x[(64, 123)] + x[(65, 123)] + x[(66, 123)] + x[(68, 123)] + x[(70, 123)] + x[(71, 123)] + x[(75, 123)] + x[(87, 123)] + x[(89, 123)] + x[(94, 123)] = 1
 x[(0, 124)] + x[(52, 124)] + x[(53, 124)] + x[(54, 124)] + x[(55, 124)] + x[(56, 124)] + x[(57, 124)] + x[(58, 124)] + x[(59, 124)] + x[(62, 124)] + x[(64, 124)] + x[(66, 124)] + x[(68, 124)] + x[(70, 124)] + x[(81, 124)] + x[(82, 124)] + x[(87, 124)] + x[(88, 124)] + x[(110, 124)] = 1
 x[(0, 125)] + x[(53, 125)] + x[(54, 125)] + x[(55, 125)] + x[(56, 125)] + x[(57, 125)] + x[(58, 125)] + x[(59, 125)] + x[(61, 125)] + x[(62, 125)] + x[(63, 125)] + x[(64, 125)] + x[(65, 125)] + x[(66, 125)] + x[(67, 125)] + x[(68, 125)] + x[(69, 125)] + x[(70, 125)] + x[(71, 125)] + x[(74, 125)] + x[(76, 125)] + x[(81, 125)] + x[(83, 125)] + x[(86, 125)] + x[(88, 125)] + x[(89, 125)] + x[(98, 125)] + x[(110, 125)] = 1
 x[(0, 126)] + x[(44, 126)] + x[(45, 126)] + x[(46, 126)] + x[(47, 126)] + x[(48, 126)] + x[(49, 126)] + x[(50, 126)] + x[(51, 126)] + x[(52, 126)] + x[(53, 126)] + x[(54, 126)] + x[(55, 126)] + x[(56, 126)] + x[(57, 126)] + x[(58, 126)] + x[(59, 126)] + x[(60, 126)] + x[(62, 126)] + x[(64, 126)] + x[(65, 126)] + x[(66, 126)] + x[(68, 126)] + x[(70, 126)] + x[(71, 126)] + x[(74, 126)] + x[(81, 126)] + x[(94, 126)] + x[(113, 126)] = 1
 x[(0, 127)] + x[(70, 127)] + x[(74, 127)] + x[(75, 127)] + x[(76, 127)] + x[(87, 127)] + x[(89, 127)] + x[(95, 127)] = 1
 x[(0, 128)] + x[(58, 128)] + x[(59, 128)] + x[(62, 128)] + x[(63, 128)] + x[(64, 128)] + x[(65, 128)] + x[(66, 128)] + x[(68, 128)] + x[(70, 128)] + x[(71, 128)] + x[(75, 128)] + x[(76, 128)] + x[(81, 128)] + x[(82, 128)] + x[(83, 128)] + x[(87, 128)] + x[(88, 128)] + x[(89, 128)] + x[(98, 128)] + x[(110, 128)] = 1
 x[(0, 129)] + x[(65, 129)] + x[(66, 129)] + x[(67, 129)] + x[(68, 129)] + x[(71, 129)] + x[(74, 129)] + x[(75, 129)] + x[(76, 129)] + x[(81, 129)] + x[(82, 129)] + x[(88, 129)] + x[(89, 129)] + x[(91, 129)] + x[(103, 129)] + x[(110, 129)] + x[(113, 129)] = 1
 x[(0, 130)] + x[(58, 130)] + x[(59, 130)] + x[(60, 130)] + x[(62, 130)] + x[(64, 130)] + x[(65, 130)] + x[(66, 130)] + x[(67, 130)] + x[(68, 130)] + x[(70, 130)] + x[(71, 130)] + x[(75, 130)] + x[(77, 130)] + x[(82, 130)] + x[(83, 130)] + x[(87, 130)] + x[(88, 130)] + x[(89, 130)] + x[(94, 130)] + x[(98, 130)] = 1
 x[(0, 131)] + x[(70, 131)] + x[(71, 131)] + x[(74, 131)] + x[(75, 131)] + x[(76, 131)] + x[(87, 131)] + x[(89, 131)] + x[(113, 131)] = 1
 x[(0, 132)] + x[(55, 132)] + x[(56, 132)] + x[(57, 132)] + x[(58, 132)] + x[(59, 132)] + x[(62, 132)] + x[(64, 132)] + x[(65, 132)] + x[(66, 132)] + x[(67, 132)] + x[(68, 132)] + x[(70, 132)] + x[(71, 132)] + x[(74, 132)] + x[(76, 132)] + x[(81, 132)] + x[(82, 132)] + x[(85, 132)] + x[(86, 132)] + x[(87, 132)] + x[(88, 132)] + x[(89, 132)] + x[(94, 132)] + x[(98, 132)] + x[(103, 132)] + x[(110, 132)] = 1
 x[(0, 133)] + x[(53, 133)] + x[(54, 133)] + x[(55, 133)] + x[(56, 133)] + x[(57, 133)] + x[(58, 133)] + x[(59, 133)] + x[(62, 133)] + x[(64, 133)] + x[(65, 133)] + x[(66, 133)] + x[(68, 133)] + x[(69, 133)] + x[(70, 133)] + x[(71, 133)] + x[(74, 133)] + x[(77, 133)] + x[(81, 133)] + x[(82, 133)] + x[(83, 133)] + x[(87, 133)] + x[(88, 133)] + x[(89, 133)] + x[(94, 133)] = 1
 x[(0, 134)] + x[(58, 134)] + x[(59, 134)] + x[(61, 134)] + x[(62, 134)] + x[(63, 134)] + x[(64, 134)] + x[(65, 134)] + x[(66, 134)] + x[(67, 134)] + x[(68, 134)] + x[(70, 134)] + x[(71, 134)] + x[(74, 134)] + x[(75, 134)] + x[(78, 134)] + x[(82, 134)] + x[(83, 134)] + x[(87, 134)] + x[(89, 134)] + x[(91, 134)] + x[(95, 134)] + x[(110, 134)] = 1
 x[(0, 135)] + x[(68, 135)] + x[(70, 135)] + x[(71, 135)] + x[(74, 135)] + x[(75, 135)] + x[(82, 135)] + x[(88, 135)] + x[(89, 135)] + x[(95, 135)] + x[(96, 135)] + x[(103, 135)] + x[(112, 135)] = 1
 x[(0, 136)] + x[(62, 136)] + x[(64, 136)] + x[(65, 136)] + x[(66, 136)] + x[(68, 136)] + x[(70, 136)] + x[(71, 136)] + x[(74, 136)] + x[(75, 136)] + x[(76, 136)] + x[(78, 136)] + x[(81, 136)] + x[(82, 136)] + x[(86, 136)] + x[(88, 136)] = 1
 x[(0, 137)] + x[(54, 137)] + x[(55, 137)] + x[(56, 137)] + x[(57, 137)] + x[(58, 137)] + x[(59, 137)] + x[(60, 137)] + x[(62, 137)] + x[(64, 137)] + x[(65, 137)] + x[(66, 137)] + x[(67, 137)] + x[(68, 137)] + x[(70, 137)] + x[(71, 137)] + x[(74, 137)] + x[(76, 137)] + x[(81, 137)] + x[(83, 137)] + x[(91, 137)] + x[(103, 137)] + x[(112, 137)] + x[(113, 137)] = 1
 x[(0, 138)] + x[(64, 138)] + x[(65, 138)] + x[(66, 138)] + x[(67, 138)] + x[(68, 138)] + x[(69, 138)] + x[(70, 138)] + x[(71, 138)] + x[(74, 138)] + x[(75, 138)] + x[(76, 138)] + x[(81, 138)] + x[(82, 138)] + x[(83, 138)] + x[(86, 138)] + x[(88, 138)] + x[(89, 138)] + x[(95, 138)] + x[(98, 138)] + x[(103, 138)] + x[(112, 138)] + x[(126, 138)] = 1
 x[(0, 139)] + x[(69, 139)] + x[(70, 139)] + x[(71, 139)] + x[(74, 139)] + x[(75, 139)] + x[(80, 139)] + x[(81, 139)] + x[(82, 139)] + x[(83, 139)] + x[(87, 139)] + x[(88, 139)] + x[(89, 139)] + x[(110, 139)] = 1
 x[(0, 140)] + x[(58, 140)] + x[(59, 140)] + x[(60, 140)] + x[(61, 140)] + x[(62, 140)] + x[(63, 140)] + x[(64, 140)] + x[(65, 140)] + x[(66, 140)] + x[(67, 140)] + x[(68, 140)] + x[(70, 140)] + x[(71, 140)] + x[(73, 140)] + x[(74, 140)] + x[(75, 140)] + x[(79, 140)] + x[(81, 140)] + x[(83, 140)] + x[(86, 140)] + x[(87, 140)] + x[(88, 140)] + x[(89, 140)] + x[(91, 140)] + x[(94, 140)] + x[(96, 140)] + x[(98, 140)] + x[(113, 140)] = 1
 x[(0, 141)] + x[(61, 141)] + x[(62, 141)] + x[(63, 141)] + x[(64, 141)] + x[(65, 141)] + x[(66, 141)] + x[(68, 141)] + x[(70, 141)] + x[(71, 141)] + x[(73, 141)] + x[(74, 141)] + x[(75, 141)] + x[(78, 141)] + x[(81, 141)] + x[(82, 141)] + x[(83, 141)] + x[(84, 141)] + x[(87, 141)] + x[(88, 141)] + x[(94, 141)] + x[(98, 141)] + x[(100, 141)] + x[(112, 141)] + x[(126, 141)] = 1
 x[(0, 142)] + x[(66, 142)] + x[(67, 142)] + x[(68, 142)] + x[(69, 142)] + x[(70, 142)] + x[(71, 142)] + x[(74, 142)] + x[(75, 142)] + x[(76, 142)] + x[(79, 142)] + x[(81, 142)] + x[(84, 142)] + x[(87, 142)] + x[(88, 142)] + x[(89, 142)] + x[(91, 142)] + x[(95, 142)] + x[(98, 142)] + x[(103, 142)] + x[(113, 142)] = 1
 x[(0, 143)] + x[(70, 143)] + x[(71, 143)] + x[(74, 143)] + x[(75, 143)] + x[(76, 143)] + x[(77, 143)] + x[(78, 143)] + x[(80, 143)] + x[(81, 143)] + x[(82, 143)] + x[(85, 143)] + x[(86, 143)] + x[(87, 143)] + x[(88, 143)] + x[(89, 143)] + x[(91, 143)] + x[(93, 143)] + x[(98, 143)] + x[(100, 143)] + x[(103, 143)] + x[(106, 143)] + x[(112, 143)] + x[(113, 143)] = 1
 x[(0, 144)] + x[(83, 144)] + x[(87, 144)] + x[(88, 144)] + x[(89, 144)] + x[(91, 144)] + x[(94, 144)] + x[(95, 144)] + x[(96, 144)] + x[(98, 144)] + x[(103, 144)] + x[(106, 144)] + x[(110, 144)] = 1
 x[(0, 145)] + x[(69, 145)] + x[(70, 145)] + x[(71, 145)] + x[(72, 145)] + x[(73, 145)] + x[(74, 145)] + x[(75, 145)] + x[(78, 145)] + x[(80, 145)] + x[(82, 145)] + x[(83, 145)] + x[(84, 145)] + x[(87, 145)] + x[(88, 145)] + x[(89, 145)] + x[(91, 145)] + x[(94, 145)] + x[(95, 145)] + x[(98, 145)] + x[(106, 145)] + x[(110, 145)] + x[(112, 145)] = 1
 x[(0, 146)] + x[(74, 146)] + x[(75, 146)] + x[(76, 146)] + x[(81, 146)] + x[(82, 146)] + x[(83, 146)] + x[(85, 146)] + x[(86, 146)] + x[(87, 146)] + x[(88, 146)] + x[(89, 146)] + x[(91, 146)] + x[(92, 146)] + x[(93, 146)] + x[(96, 146)] + x[(97, 146)] + x[(98, 146)] + x[(100, 146)] + x[(110, 146)] + x[(113, 146)] = 1
 x[(0, 147)] + x[(58, 147)] + x[(59, 147)] + x[(61, 147)] + x[(62, 147)] + x[(63, 147)] + x[(64, 147)] + x[(65, 147)] + x[(66, 147)] + x[(67, 147)] + x[(68, 147)] + x[(70, 147)] + x[(71, 147)] + x[(73, 147)] + x[(74, 147)] + x[(75, 147)] + x[(76, 147)] + x[(77, 147)] + x[(81, 147)] + x[(82, 147)] + x[(83, 147)] + x[(85, 147)] + x[(87, 147)] + x[(88, 147)] + x[(89, 147)] + x[(91, 147)] + x[(94, 147)] + x[(110, 147)] + x[(113, 147)] + x[(115, 147)] = 1
 x[(0, 148)] + x[(69, 148)] + x[(70, 148)] + x[(71, 148)] + x[(74, 148)] + x[(75, 148)] + x[(76, 148)] + x[(78, 148)] + x[(81, 148)] + x[(82, 148)] + x[(86, 148)] + x[(87, 148)] + x[(88, 148)] + x[(89, 148)] + x[(94, 148)] + x[(96, 148)] + x[(98, 148)] + x[(100, 148)] + x[(101, 148)] + x[(103, 148)] + x[(105, 148)] + x[(106, 148)] + x[(110, 148)] + x[(112, 148)] + x[(115, 148)] + x[(137, 148)] = 1
 x[(0, 149)] + x[(86, 149)] + x[(87, 149)] + x[(88, 149)] + x[(89, 149)] + x[(91, 149)] + x[(94, 149)] + x[(95, 149)] + x[(98, 149)] + x[(99, 149)] + x[(101, 149)] + x[(103, 149)] + x[(106, 149)] + x[(110, 149)] + x[(112, 149)] + x[(115, 149)] + x[(123, 149)] = 1
 x[(0, 150)] + x[(73, 150)] + x[(74, 150)] + x[(75, 150)] + x[(76, 150)] + x[(77, 150)] + x[(80, 150)] + x[(81, 150)] + x[(82, 150)] + x[(83, 150)] + x[(86, 150)] + x[(87, 150)] + x[(88, 150)] + x[(89, 150)] + x[(91, 150)] + x[(92, 150)] + x[(94, 150)] + x[(96, 150)] + x[(97, 150)] + x[(98, 150)] + x[(100, 150)] + x[(101, 150)] + x[(112, 150)] + x[(113, 150)] + x[(115, 150)] + x[(117, 150)] = 1
 x[(0, 151)] + x[(76, 151)] + x[(78, 151)] + x[(79, 151)] + x[(81, 151)] + x[(82, 151)] + x[(83, 151)] + x[(84, 151)] + x[(85, 151)] + x[(86, 151)] + x[(87, 151)] + x[(88, 151)] + x[(89, 151)] + x[(93, 151)] + x[(94, 151)] + x[(96, 151)] + x[(98, 151)] + x[(101, 151)] + x[(103, 151)] + x[(106, 151)] + x[(110, 151)] + x[(112, 151)] + x[(113, 151)] + x[(115, 151)] + x[(125, 151)] = 1
 x[(0, 152)] + x[(69, 152)] + x[(70, 152)] + x[(71, 152)] + x[(74, 152)] + x[(75, 152)] + x[(76, 152)] + x[(78, 152)] + x[(80, 152)] + x[(81, 152)] + x[(82, 152)] + x[(83, 152)] + x[(87, 152)] + x[(88, 152)] + x[(89, 152)] + x[(91, 152)] + x[(94, 152)] + x[(95, 152)] + x[(98, 152)] + x[(100, 152)] + x[(103, 152)] + x[(105, 152)] + x[(106, 152)] + x[(110, 152)] + x[(111, 152)] + x[(112, 152)] + x[(113, 152)] + x[(114, 152)] + x[(117, 152)] + x[(118, 152)] = 1
 x[(0, 153)] + x[(82, 153)] + x[(83, 153)] + x[(84, 153)] + x[(85, 153)] + x[(86, 153)] + x[(87, 153)] + x[(88, 153)] + x[(89, 153)] + x[(90, 153)] + x[(94, 153)] + x[(98, 153)] + x[(102, 153)] + x[(103, 153)] + x[(110, 153)] + x[(111, 153)] + x[(112, 153)] + x[(114, 153)] + x[(123, 153)] + x[(126, 153)] = 1
 x[(0, 154)] + x[(67, 154)] + x[(68, 154)] + x[(69, 154)] + x[(70, 154)] + x[(71, 154)] + x[(72, 154)] + x[(74, 154)] + x[(75, 154)] + x[(76, 154)] + x[(77, 154)] + x[(78, 154)] + x[(81, 154)] + x[(82, 154)] + x[(83, 154)] + x[(84, 154)] + x[(85, 154)] + x[(86, 154)] + x[(87, 154)] + x[(88, 154)] + x[(89, 154)] + x[(93, 154)] + x[(94, 154)] + x[(98, 154)] + x[(103, 154)] + x[(106, 154)] + x[(112, 154)] + x[(113, 154)] + x[(114, 154)] + x[(126, 154)] = 1
 x[(0, 155)] + x[(70, 155)] + x[(71, 155)] + x[(74, 155)] + x[(75, 155)] + x[(76, 155)] + x[(77, 155)] + x[(81, 155)] + x[(82, 155)] + x[(83, 155)] + x[(85, 155)] + x[(86, 155)] + x[(87, 155)] + x[(88, 155)] + x[(89, 155)] + x[(92, 155)] + x[(93, 155)] + x[(94, 155)] + x[(97, 155)] + x[(98, 155)] + x[(101, 155)] + x[(103, 155)] + x[(106, 155)] + x[(110, 155)] + x[(113, 155)] + x[(114, 155)] + x[(115, 155)] + x[(118, 155)] = 1
 x[(0, 156)] + x[(71, 156)] + x[(72, 156)] + x[(73, 156)] + x[(74, 156)] + x[(75, 156)] + x[(76, 156)] + x[(77, 156)] + x[(78, 156)] + x[(80, 156)] + x[(81, 156)] + x[(82, 156)] + x[(83, 156)] + x[(85, 156)] + x[(86, 156)] + x[(87, 156)] + x[(88, 156)] + x[(89, 156)] + x[(91, 156)] + x[(92, 156)] + x[(94, 156)] + x[(95, 156)] + x[(97, 156)] + x[(98, 156)] + x[(100, 156)] + x[(101, 156)] + x[(102, 156)] + x[(103, 156)] + x[(110, 156)] + x[(113, 156)] = 1
 x[(0, 157)] + x[(101, 157)] + x[(110, 157)] + x[(112, 157)] + x[(113, 157)] + x[(114, 157)] + x[(118, 157)] + x[(123, 157)] + x[(126, 157)] = 1
 x[(0, 158)] + x[(68, 158)] + x[(70, 158)] + x[(71, 158)] + x[(72, 158)] + x[(73, 158)] + x[(74, 158)] + x[(75, 158)] + x[(76, 158)] + x[(78, 158)] + x[(81, 158)] + x[(82, 158)] + x[(84, 158)] + x[(85, 158)] + x[(86, 158)] + x[(87, 158)] + x[(88, 158)] + x[(89, 158)] + x[(91, 158)] + x[(92, 158)] + x[(94, 158)] + x[(95, 158)] + x[(96, 158)] + x[(97, 158)] + x[(98, 158)] + x[(100, 158)] + x[(106, 158)] + x[(110, 158)] + x[(113, 158)] + x[(114, 158)] + x[(118, 158)] + x[(134, 158)] = 1
 x[(0, 159)] + x[(69, 159)] + x[(70, 159)] + x[(71, 159)] + x[(72, 159)] + x[(73, 159)] + x[(74, 159)] + x[(75, 159)] + x[(76, 159)] + x[(77, 159)] + x[(78, 159)] + x[(80, 159)] + x[(81, 159)] + x[(82, 159)] + x[(83, 159)] + x[(84, 159)] + x[(85, 159)] + x[(86, 159)] + x[(87, 159)] + x[(88, 159)] + x[(89, 159)] + x[(91, 159)] + x[(94, 159)] + x[(95, 159)] + x[(98, 159)] + x[(99, 159)] + x[(103, 159)] + x[(106, 159)] + x[(107, 159)] + x[(110, 159)] + x[(112, 159)] + x[(113, 159)] + x[(114, 159)] + x[(115, 159)] + x[(117, 159)] + x[(122, 159)] + x[(124, 159)] + x[(126, 159)] + x[(132, 159)] = 1
 x[(0, 160)] + x[(96, 160)] + x[(97, 160)] + x[(98, 160)] + x[(100, 160)] + x[(103, 160)] + x[(106, 160)] + x[(109, 160)] + x[(110, 160)] + x[(112, 160)] + x[(113, 160)] + x[(117, 160)] + x[(124, 160)] + x[(125, 160)] + x[(126, 160)] + x[(134, 160)] + x[(137, 160)] + x[(140, 160)] = 1
 x[(0, 161)] + x[(101, 161)] + x[(103, 161)] + x[(104, 161)] + x[(105, 161)] + x[(106, 161)] + x[(110, 161)] + x[(111, 161)] + x[(112, 161)] + x[(113, 161)] + x[(114, 161)] + x[(120, 161)] + x[(122, 161)] + x[(124, 161)] + x[(140, 161)] = 1
 x[(0, 162)] + x[(77, 162)] + x[(78, 162)] + x[(79, 162)] + x[(80, 162)] + x[(81, 162)] + x[(82, 162)] + x[(83, 162)] + x[(84, 162)] + x[(85, 162)] + x[(86, 162)] + x[(87, 162)] + x[(88, 162)] + x[(89, 162)] + x[(90, 162)] + x[(91, 162)] + x[(92, 162)] + x[(93, 162)] + x[(94, 162)] + x[(95, 162)] + x[(97, 162)] + x[(98, 162)] + x[(99, 162)] + x[(101, 162)] + x[(102, 162)] + x[(103, 162)] + x[(104, 162)] + x[(108, 162)] + x[(110, 162)] + x[(112, 162)] + x[(113, 162)] + x[(115, 162)] + x[(118, 162)] + x[(120, 162)] + x[(128, 162)] + x[(129, 162)] + x[(133, 162)] + x[(134, 162)] + x[(136, 162)] + x[(137, 162)] = 1
 x[(0, 163)] + x[(90, 163)] + x[(91, 163)] + x[(92, 163)] + x[(93, 163)] + x[(94, 163)] + x[(95, 163)] + x[(96, 163)] + x[(97, 163)] + x[(98, 163)] + x[(100, 163)] + x[(101, 163)] + x[(103, 163)] + x[(104, 163)] + x[(106, 163)] + x[(110, 163)] + x[(112, 163)] + x[(113, 163)] + x[(123, 163)] + x[(124, 163)] + x[(128, 163)] + x[(132, 163)] + x[(133, 163)] + x[(140, 163)] = 1
 x[(0, 164)] + x[(122, 164)] + x[(123, 164)] + x[(126, 164)] + x[(130, 164)] + x[(132, 164)] + x[(133, 164)] + x[(136, 164)] + x[(142, 164)] = 1
 x[(0, 165)] + x[(123, 165)] + x[(126, 165)] + x[(127, 165)] + x[(129, 165)] + x[(133, 165)] + x[(137, 165)] + x[(141, 165)] + x[(159, 165)] = 1
 x[(0, 166)] + x[(118, 166)] + x[(121, 166)] + x[(122, 166)] + x[(123, 166)] + x[(124, 166)] + x[(125, 166)] + x[(126, 166)] + x[(129, 166)] + x[(130, 166)] + x[(132, 166)] + x[(135, 166)] + x[(137, 166)] + x[(140, 166)] + x[(145, 166)] = 1
 x[(0, 167)] + x[(85, 167)] + x[(86, 167)] + x[(87, 167)] + x[(88, 167)] + x[(89, 167)] + x[(90, 167)] + x[(91, 167)] + x[(92, 167)] + x[(93, 167)] + x[(94, 167)] + x[(95, 167)] + x[(96, 167)] + x[(98, 167)] + x[(100, 167)] + x[(101, 167)] + x[(103, 167)] + x[(104, 167)] + x[(105, 167)] + x[(106, 167)] + x[(108, 167)] + x[(110, 167)] + x[(111, 167)] + x[(112, 167)] + x[(113, 167)] + x[(114, 167)] + x[(115, 167)] + x[(119, 167)] + x[(123, 167)] + x[(125, 167)] + x[(128, 167)] + x[(129, 167)] + x[(132, 167)] + x[(133, 167)] + x[(141, 167)] + x[(147, 167)] = 1
 x[(0, 168)] + x[(87, 168)] + x[(88, 168)] + x[(89, 168)] + x[(90, 168)] + x[(91, 168)] + x[(93, 168)] + x[(94, 168)] + x[(95, 168)] + x[(96, 168)] + x[(97, 168)] + x[(98, 168)] + x[(99, 168)] + x[(100, 168)] + x[(101, 168)] + x[(102, 168)] + x[(103, 168)] + x[(105, 168)] + x[(106, 168)] + x[(108, 168)] + x[(110, 168)] + x[(111, 168)] + x[(112, 168)] + x[(113, 168)] + x[(115, 168)] + x[(118, 168)] + x[(122, 168)] + x[(123, 168)] + x[(126, 168)] + x[(130, 168)] + x[(134, 168)] + x[(137, 168)] + x[(140, 168)] + x[(141, 168)] + x[(142, 168)] + x[(143, 168)] + x[(145, 168)] + x[(147, 168)] = 1
 x[(0, 169)] + x[(132, 169)] + x[(133, 169)] + x[(134, 169)] + x[(136, 169)] + x[(138, 169)] + x[(140, 169)] + x[(141, 169)] + x[(143, 169)] + x[(145, 169)] + x[(147, 169)] + x[(155, 169)] + x[(159, 169)] = 1
 x[(0, 170)] + x[(123, 170)] + x[(124, 170)] + x[(125, 170)] + x[(126, 170)] + x[(130, 170)] + x[(133, 170)] + x[(134, 170)] + x[(135, 170)] + x[(137, 170)] + x[(138, 170)] + x[(140, 170)] + x[(147, 170)] = 1
 x[(0, 171)] + x[(111, 171)] + x[(112, 171)] + x[(113, 171)] + x[(115, 171)] + x[(117, 171)] + x[(118, 171)] + x[(119, 171)] + x[(121, 171)] + x[(122, 171)] + x[(123, 171)] + x[(124, 171)] + x[(126, 171)] + x[(130, 171)] + x[(132, 171)] + x[(134, 171)] + x[(136, 171)] + x[(137, 171)] + x[(139, 171)] + x[(140, 171)] + x[(141, 171)] + x[(147, 171)] + x[(152, 171)] + x[(156, 171)] = 1
 x[(0, 172)] + x[(121, 172)] + x[(122, 172)] + x[(124, 172)] + x[(126, 172)] + x[(127, 172)] + x[(128, 172)] + x[(131, 172)] + x[(132, 172)] + x[(133, 172)] + x[(135, 172)] + x[(137, 172)] + x[(138, 172)] + x[(147, 172)] + x[(148, 172)] + x[(156, 172)] + x[(159, 172)] = 1
 x[(0, 173)] + x[(100, 173)] + x[(101, 173)] + x[(102, 173)] + x[(103, 173)] + x[(104, 173)] + x[(105, 173)] + x[(106, 173)] + x[(107, 173)] + x[(109, 173)] + x[(110, 173)] + x[(112, 173)] + x[(113, 173)] + x[(114, 173)] + x[(115, 173)] + x[(116, 173)] + x[(117, 173)] + x[(118, 173)] + x[(122, 173)] + x[(123, 173)] + x[(124, 173)] + x[(125, 173)] + x[(126, 173)] + x[(127, 173)] + x[(128, 173)] + x[(130, 173)] + x[(132, 173)] + x[(133, 173)] + x[(134, 173)] + x[(138, 173)] + x[(141, 173)] + x[(146, 173)] + x[(155, 173)] = 1
 x[(0, 174)] + x[(121, 174)] + x[(122, 174)] + x[(123, 174)] + x[(124, 174)] + x[(125, 174)] + x[(126, 174)] + x[(127, 174)] + x[(128, 174)] + x[(130, 174)] + x[(133, 174)] + x[(134, 174)] + x[(136, 174)] + x[(137, 174)] + x[(138, 174)] + x[(141, 174)] + x[(143, 174)] + x[(145, 174)] + x[(146, 174)] + x[(155, 174)] = 1
 x[(0, 175)] + x[(98, 175)] + x[(99, 175)] + x[(100, 175)] + x[(101, 175)] + x[(102, 175)] + x[(103, 175)] + x[(104, 175)] + x[(105, 175)] + x[(106, 175)] + x[(109, 175)] + x[(110, 175)] + x[(111, 175)] + x[(112, 175)] + x[(113, 175)] + x[(114, 175)] + x[(115, 175)] + x[(116, 175)] + x[(117, 175)] + x[(119, 175)] + x[(120, 175)] + x[(121, 175)] + x[(122, 175)] + x[(123, 175)] + x[(124, 175)] + x[(125, 175)] + x[(126, 175)] + x[(129, 175)] + x[(132, 175)] + x[(133, 175)] + x[(134, 175)] + x[(137, 175)] + x[(141, 175)] + x[(142, 175)] + x[(147, 175)] + x[(150, 175)] + x[(152, 175)] + x[(154, 175)] + x[(155, 175)] = 1
 x[(0, 176)] + x[(97, 176)] + x[(98, 176)] + x[(99, 176)] + x[(100, 176)] + x[(101, 176)] + x[(102, 176)] + x[(103, 176)] + x[(105, 176)] + x[(106, 176)] + x[(107, 176)] + x[(108, 176)] + x[(110, 176)] + x[(111, 176)] + x[(112, 176)] + x[(113, 176)] + x[(114, 176)] + x[(115, 176)] + x[(117, 176)] + x[(118, 176)] + x[(120, 176)] + x[(122, 176)] + x[(123, 176)] + x[(124, 176)] + x[(125, 176)] + x[(126, 176)] + x[(127, 176)] + x[(130, 176)] + x[(133, 176)] + x[(134, 176)] + x[(136, 176)] + x[(137, 176)] + x[(140, 176)] + x[(141, 176)] + x[(142, 176)] + x[(146, 176)] + x[(147, 176)] + x[(152, 176)] + x[(155, 176)] + x[(158, 176)] = 1
 x[(0, 177)] + x[(106, 177)] + x[(107, 177)] + x[(108, 177)] + x[(109, 177)] + x[(110, 177)] + x[(111, 177)] + x[(112, 177)] + x[(113, 177)] + x[(114, 177)] + x[(115, 177)] + x[(117, 177)] + x[(118, 177)] + x[(120, 177)] + x[(123, 177)] + x[(124, 177)] + x[(125, 177)] + x[(126, 177)] + x[(128, 177)] + x[(134, 177)] + x[(135, 177)] + x[(137, 177)] + x[(138, 177)] + x[(139, 177)] + x[(142, 177)] + x[(143, 177)] + x[(147, 177)] + x[(148, 177)] + x[(150, 177)] + x[(154, 177)] + x[(158, 177)] = 1
 x[(0, 178)] + x[(115, 178)] + x[(116, 178)] + x[(117, 178)] + x[(118, 178)] + x[(121, 178)] + x[(122, 178)] + x[(123, 178)] + x[(124, 178)] + x[(125, 178)] + x[(126, 178)] + x[(127, 178)] + x[(129, 178)] + x[(130, 178)] + x[(132, 178)] + x[(133, 178)] + x[(134, 178)] + x[(136, 178)] + x[(137, 178)] + x[(138, 178)] + x[(140, 178)] + x[(141, 178)] + x[(145, 178)] + x[(153, 178)] + x[(154, 178)] + x[(158, 178)] = 1
 x[(0, 179)] + x[(138, 179)] + x[(140, 179)] + x[(141, 179)] + x[(142, 179)] + x[(143, 179)] + x[(145, 179)] + x[(146, 179)] + x[(148, 179)] + x[(154, 179)] + x[(155, 179)] + x[(158, 179)] = 1
 x[(0, 180)] + x[(142, 180)] + x[(145, 180)] + x[(147, 180)] = 1
 x[(0, 181)] + x[(138, 181)] + x[(140, 181)] + x[(142, 181)] + x[(147, 181)] + x[(148, 181)] + x[(151, 181)] + x[(154, 181)] + x[(159, 181)] = 1
 x[(0, 182)] + x[(146, 182)] + x[(147, 182)] + x[(150, 182)] + x[(152, 182)] + x[(162, 182)] = 1
 x[(0, 183)] + x[(141, 183)] + x[(145, 183)] + x[(147, 183)] + x[(151, 183)] + x[(154, 183)] + x[(159, 183)] = 1
 x[(0, 184)] + x[(151, 184)] + x[(153, 184)] + x[(154, 184)] + x[(167, 184)] = 1
 x[(0, 185)] + x[(135, 185)] + x[(136, 185)] + x[(137, 185)] + x[(139, 185)] + x[(140, 185)] + x[(141, 185)] + x[(142, 185)] + x[(143, 185)] + x[(152, 185)] + x[(153, 185)] + x[(155, 185)] + x[(163, 185)] = 1
 x[(0, 186)] + x[(145, 186)] + x[(147, 186)] + x[(153, 186)] + x[(156, 186)] + x[(158, 186)] + x[(159, 186)] = 1
 x[(0, 187)] + x[(119, 187)] + x[(120, 187)] + x[(121, 187)] + x[(122, 187)] + x[(123, 187)] + x[(124, 187)] + x[(125, 187)] + x[(126, 187)] + x[(127, 187)] + x[(130, 187)] + x[(132, 187)] + x[(133, 187)] + x[(134, 187)] + x[(135, 187)] + x[(136, 187)] + x[(137, 187)] + x[(138, 187)] + x[(140, 187)] + x[(141, 187)] + x[(143, 187)] + x[(145, 187)] + x[(147, 187)] + x[(155, 187)] + x[(158, 187)] + x[(159, 187)] = 1
 x[(0, 188)] + x[(105, 188)] + x[(106, 188)] + x[(107, 188)] + x[(108, 188)] + x[(109, 188)] + x[(110, 188)] + x[(111, 188)] + x[(112, 188)] + x[(113, 188)] + x[(114, 188)] + x[(115, 188)] + x[(116, 188)] + x[(117, 188)] + x[(118, 188)] + x[(120, 188)] + x[(121, 188)] + x[(122, 188)] + x[(123, 188)] + x[(124, 188)] + x[(125, 188)] + x[(126, 188)] + x[(128, 188)] + x[(130, 188)] + x[(132, 188)] + x[(133, 188)] + x[(134, 188)] + x[(137, 188)] + x[(138, 188)] + x[(139, 188)] + x[(140, 188)] + x[(141, 188)] + x[(142, 188)] + x[(143, 188)] + x[(145, 188)] + x[(147, 188)] + x[(148, 188)] + x[(150, 188)] + x[(155, 188)] + x[(158, 188)] + x[(159, 188)] = 1
 x[(0, 189)] + x[(147, 189)] + x[(152, 189)] + x[(156, 189)] + x[(158, 189)] + x[(159, 189)] = 1
 x[(0, 190)] + x[(146, 190)] + x[(147, 190)] + x[(148, 190)] + x[(150, 190)] + x[(152, 190)] + x[(154, 190)] + x[(155, 190)] + x[(158, 190)] + x[(162, 190)] = 1
 x[(0, 191)] + x[(128, 191)] + x[(129, 191)] + x[(130, 191)] + x[(132, 191)] + x[(133, 191)] + x[(134, 191)] + x[(135, 191)] + x[(136, 191)] + x[(137, 191)] + x[(138, 191)] + x[(140, 191)] + x[(141, 191)] + x[(142, 191)] + x[(144, 191)] + x[(145, 191)] + x[(147, 191)] + x[(148, 191)] + x[(151, 191)] + x[(154, 191)] + x[(155, 191)] + x[(158, 191)] = 1
 x[(0, 192)] + x[(116, 192)] + x[(117, 192)] + x[(118, 192)] + x[(120, 192)] + x[(121, 192)] + x[(122, 192)] + x[(123, 192)] + x[(124, 192)] + x[(125, 192)] + x[(126, 192)] + x[(128, 192)] + x[(129, 192)] + x[(130, 192)] + x[(132, 192)] + x[(133, 192)] + x[(134, 192)] + x[(137, 192)] + x[(138, 192)] + x[(140, 192)] + x[(141, 192)] + x[(142, 192)] + x[(145, 192)] + x[(146, 192)] + x[(147, 192)] + x[(149, 192)] + x[(151, 192)] + x[(153, 192)] + x[(154, 192)] + x[(155, 192)] + x[(158, 192)] = 1
 x[(0, 193)] + x[(117, 193)] + x[(118, 193)] + x[(119, 193)] + x[(120, 193)] + x[(121, 193)] + x[(123, 193)] + x[(124, 193)] + x[(125, 193)] + x[(126, 193)] + x[(127, 193)] + x[(128, 193)] + x[(129, 193)] + x[(130, 193)] + x[(132, 193)] + x[(133, 193)] + x[(134, 193)] + x[(136, 193)] + x[(137, 193)] + x[(138, 193)] + x[(140, 193)] + x[(141, 193)] + x[(143, 193)] + x[(145, 193)] + x[(147, 193)] + x[(150, 193)] + x[(152, 193)] + x[(153, 193)] + x[(154, 193)] + x[(155, 193)] + x[(158, 193)] + x[(159, 193)] + x[(162, 193)] + x[(167, 193)] + x[(176, 193)] = 1
 x[(0, 194)] + x[(140, 194)] + x[(141, 194)] + x[(142, 194)] + x[(144, 194)] + x[(145, 194)] + x[(147, 194)] + x[(148, 194)] + x[(150, 194)] + x[(151, 194)] + x[(156, 194)] + x[(158, 194)] + x[(159, 194)] + x[(162, 194)] + x[(168, 194)] = 1
 x[(0, 195)] + x[(116, 195)] + x[(117, 195)] + x[(118, 195)] + x[(119, 195)] + x[(120, 195)] + x[(121, 195)] + x[(122, 195)] + x[(123, 195)] + x[(124, 195)] + x[(125, 195)] + x[(126, 195)] + x[(128, 195)] + x[(129, 195)] + x[(130, 195)] + x[(131, 195)] + x[(132, 195)] + x[(133, 195)] + x[(134, 195)] + x[(135, 195)] + x[(136, 195)] + x[(137, 195)] + x[(138, 195)] + x[(139, 195)] + x[(140, 195)] + x[(141, 195)] + x[(142, 195)] + x[(146, 195)] + x[(147, 195)] + x[(148, 195)] + x[(149, 195)] + x[(150, 195)] + x[(155, 195)] + x[(158, 195)] + x[(160, 195)] + x[(162, 195)] = 1
 x[(0, 196)] + x[(117, 196)] + x[(118, 196)] + x[(119, 196)] + x[(120, 196)] + x[(122, 196)] + x[(123, 196)] + x[(124, 196)] + x[(125, 196)] + x[(126, 196)] + x[(127, 196)] + x[(128, 196)] + x[(129, 196)] + x[(130, 196)] + x[(131, 196)] + x[(132, 196)] + x[(133, 196)] + x[(134, 196)] + x[(136, 196)] + x[(137, 196)] + x[(138, 196)] + x[(140, 196)] + x[(141, 196)] + x[(146, 196)] + x[(147, 196)] + x[(148, 196)] + x[(149, 196)] + x[(150, 196)] + x[(151, 196)] + x[(152, 196)] + x[(155, 196)] + x[(156, 196)] + x[(158, 196)] + x[(159, 196)] + x[(167, 196)] + x[(168, 196)] + x[(175, 196)] = 1
 x[(0, 197)] + x[(150, 197)] + x[(151, 197)] + x[(152, 197)] + x[(154, 197)] + x[(155, 197)] + x[(157, 197)] + x[(158, 197)] + x[(159, 197)] + x[(163, 197)] + x[(176, 197)] = 1
 x[(0, 198)] + x[(128, 198)] + x[(129, 198)] + x[(130, 198)] + x[(132, 198)] + x[(133, 198)] + x[(134, 198)] + x[(135, 198)] + x[(136, 198)] + x[(137, 198)] + x[(138, 198)] + x[(140, 198)] + x[(141, 198)] + x[(142, 198)] + x[(144, 198)] + x[(145, 198)] + x[(147, 198)] + x[(150, 198)] + x[(152, 198)] + x[(154, 198)] + x[(158, 198)] + x[(159, 198)] + x[(162, 198)] = 1
 x[(0, 199)] + x[(138, 199)] + x[(139, 199)] + x[(140, 199)] + x[(141, 199)] + x[(142, 199)] + x[(143, 199)] + x[(145, 199)] + x[(146, 199)] + x[(147, 199)] + x[(148, 199)] + x[(149, 199)] + x[(150, 199)] + x[(152, 199)] + x[(153, 199)] + x[(154, 199)] + x[(155, 199)] + x[(156, 199)] = 1
 x[(0, 200)] + x[(156, 200)] + x[(158, 200)] + x[(161, 200)] + x[(162, 200)] + x[(163, 200)] + x[(167, 200)] + x[(188, 200)] = 1
 x[(0, 201)] + x[(146, 201)] + x[(147, 201)] + x[(148, 201)] + x[(149, 201)] + x[(150, 201)] + x[(151, 201)] + x[(152, 201)] + x[(154, 201)] + x[(156, 201)] + x[(158, 201)] + x[(159, 201)] + x[(160, 201)] + x[(171, 201)] + x[(173, 201)] + x[(188, 201)] = 1
 x[(0, 202)] + x[(126, 202)] + x[(127, 202)] + x[(128, 202)] + x[(129, 202)] + x[(130, 202)] + x[(131, 202)] + x[(132, 202)] + x[(133, 202)] + x[(134, 202)] + x[(135, 202)] + x[(136, 202)] + x[(137, 202)] + x[(138, 202)] + x[(139, 202)] + x[(140, 202)] + x[(141, 202)] + x[(142, 202)] + x[(143, 202)] + x[(145, 202)] + x[(146, 202)] + x[(147, 202)] + x[(148, 202)] + x[(151, 202)] + x[(153, 202)] + x[(154, 202)] + x[(155, 202)] + x[(156, 202)] + x[(158, 202)] + x[(159, 202)] + x[(160, 202)] + x[(162, 202)] + x[(167, 202)] + x[(176, 202)] + x[(177, 202)] + x[(188, 202)] = 1
 x[(0, 203)] + x[(136, 203)] + x[(137, 203)] + x[(138, 203)] + x[(139, 203)] + x[(140, 203)] + x[(141, 203)] + x[(142, 203)] + x[(143, 203)] + x[(145, 203)] + x[(146, 203)] + x[(147, 203)] + x[(148, 203)] + x[(150, 203)] + x[(151, 203)] + x[(152, 203)] + x[(154, 203)] + x[(156, 203)] + x[(157, 203)] + x[(158, 203)] + x[(159, 203)] + x[(160, 203)] + x[(162, 203)] + x[(167, 203)] + x[(168, 203)] = 1
 x[(0, 204)] + x[(156, 204)] + x[(158, 204)] + x[(159, 204)] + x[(160, 204)] + x[(162, 204)] + x[(168, 204)] + x[(171, 204)] + x[(175, 204)] + x[(177, 204)] = 1
 x[(0, 205)] + x[(120, 205)] + x[(121, 205)] + x[(122, 205)] + x[(123, 205)] + x[(124, 205)] + x[(125, 205)] + x[(126, 205)] + x[(127, 205)] + x[(128, 205)] + x[(129, 205)] + x[(130, 205)] + x[(131, 205)] + x[(132, 205)] + x[(133, 205)] + x[(134, 205)] + x[(135, 205)] + x[(136, 205)] + x[(137, 205)] + x[(138, 205)] + x[(139, 205)] + x[(140, 205)] + x[(141, 205)] + x[(142, 205)] + x[(143, 205)] + x[(145, 205)] + x[(146, 205)] + x[(147, 205)] + x[(148, 205)] + x[(149, 205)] + x[(150, 205)] + x[(151, 205)] + x[(152, 205)] + x[(154, 205)] + x[(155, 205)] + x[(156, 205)] + x[(158, 205)] + x[(159, 205)] + x[(162, 205)] + x[(163, 205)] + x[(167, 205)] + x[(168, 205)] = 1
 x[(0, 206)] + x[(128, 206)] + x[(129, 206)] + x[(130, 206)] + x[(131, 206)] + x[(132, 206)] + x[(133, 206)] + x[(134, 206)] + x[(135, 206)] + x[(136, 206)] + x[(137, 206)] + x[(138, 206)] + x[(139, 206)] + x[(140, 206)] + x[(141, 206)] + x[(142, 206)] + x[(144, 206)] + x[(145, 206)] + x[(146, 206)] + x[(147, 206)] + x[(148, 206)] + x[(149, 206)] + x[(150, 206)] + x[(152, 206)] + x[(154, 206)] + x[(155, 206)] + x[(156, 206)] + x[(158, 206)] + x[(159, 206)] + x[(160, 206)] + x[(161, 206)] + x[(162, 206)] + x[(163, 206)] + x[(168, 206)] + x[(171, 206)] + x[(173, 206)] + x[(175, 206)] + x[(188, 206)] = 1
 x[(0, 207)] + x[(138, 207)] + x[(139, 207)] + x[(140, 207)] + x[(141, 207)] + x[(142, 207)] + x[(143, 207)] + x[(144, 207)] + x[(145, 207)] + x[(146, 207)] + x[(147, 207)] + x[(148, 207)] + x[(150, 207)] + x[(151, 207)] + x[(152, 207)] + x[(154, 207)] + x[(155, 207)] + x[(158, 207)] + x[(159, 207)] + x[(162, 207)] + x[(163, 207)] + x[(167, 207)] + x[(168, 207)] + x[(188, 207)] = 1
 x[(0, 208)] + x[(161, 208)] + x[(163, 208)] + x[(165, 208)] + x[(167, 208)] + x[(168, 208)] + x[(175, 208)] + x[(177, 208)] = 1
 x[(0, 209)] + x[(134, 209)] + x[(135, 209)] + x[(136, 209)] + x[(137, 209)] + x[(138, 209)] + x[(139, 209)] + x[(140, 209)] + x[(141, 209)] + x[(142, 209)] + x[(143, 209)] + x[(144, 209)] + x[(145, 209)] + x[(146, 209)] + x[(147, 209)] + x[(148, 209)] + x[(152, 209)] + x[(153, 209)] + x[(154, 209)] + x[(155, 209)] + x[(157, 209)] + x[(158, 209)] + x[(159, 209)] + x[(162, 209)] + x[(168, 209)] + x[(178, 209)] + x[(188, 209)] + x[(193, 209)] = 1
 x[(0, 210)] + x[(147, 210)] + x[(148, 210)] + x[(150, 210)] + x[(151, 210)] + x[(152, 210)] + x[(153, 210)] + x[(154, 210)] + x[(155, 210)] + x[(156, 210)] + x[(157, 210)] + x[(158, 210)] + x[(159, 210)] + x[(162, 210)] + x[(165, 210)] + x[(167, 210)] + x[(168, 210)] + x[(192, 210)] + x[(195, 210)] = 1
 x[(0, 211)] + x[(134, 211)] + x[(135, 211)] + x[(136, 211)] + x[(137, 211)] + x[(138, 211)] + x[(139, 211)] + x[(140, 211)] + x[(141, 211)] + x[(142, 211)] + x[(143, 211)] + x[(145, 211)] + x[(146, 211)] + x[(147, 211)] + x[(148, 211)] + x[(149, 211)] + x[(150, 211)] + x[(151, 211)] + x[(152, 211)] + x[(153, 211)] + x[(154, 211)] + x[(155, 211)] + x[(156, 211)] + x[(157, 211)] + x[(158, 211)] + x[(159, 211)] + x[(162, 211)] + x[(164, 211)] + x[(167, 211)] + x[(168, 211)] + x[(171, 211)] + x[(173, 211)] + x[(175, 211)] + x[(188, 211)] + x[(192, 211)] + x[(193, 211)] = 1
 x[(0, 212)] + x[(147, 212)] + x[(148, 212)] + x[(149, 212)] + x[(150, 212)] + x[(151, 212)] + x[(152, 212)] + x[(153, 212)] + x[(154, 212)] + x[(155, 212)] + x[(156, 212)] + x[(157, 212)] + x[(158, 212)] + x[(159, 212)] + x[(162, 212)] + x[(163, 212)] + x[(167, 212)] + x[(168, 212)] + x[(173, 212)] = 1
 x[(0, 213)] + x[(160, 213)] + x[(161, 213)] + x[(163, 213)] + x[(165, 213)] + x[(167, 213)] + x[(168, 213)] + x[(171, 213)] + x[(172, 213)] + x[(175, 213)] + x[(177, 213)] + x[(178, 213)] + x[(195, 213)] + x[(196, 213)] = 1
 x[(0, 214)] + x[(139, 214)] + x[(140, 214)] + x[(141, 214)] + x[(142, 214)] + x[(143, 214)] + x[(144, 214)] + x[(145, 214)] + x[(146, 214)] + x[(147, 214)] + x[(148, 214)] + x[(149, 214)] + x[(150, 214)] + x[(151, 214)] + x[(152, 214)] + x[(153, 214)] + x[(154, 214)] + x[(155, 214)] + x[(156, 214)] + x[(157, 214)] + x[(158, 214)] + x[(159, 214)] + x[(162, 214)] + x[(163, 214)] + x[(165, 214)] + x[(166, 214)] + x[(167, 214)] + x[(168, 214)] + x[(171, 214)] + x[(173, 214)] + x[(174, 214)] + x[(175, 214)] + x[(177, 214)] = 1
 x[(0, 215)] + x[(167, 215)] + x[(168, 215)] + x[(173, 215)] + x[(175, 215)] + x[(176, 215)] = 1
 x[(0, 216)] + x[(147, 216)] + x[(148, 216)] + x[(150, 216)] + x[(151, 216)] + x[(152, 216)] + x[(153, 216)] + x[(154, 216)] + x[(155, 216)] + x[(156, 216)] + x[(157, 216)] + x[(158, 216)] + x[(159, 216)] + x[(160, 216)] + x[(161, 216)] + x[(162, 216)] + x[(163, 216)] + x[(166, 216)] + x[(167, 216)] + x[(168, 216)] + x[(173, 216)] + x[(174, 216)] + x[(175, 216)] + x[(193, 216)] + x[(195, 216)] + x[(196, 216)] = 1
 x[(0, 217)] + x[(162, 217)] + x[(163, 217)] + x[(165, 217)] + x[(166, 217)] + x[(167, 217)] + x[(168, 217)] + x[(170, 217)] + x[(172, 217)] + x[(177, 217)] + x[(178, 217)] + x[(188, 217)] + x[(192, 217)] + x[(195, 217)] = 1
 x[(0, 218)] + x[(162, 218)] + x[(163, 218)] + x[(166, 218)] + x[(167, 218)] + x[(168, 218)] + x[(169, 218)] + x[(171, 218)] + x[(173, 218)] + x[(176, 218)] + x[(178, 218)] + x[(195, 218)] = 1
 x[(0, 219)] + x[(160, 219)] + x[(161, 219)] + x[(162, 219)] + x[(163, 219)] + x[(164, 219)] + x[(165, 219)] + x[(166, 219)] + x[(167, 219)] + x[(168, 219)] + x[(169, 219)] + x[(175, 219)] + x[(176, 219)] + x[(177, 219)] + x[(195, 219)] + x[(211, 219)] = 1
 x[(0, 220)] + x[(139, 220)] + x[(140, 220)] + x[(141, 220)] + x[(142, 220)] + x[(143, 220)] + x[(144, 220)] + x[(145, 220)] + x[(146, 220)] + x[(147, 220)] + x[(148, 220)] + x[(149, 220)] + x[(150, 220)] + x[(151, 220)] + x[(152, 220)] + x[(153, 220)] + x[(154, 220)] + x[(155, 220)] + x[(156, 220)] + x[(157, 220)] + x[(158, 220)] + x[(159, 220)] + x[(161, 220)] + x[(162, 220)] + x[(163, 220)] + x[(165, 220)] + x[(166, 220)] + x[(167, 220)] + x[(168, 220)] + x[(170, 220)] + x[(171, 220)] + x[(172, 220)] + x[(175, 220)] + x[(176, 220)] + x[(178, 220)] + x[(193, 220)] + x[(195, 220)] + x[(205, 220)] + x[(211, 220)] = 1
 x[(0, 221)] + x[(160, 221)] + x[(162, 221)] + x[(166, 221)] + x[(167, 221)] + x[(168, 221)] + x[(171, 221)] + x[(174, 221)] + x[(176, 221)] + x[(177, 221)] + x[(178, 221)] + x[(187, 221)] + x[(188, 221)] + x[(195, 221)] + x[(196, 221)] + x[(203, 221)] + x[(205, 221)] = 1
 x[(0, 222)] + x[(150, 222)] + x[(151, 222)] + x[(152, 222)] + x[(153, 222)] + x[(154, 222)] + x[(155, 222)] + x[(156, 222)] + x[(158, 222)] + x[(159, 222)] + x[(160, 222)] + x[(161, 222)] + x[(162, 222)] + x[(164, 222)] + x[(167, 222)] + x[(168, 222)] + x[(170, 222)] + x[(171, 222)] + x[(174, 222)] + x[(176, 222)] + x[(178, 222)] + x[(192, 222)] + x[(193, 222)] + x[(203, 222)] = 1
 x[(0, 223)] + x[(146, 223)] + x[(147, 223)] + x[(148, 223)] + x[(149, 223)] + x[(150, 223)] + x[(151, 223)] + x[(152, 223)] + x[(153, 223)] + x[(154, 223)] + x[(155, 223)] + x[(156, 223)] + x[(158, 223)] + x[(159, 223)] + x[(160, 223)] + x[(161, 223)] + x[(162, 223)] + x[(163, 223)] + x[(166, 223)] + x[(167, 223)] + x[(168, 223)] + x[(171, 223)] + x[(173, 223)] + x[(174, 223)] + x[(175, 223)] + x[(176, 223)] + x[(177, 223)] + x[(178, 223)] + x[(188, 223)] + x[(195, 223)] + x[(196, 223)] = 1
 x[(0, 224)] + x[(146, 224)] + x[(147, 224)] + x[(148, 224)] + x[(150, 224)] + x[(151, 224)] + x[(152, 224)] + x[(153, 224)] + x[(154, 224)] + x[(155, 224)] + x[(156, 224)] + x[(157, 224)] + x[(158, 224)] + x[(159, 224)] + x[(160, 224)] + x[(161, 224)] + x[(162, 224)] + x[(163, 224)] + x[(167, 224)] + x[(168, 224)] + x[(171, 224)] + x[(174, 224)] + x[(175, 224)] + x[(176, 224)] + x[(177, 224)] + x[(179, 224)] + x[(188, 224)] + x[(192, 224)] + x[(196, 224)] + x[(209, 224)] = 1
 x[(0, 225)] + x[(146, 225)] + x[(147, 225)] + x[(148, 225)] + x[(149, 225)] + x[(150, 225)] + x[(151, 225)] + x[(152, 225)] + x[(153, 225)] + x[(154, 225)] + x[(155, 225)] + x[(156, 225)] + x[(157, 225)] + x[(158, 225)] + x[(159, 225)] + x[(160, 225)] + x[(162, 225)] + x[(163, 225)] + x[(167, 225)] + x[(168, 225)] + x[(173, 225)] + x[(175, 225)] + x[(176, 225)] + x[(188, 225)] + x[(191, 225)] + x[(196, 225)] + x[(207, 225)] + x[(211, 225)] = 1
 x[(0, 226)] + x[(162, 226)] + x[(163, 226)] + x[(164, 226)] + x[(166, 226)] + x[(167, 226)] + x[(168, 226)] + x[(169, 226)] + x[(170, 226)] + x[(171, 226)] + x[(172, 226)] + x[(175, 226)] + x[(176, 226)] + x[(177, 226)] + x[(178, 226)] + x[(187, 226)] + x[(188, 226)] + x[(192, 226)] + x[(193, 226)] + x[(198, 226)] + x[(205, 226)] + x[(211, 226)] = 1
 x[(0, 227)] + x[(165, 227)] + x[(166, 227)] + x[(167, 227)] + x[(168, 227)] + x[(169, 227)] + x[(170, 227)] + x[(171, 227)] + x[(173, 227)] + x[(174, 227)] + x[(175, 227)] + x[(177, 227)] + x[(178, 227)] + x[(188, 227)] + x[(191, 227)] + x[(194, 227)] + x[(195, 227)] + x[(205, 227)] = 1
 x[(0, 228)] + x[(164, 228)] + x[(165, 228)] + x[(167, 228)] + x[(168, 228)] + x[(170, 228)] + x[(176, 228)] + x[(187, 228)] + x[(188, 228)] + x[(192, 228)] + x[(193, 228)] + x[(198, 228)] + x[(199, 228)] = 1
 x[(0, 229)] + x[(169, 229)] + x[(171, 229)] + x[(172, 229)] + x[(173, 229)] + x[(174, 229)] + x[(175, 229)] + x[(176, 229)] + x[(177, 229)] + x[(178, 229)] + x[(188, 229)] + x[(193, 229)] + x[(195, 229)] = 1
 x[(0, 230)] + x[(159, 230)] + x[(160, 230)] + x[(162, 230)] + x[(163, 230)] + x[(167, 230)] + x[(168, 230)] + x[(171, 230)] + x[(172, 230)] + x[(174, 230)] + x[(175, 230)] + x[(176, 230)] + x[(177, 230)] + x[(178, 230)] + x[(181, 230)] + x[(188, 230)] + x[(198, 230)] + x[(202, 230)] + x[(205, 230)] + x[(209, 230)] + x[(220, 230)] = 1
 x[(0, 231)] + x[(169, 231)] + x[(171, 231)] + x[(173, 231)] + x[(174, 231)] + x[(175, 231)] + x[(176, 231)] + x[(178, 231)] + x[(181, 231)] + x[(183, 231)] + x[(187, 231)] + x[(188, 231)] + x[(192, 231)] + x[(195, 231)] + x[(202, 231)] + x[(205, 231)] + x[(207, 231)] + x[(209, 231)] + x[(211, 231)] = 1
 x[(0, 232)] + x[(160, 232)] + x[(161, 232)] + x[(162, 232)] + x[(163, 232)] + x[(164, 232)] + x[(166, 232)] + x[(167, 232)] + x[(168, 232)] + x[(170, 232)] + x[(172, 232)] + x[(174, 232)] + x[(175, 232)] + x[(176, 232)] + x[(178, 232)] + x[(185, 232)] + x[(187, 232)] + x[(188, 232)] + x[(192, 232)] + x[(196, 232)] + x[(199, 232)] + x[(203, 232)] = 1
 x[(0, 233)] + x[(150, 233)] + x[(151, 233)] + x[(152, 233)] + x[(153, 233)] + x[(154, 233)] + x[(155, 233)] + x[(156, 233)] + x[(157, 233)] + x[(158, 233)] + x[(159, 233)] + x[(160, 233)] + x[(161, 233)] + x[(162, 233)] + x[(163, 233)] + x[(165, 233)] + x[(167, 233)] + x[(168, 233)] + x[(175, 233)] + x[(176, 233)] + x[(178, 233)] + x[(179, 233)] + x[(192, 233)] + x[(193, 233)] + x[(195, 233)] + x[(198, 233)] + x[(202, 233)] + x[(203, 233)] + x[(205, 233)] + x[(206, 233)] + x[(211, 233)] + x[(224, 233)] = 1
 x[(0, 234)] + x[(156, 234)] + x[(157, 234)] + x[(158, 234)] + x[(159, 234)] + x[(160, 234)] + x[(161, 234)] + x[(162, 234)] + x[(163, 234)] + x[(165, 234)] + x[(166, 234)] + x[(167, 234)] + x[(168, 234)] + x[(171, 234)] + x[(173, 234)] + x[(175, 234)] + x[(176, 234)] + x[(177, 234)] + x[(182, 234)] + x[(183, 234)] + x[(184, 234)] + x[(187, 234)] + x[(188, 234)] + x[(190, 234)] + x[(192, 234)] + x[(193, 234)] + x[(199, 234)] + x[(205, 234)] + x[(207, 234)] + x[(209, 234)] + x[(211, 234)] + x[(214, 234)] = 1
 x[(0, 235)] + x[(162, 235)] + x[(163, 235)] + x[(165, 235)] + x[(167, 235)] + x[(168, 235)] + x[(170, 235)] + x[(171, 235)] + x[(173, 235)] + x[(175, 235)] + x[(176, 235)] + x[(177, 235)] + x[(178, 235)] + x[(181, 235)] + x[(187, 235)] + x[(188, 235)] + x[(192, 235)] + x[(195, 235)] + x[(198, 235)] + x[(202, 235)] = 1
 x[(0, 236)] + x[(161, 236)] + x[(162, 236)] + x[(163, 236)] + x[(164, 236)] + x[(166, 236)] + x[(167, 236)] + x[(168, 236)] + x[(169, 236)] + x[(171, 236)] + x[(173, 236)] + x[(175, 236)] + x[(176, 236)] + x[(177, 236)] + x[(179, 236)] + x[(181, 236)] + x[(184, 236)] + x[(185, 236)] + x[(187, 236)] + x[(188, 236)] + x[(191, 236)] + x[(192, 236)] + x[(195, 236)] + x[(196, 236)] + x[(202, 236)] + x[(203, 236)] + x[(205, 236)] + x[(211, 236)] = 1
 x[(0, 237)] + x[(167, 237)] + x[(168, 237)] + x[(170, 237)] + x[(171, 237)] + x[(172, 237)] + x[(173, 237)] + x[(174, 237)] + x[(175, 237)] + x[(176, 237)] + x[(177, 237)] + x[(180, 237)] + x[(188, 237)] + x[(191, 237)] + x[(192, 237)] + x[(193, 237)] + x[(195, 237)] + x[(196, 237)] + x[(199, 237)] + x[(201, 237)] + x[(205, 237)] + x[(206, 237)] = 1
 x[(0, 238)] + x[(160, 238)] + x[(161, 238)] + x[(162, 238)] + x[(163, 238)] + x[(165, 238)] + x[(167, 238)] + x[(168, 238)] + x[(169, 238)] + x[(171, 238)] + x[(173, 238)] + x[(174, 238)] + x[(175, 238)] + x[(176, 238)] + x[(177, 238)] + x[(178, 238)] + x[(181, 238)] + x[(182, 238)] + x[(184, 238)] + x[(188, 238)] + x[(190, 238)] + x[(191, 238)] + x[(192, 238)] + x[(193, 238)] + x[(195, 238)] + x[(196, 238)] + x[(203, 238)] + x[(205, 238)] + x[(206, 238)] + x[(207, 238)] + x[(209, 238)] + x[(210, 238)] = 1
 x[(0, 239)] + x[(156, 239)] + x[(157, 239)] + x[(158, 239)] + x[(159, 239)] + x[(160, 239)] + x[(161, 239)] + x[(162, 239)] + x[(163, 239)] + x[(164, 239)] + x[(165, 239)] + x[(167, 239)] + x[(168, 239)] + x[(171, 239)] + x[(172, 239)] + x[(173, 239)] + x[(174, 239)] + x[(175, 239)] + x[(176, 239)] + x[(177, 239)] + x[(178, 239)] + x[(182, 239)] + x[(183, 239)] + x[(187, 239)] + x[(188, 239)] + x[(192, 239)] + x[(195, 239)] + x[(196, 239)] + x[(198, 239)] + x[(205, 239)] + x[(206, 239)] + x[(210, 239)] = 1
 x[(0, 240)] + x[(175, 240)] + x[(176, 240)] + x[(177, 240)] + x[(180, 240)] + x[(183, 240)] + x[(185, 240)] + x[(187, 240)] + x[(188, 240)] + x[(191, 240)] + x[(193, 240)] + x[(195, 240)] + x[(202, 240)] + x[(205, 240)] + x[(209, 240)] = 1
 x[(0, 241)] + x[(191, 241)] + x[(192, 241)] + x[(195, 241)] + x[(198, 241)] + x[(201, 241)] + x[(202, 241)] + x[(205, 241)] + x[(206, 241)] + x[(210, 241)] + x[(214, 241)] = 1
 x[(0, 242)] + x[(172, 242)] + x[(173, 242)] + x[(174, 242)] + x[(175, 242)] + x[(176, 242)] + x[(177, 242)] + x[(178, 242)] + x[(185, 242)] + x[(187, 242)] + x[(188, 242)] + x[(189, 242)] + x[(191, 242)] + x[(192, 242)] + x[(193, 242)] + x[(194, 242)] + x[(195, 242)] + x[(196, 242)] + x[(203, 242)] + x[(212, 242)] + x[(224, 242)] = 1
 x[(0, 243)] + x[(192, 243)] + x[(193, 243)] + x[(194, 243)] + x[(195, 243)] + x[(196, 243)] + x[(198, 243)] + x[(199, 243)] + x[(202, 243)] + x[(203, 243)] + x[(205, 243)] + x[(209, 243)] + x[(211, 243)] + x[(220, 243)] = 1
 x[(0, 244)] + x[(192, 244)] + x[(193, 244)] + x[(195, 244)] + x[(196, 244)] + x[(202, 244)] + x[(209, 244)] + x[(212, 244)] + x[(214, 244)] = 1
 x[(0, 245)] + x[(176, 245)] + x[(177, 245)] + x[(178, 245)] + x[(179, 245)] + x[(180, 245)] + x[(188, 245)] + x[(191, 245)] + x[(192, 245)] + x[(193, 245)] + x[(195, 245)] + x[(196, 245)] + x[(199, 245)] + x[(202, 245)] + x[(209, 245)] + x[(212, 245)] + x[(214, 245)] + x[(222, 245)] + x[(224, 245)] = 1
 x[(0, 246)] + x[(167, 246)] + x[(168, 246)] + x[(169, 246)] + x[(171, 246)] + x[(172, 246)] + x[(173, 246)] + x[(174, 246)] + x[(175, 246)] + x[(176, 246)] + x[(177, 246)] + x[(178, 246)] + x[(179, 246)] + x[(181, 246)] + x[(182, 246)] + x[(185, 246)] + x[(188, 246)] + x[(191, 246)] + x[(192, 246)] + x[(193, 246)] + x[(195, 246)] + x[(196, 246)] + x[(198, 246)] + x[(202, 246)] + x[(206, 246)] + x[(207, 246)] + x[(210, 246)] + x[(211, 246)] + x[(212, 246)] + x[(222, 246)] + x[(223, 246)] = 1
 x[(0, 247)] + x[(162, 247)] + x[(163, 247)] + x[(164, 247)] + x[(165, 247)] + x[(166, 247)] + x[(167, 247)] + x[(168, 247)] + x[(169, 247)] + x[(170, 247)] + x[(171, 247)] + x[(173, 247)] + x[(175, 247)] + x[(176, 247)] + x[(177, 247)] + x[(178, 247)] + x[(179, 247)] + x[(180, 247)] + x[(181, 247)] + x[(182, 247)] + x[(185, 247)] + x[(187, 247)] + x[(188, 247)] + x[(190, 247)] + x[(192, 247)] + x[(193, 247)] + x[(194, 247)] + x[(195, 247)] + x[(196, 247)] + x[(198, 247)] + x[(199, 247)] + x[(202, 247)] + x[(203, 247)] + x[(204, 247)] + x[(206, 247)] + x[(207, 247)] + x[(209, 247)] + x[(211, 247)] + x[(212, 247)] + x[(214, 247)] + x[(223, 247)] + x[(224, 247)] + x[(225, 247)] = 1
 x[(0, 248)] + x[(196, 248)] + x[(198, 248)] + x[(199, 248)] + x[(202, 248)] + x[(204, 248)] + x[(205, 248)] + x[(206, 248)] + x[(210, 248)] + x[(211, 248)] + x[(212, 248)] + x[(214, 248)] + x[(220, 248)] + x[(222, 248)] + x[(223, 248)] + x[(234, 248)] = 1
 x[(0, 249)] + x[(175, 249)] + x[(176, 249)] + x[(177, 249)] + x[(178, 249)] + x[(179, 249)] + x[(180, 249)] + x[(181, 249)] + x[(183, 249)] + x[(184, 249)] + x[(186, 249)] + x[(187, 249)] + x[(188, 249)] + x[(189, 249)] + x[(190, 249)] + x[(191, 249)] + x[(192, 249)] + x[(193, 249)] + x[(195, 249)] + x[(196, 249)] + x[(198, 249)] + x[(201, 249)] + x[(202, 249)] + x[(203, 249)] + x[(205, 249)] + x[(206, 249)] + x[(207, 249)] + x[(209, 249)] + x[(212, 249)] + x[(223, 249)] + x[(224, 249)] + x[(230, 249)] + x[(233, 249)] = 1
 x[(0, 250)] + x[(175, 250)] + x[(176, 250)] + x[(177, 250)] + x[(178, 250)] + x[(179, 250)] + x[(181, 250)] + x[(183, 250)] + x[(186, 250)] + x[(187, 250)] + x[(188, 250)] + x[(189, 250)] + x[(190, 250)] + x[(191, 250)] + x[(192, 250)] + x[(193, 250)] + x[(195, 250)] + x[(196, 250)] + x[(197, 250)] + x[(198, 250)] + x[(202, 250)] + x[(203, 250)] + x[(205, 250)] + x[(207, 250)] + x[(210, 250)] + x[(211, 250)] + x[(214, 250)] + x[(220, 250)] + x[(234, 250)] = 1
 x[a], integer,  a  {(0, 1),(1, 0),,(234, 248),(234, 250)}

[41m solve [00m
~~~~~~~~~~~~~~~~~~~~~~~~~~~~~~~~~~~~~~~~~~~~~~~~~~~~~~~~~~~~~~~~~~~~~~~~~~~~~~
VRPSolver beta v0.3, 17/11/2019. Web: vrpsolver.math.u-bordeaux.fr
Corresponds to the solver by Pessoa, Sadykov, Uchoa and Vanderbeck (2019)
Paper: dx.doi.org/10.1007/978-3-030-17953-3_27
USE THIS CODE ONLY FOR ACADEMIC PURPOSES AT YOUR OWN RISK
~~~~~~~~~~~~~~~~~~~~~~~~~~~~~~~~~~~~~~~~~~~~~~~~~~~~~~~~~~~~~~~~~~~~~~~~~~~~~~
BaPCod v045b, 17/11/2019,  Inria Bordeaux, France (license expires 1/12/2021)
~~~~~~~~~~~~~~~~~~~~~~~~~~~~~~~~~~~~~~~~~~~~~~~~~~~~~~~~~~~~~~~~~~~~~~~~~~~~~~
VRPSolver parameters:
GlobalTimeLimit = 21474836
MaxNbOfBBtreeNodeTreated = 100000
treeSearchStrategy = 1
RCSPstopCutGenTimeThresholdInPricing = 5
RCSPhardTimeThresholdInPricing = 10
RCSPnumberOfBucketsPerVertex = 25
RCSPdynamicBucketSteps = 1
RCSPuseBidirectionalSearch = 1
RCSPapplyReducedCostFixing = 1
RCSPmaxNumOfColsPerIteration = 30
RCSPmaxNumOfColsPerExactIteration = 150
RCSPheurLabelingStrategy = 0
StabilizationMinPhaseOfStage = 0
RCSPmaxNumOfLabelsInEnumeration = 1000000
RCSPmaxNumOfEnumeratedSolutions = 10000000
RCSPmaxNumOfEnumSolutionsForMIP = 10000
RCSPinitNGneighbourhoodSize = 8
RCSPmaxNGneighbourhoodSize = 16
RCSPrankOneCutsMaxNumPerRound = 100
RCSPrankOneCutsMaxNumRows = 7
RCSPrankOneCutsMemoryType = 1
CutTailingOffThreshold = 0.015
CutTailingOffCounterThreshold = 3
SafeDualBoundScaleFactor = -1
StrongBranchingPhaseOneCandidatesNumber = 50
StrongBranchingPhaseOneTreeSizeEstimRatio = 0.1
StrongBranchingPhaseTwoCandidatesNumber = 3
StrongBranchingPhaseTwoTreeSizeEstimRatio = 0.1
MaxTimeForRestrictedMasterIpHeur = -1
DivingHeurUseDepthLimit = -1
MaxLDSbreadth = 0
MaxLDSdepth = 0
New model incumbent solution 1e+07, TIME = 0h0m0s2t = 2
Model is built TIME = 0h0m0s96t = 96
************************************************************************************************
**** BaB tree root node
**** Local DB = -1e+12, global bounds : [ -1e+12 , 1e+07 ], TIME = 0h0m0s96t = 96
**** 1 open nodes, 0 columns (0 active), 0 dyn. constrs. (0 active), 502 art. vars. (502 active)
************************************************************************************************
<DWph=2> <it= 10> <et=1.03> <Mt= 0.00> <Spt= 0.00> <nCl=300> <DB=-28733840472.9180> <Mlp=1338000043.0000> <PB=10000000> 
<DWph=2> <it= 20> <et=1.10> <Mt= 0.03> <Spt= 0.00> <nCl=251> <DB=-13236394012.2631> <Mlp=311250086.0625> <PB=10000000> 
<DWph=2> <it= 30> <et=1.20> <Mt= 0.02> <Spt= 0.00> <nCl=187> <DB=  105.0000> <Mlp=  105.0000> <PB=10000000> 
<DWph=1> <it= 31> <et=1.21> <Mt= 0.00> <Spt= 0.00> <nCl=  0> <DB=  105.0000> <Mlp=  105.0000> <PB=10000000> 
<DWph=0> <it= 32> <et=1.23> <Mt= 0.00> <Spt= 0.00> <nCl=  0> <DB=  105.0000> <Mlp=  105.0000> <PB=10000000> 
Reduced cost fixing for graph G_1... took 0.02 sec., 13828 buck. arcs remain (57.3% from prev., 11% from max.)
Run enumeration... took 0.08 sec. and succeeded! Pricing will be done by inspection.
<DWph=2> <it= 33> <et=1.36> <Mt= 0.02> <Spt= 0.00> <nCl=  0> <DB=  105.0000> <Mlp=  105.0000> <PB=10000000> 
<DWph=1> <it= 34> <et=1.37> <Mt= 0.00> <Spt= 0.00> <nCl=  0> <DB=  105.0000> <Mlp=  105.0000> <PB=10000000> 
<DWph=0> <it= 35> <et=1.37> <Mt= 0.00> <Spt= 0.00> <nCl=  0> <DB=  105.0000> <Mlp=  105.0000> <PB=10000000> 
ColGenEvalAlg final dual bound: 105 (rounded: 105)
----- Add fac. cuts : R1C(2), max.viol = 0.25, aver.viol = 0.25, sep/add took 3.8/0 sec. -----
868 columns (868 active), 2 dyn. constrs. (2 active), 504 art. vars. (504 active)
<DWph=2> <it=  1> <et=5.18> <Mt= 0.00> <Spt= 0.00> <nCl=  0> <DB=  105.0000> <Mlp=  105.0000> <PB=10000000> 
<DWph=1> <it=  2> <et=5.18> <Mt= 0.00> <Spt= 0.00> <nCl=  0> <DB=  105.0000> <Mlp=  105.0000> <PB=10000000> 
<DWph=0> <it=  3> <et=5.18> <Mt= 0.00> <Spt= 0.00> <nCl=  0> <DB=  105.0000> <Mlp=  105.0000> <PB=10000000> 
ColGenEvalAlg final dual bound: 105 (rounded: 105)
----- Add fac. cuts : R1C(2), max.viol = 0.25, aver.viol = 0.25, sep/add took 3.86/0 sec. -----
868 columns (868 active), 4 dyn. constrs. (4 active), 506 art. vars. (506 active)
<DWph=2> <it=  1> <et=9.06> <Mt= 0.00> <Spt= 0.00> <nCl=  0> <DB=  105.0000> <Mlp=  105.0000> <PB=10000000> 
<DWph=1> <it=  2> <et=9.06> <Mt= 0.00> <Spt= 0.00> <nCl=  0> <DB=  105.0000> <Mlp=  105.0000> <PB=10000000> 
<DWph=0> <it=  3> <et=9.07> <Mt= 0.00> <Spt= 0.00> <nCl=  0> <DB=  105.0000> <Mlp=  105.0000> <PB=10000000> 
ColGenEvalAlg final dual bound: 105 (rounded: 105)
----- Add fac. cuts : sep. took 3.6 sec.----- no cuts found  -----
**** Strong branching phase 1 is started *****
SB phase 1 cand.  1 branch on var x_1_0_54_1_OspV (lhs=0.5000)   : [  105.0000,   105.0000], score = 0.00      <et=12.68>
SB phase 1 cand.  2 branch on var x_1_54_0_1_OspV (lhs=0.5000)   : [  105.0000,   105.0000], score = 0.00      <et=12.69>
SB phase 1 cand.  3 branch on var x_1_0_55_1_OspV (lhs=0.5000)   : [  105.0000,   105.0000], score = 0.00      <et=12.7>
**** Strong branching phase 2 is started *****
<DWph=0> <it=  3> <et=13.02> <Mt= 0.00> <Spt= 0.00> <nCl=  0> <DB=  105.0000> <Mlp=  105.0000> <PB=10000000> 
<DWph=0> <it=  3> <et=13.03> <Mt= 0.00> <Spt= 0.00> <nCl=  0> <DB=  105.0000> <Mlp=  105.0000> <PB=10000000> 
SB phase 2 cand.  1 branch on var x_1_0_54_1_OspV (lhs=0.5000): [  105.0000,   105.0000], score = 0.00      <et=13.03>
<DWph=0> <it=  3> <et=13.04> <Mt= 0.00> <Spt= 0.00> <nCl=  0> <DB=  105.0000> <Mlp=  105.0000> <PB=10000000> 
<DWph=0> <it=  3> <et=13.05> <Mt= 0.01> <Spt= 0.00> <nCl=  0> <DB=  105.0000> <Mlp=  105.0000> <PB=10000000> 
SB phase 2 cand.  2 branch on var x_1_54_0_1_OspV (lhs=0.5000): [  105.0000,   105.0000], score = 0.00      <et=13.05>
<DWph=1> <it=  1> <et=13.05> <Mt= 0.00> <Spt= 0.00> <nCl=  0> <DB=  105.0000> <Mlp=  105.0000> <PB=105> 
<DWph=1> <it=  1> <et=13.06> <Mt= 0.00> <Spt= 0.00> <nCl=  0> <DB=  105.0000> <Mlp=  105.0000> <PB=105> 
 SB phase 2 candidate 3 is conquered !
**** Strong branching phase 3 is started *****
**** SB phase 3 evaluation of candidate 1, branch 1 ( x_1_0_55_1_OspV >= 1 ), value = 105
**** SB phase 3 evaluation of candidate 1, branch 2 ( x_1_0_55_1_OspV <= 0 ), value = 105
 SB phase 3 candidate 1 is conquered !
New model incumbent solution 105, TIME = 0h0m13s7t = 1307
************************************************************************************************
Search is finished, global bounds : [ 105 , 105 ], TIME = 0h0m13s8t = 1308
************************************************************************************************
[32mBaPCod : solution defined.[00m
statistics_cols: instance & :Optimal & cutoff & :bcRecRootDb & :bcTimeRootEval & :bcCountNodeProc & :bcRecBestDb & :bcRecBestInc & :bcTimeMain \\
statistics: csp250_Solomon & 1 & 1.0e7 & 105.00 & 12.67 & 3 & 105.00 & 105 & 13.08 \\
########################################################
Route #1: 1 10 35 
Route #2: 2 37 
Route #3: 3 31 56 
Route #4: 4 
Route #5: 5 39 
Route #6: 6 45 
Route #7: 7 
Route #8: 8 43 
Route #9: 9 26 
Route #10: 11 
Route #11: 12 24 49 
Route #12: 13 46 
Route #13: 14 27 
Route #14: 15 36 57 
Route #15: 16 40 70 
Route #16: 17 
Route #17: 18 
Route #18: 19 
Route #19: 20 28 54 
Route #20: 21 48 
Route #21: 22 33 52 74 
Route #22: 23 47 
Route #23: 25 42 67 
Route #24: 29 38 51 62 89 
Route #25: 30 59 71 98 
Route #26: 32 61 
Route #27: 34 
Route #28: 41 72 
Route #29: 44 73 
Route #30: 50 101 
Route #31: 53 63 117 
Route #32: 55 65 81 103 137 
Route #33: 58 76 107 
Route #34: 60 115 147 
Route #35: 64 88 110 128 
Route #36: 66 78 134 
Route #37: 68 94 114 154 
Route #38: 69 121 
Route #39: 75 102 156 
Route #40: 77 130 
Route #41: 79 140 
Route #42: 80 139 
Route #43: 82 105 148 
Route #44: 83 118 152 
Route #45: 84 142 
Route #46: 85 132 
Route #47: 86 125 151 
Route #48: 87 111 153 
Route #49: 90 
Route #50: 91 129 
Route #51: 92 150 
Route #52: 93 143 168 
Route #53: 95 127 
Route #54: 96 135 
Route #55: 97 146 176 
Route #56: 99 
Route #57: 100 141 
Route #58: 104 
Route #59: 106 144 
Route #60: 108 
Route #61: 109 
Route #62: 112 119 171 
Route #63: 113 122 161 
Route #64: 116 
Route #65: 120 187 
Route #66: 123 149 192 
Route #67: 124 159 172 
Route #68: 126 138 177 202 
Route #69: 131 206 
Route #70: 133 163 205 
Route #71: 136 178 209 
Route #72: 145 186 
Route #73: 155 174 216 
Route #74: 157 197 
Route #75: 158 179 224 233 
Route #76: 160 195 210 238 
Route #77: 162 207 225 247 
Route #78: 164 219 
Route #79: 165 208 
Route #80: 166 218 
Route #81: 167 184 236 
Route #82: 169 229 
Route #83: 170 217 
Route #84: 173 201 237 
Route #85: 175 196 223 246 
Route #86: 180 240 
Route #87: 181 235 
Route #88: 182 239 
Route #89: 183 231 
Route #90: 185 232 
Route #91: 188 211 220 230 249 
Route #92: 189 242 
Route #93: 190 234 250 
Route #94: 191 227 
Route #95: 193 222 245 
Route #96: 194 243 
Route #97: 198 226 
Route #98: 199 228 
Route #99: 200 
Route #100: 203 221 
Route #101: 204 248 
Route #102: 212 244 
Route #103: 213 
Route #104: 214 241 
Route #105: 215 
Cost 105.0
########################################################
