Application parameters:
  batch  =>  nothing
  tikz  =>  "/TIKZ/csp200_Solomon.dot"
  instance  =>  "/IN/csp200_Solomon.txt"
  out  =>  "/OUT/csp200_Solomon.sol"
  nosolve  =>  false
  ub  =>  1.0e7
  sol  =>  nothing
  cfg  =>  "/VRPTW/src/../config/VRPTW_set_1.cfg"
  enable_cap_res  =>  false
Min x[(0, 1)] + x[(0, 2)] + x[(0, 3)] + x[(0, 4)] + x[(0, 5)] + x[(0, 6)] + x[(0, 7)] + x[(0, 8)] + x[(0, 9)] + x[(0, 10)] + x[(0, 11)] + x[(0, 12)] + x[(0, 13)] + x[(0, 14)] + x[(0, 15)] + x[(0, 16)] + x[(0, 17)] + x[(0, 18)] + x[(0, 19)] + x[(0, 20)] + x[(0, 21)] + x[(0, 22)] + x[(0, 23)] + x[(0, 24)] + x[(0, 25)] + x[(0, 26)] + x[(0, 27)] + x[(0, 28)] + x[(0, 29)] + x[(0, 30)] + x[(0, 31)] + x[(0, 32)] + x[(0, 33)] + x[(0, 34)] + x[(0, 35)] + x[(0, 36)] + x[(0, 37)] + x[(0, 38)] + x[(0, 39)] + x[(0, 40)] + x[(0, 41)] + x[(0, 42)] + x[(0, 43)] + x[(0, 44)] + x[(0, 45)] + x[(0, 46)] + x[(0, 47)] + x[(0, 48)] + x[(0, 49)] + x[(0, 50)] + x[(0, 51)] + x[(0, 52)] + x[(0, 53)] + x[(0, 54)] + x[(0, 55)] + x[(0, 56)] + x[(0, 57)] + x[(0, 58)] + x[(0, 59)] + x[(0, 60)] + x[(0, 61)] + x[(0, 62)] + x[(0, 63)] + x[(0, 64)] + x[(0, 65)] + x[(0, 66)] + x[(0, 67)] + x[(0, 68)] + x[(0, 69)] + x[(0, 70)] + x[(0, 71)] + x[(0, 72)] + x[(0, 73)] + x[(0, 74)] + x[(0, 75)] + x[(0, 76)] + x[(0, 77)] + x[(0, 78)] + x[(0, 79)] + x[(0, 80)] + x[(0, 81)] + x[(0, 82)] + x[(0, 83)] + x[(0, 84)] + x[(0, 85)] + x[(0, 86)] + x[(0, 87)] + x[(0, 88)] + x[(0, 89)] + x[(0, 90)] + x[(0, 91)] + x[(0, 92)] + x[(0, 93)] + x[(0, 94)] + x[(0, 95)] + x[(0, 96)] + x[(0, 97)] + x[(0, 98)] + x[(0, 99)] + x[(0, 100)] + x[(0, 101)] + x[(0, 102)] + x[(0, 103)] + x[(0, 104)] + x[(0, 105)] + x[(0, 106)] + x[(0, 107)] + x[(0, 108)] + x[(0, 109)] + x[(0, 110)] + x[(0, 111)] + x[(0, 112)] + x[(0, 113)] + x[(0, 114)] + x[(0, 115)] + x[(0, 116)] + x[(0, 117)] + x[(0, 118)] + x[(0, 119)] + x[(0, 120)] + x[(0, 121)] + x[(0, 122)] + x[(0, 123)] + x[(0, 124)] + x[(0, 125)] + x[(0, 126)] + x[(0, 127)] + x[(0, 128)] + x[(0, 129)] + x[(0, 130)] + x[(0, 131)] + x[(0, 132)] + x[(0, 133)] + x[(0, 134)] + x[(0, 135)] + x[(0, 136)] + x[(0, 137)] + x[(0, 138)] + x[(0, 139)] + x[(0, 140)] + x[(0, 141)] + x[(0, 142)] + x[(0, 143)] + x[(0, 144)] + x[(0, 145)] + x[(0, 146)] + x[(0, 147)] + x[(0, 148)] + x[(0, 149)] + x[(0, 150)] + x[(0, 151)] + x[(0, 152)] + x[(0, 153)] + x[(0, 154)] + x[(0, 155)] + x[(0, 156)] + x[(0, 157)] + x[(0, 158)] + x[(0, 159)] + x[(0, 160)] + x[(0, 161)] + x[(0, 162)] + x[(0, 163)] + x[(0, 164)] + x[(0, 165)] + x[(0, 166)] + x[(0, 167)] + x[(0, 168)] + x[(0, 169)] + x[(0, 170)] + x[(0, 171)] + x[(0, 172)] + x[(0, 173)] + x[(0, 174)] + x[(0, 175)] + x[(0, 176)] + x[(0, 177)] + x[(0, 178)] + x[(0, 179)] + x[(0, 180)] + x[(0, 181)] + x[(0, 182)] + x[(0, 183)] + x[(0, 184)] + x[(0, 185)] + x[(0, 186)] + x[(0, 187)] + x[(0, 188)] + x[(0, 189)] + x[(0, 190)] + x[(0, 191)] + x[(0, 192)] + x[(0, 193)] + x[(0, 194)] + x[(0, 195)] + x[(0, 196)] + x[(0, 197)] + x[(0, 198)] + x[(0, 199)] + x[(0, 200)]
Subject to
 x[(0, 1)] = 1
 x[(0, 2)] = 1
 x[(0, 3)] = 1
 x[(0, 4)] = 1
 x[(0, 5)] = 1
 x[(0, 6)] = 1
 x[(0, 7)] = 1
 x[(0, 8)] = 1
 x[(0, 9)] = 1
 x[(0, 10)] = 1
 x[(0, 11)] = 1
 x[(0, 12)] = 1
 x[(0, 13)] = 1
 x[(0, 14)] = 1
 x[(0, 15)] = 1
 x[(0, 16)] = 1
 x[(0, 17)] + x[(4, 17)] = 1
 x[(0, 18)] = 1
 x[(0, 19)] + x[(4, 19)] = 1
 x[(0, 20)] + x[(4, 20)] + x[(10, 20)] = 1
 x[(0, 21)] + x[(3, 21)] + x[(10, 21)] = 1
 x[(0, 22)] + x[(4, 22)] = 1
 x[(0, 23)] + x[(3, 23)] + x[(4, 23)] + x[(6, 23)] = 1
 x[(0, 24)] + x[(3, 24)] + x[(4, 24)] + x[(8, 24)] + x[(10, 24)] + x[(16, 24)] = 1
 x[(0, 25)] + x[(8, 25)] = 1
 x[(0, 26)] + x[(4, 26)] + x[(8, 26)] + x[(10, 26)] = 1
 x[(0, 27)] + x[(2, 27)] + x[(4, 27)] + x[(16, 27)] = 1
 x[(0, 28)] + x[(3, 28)] + x[(4, 28)] + x[(5, 28)] + x[(6, 28)] + x[(8, 28)] = 1
 x[(0, 29)] + x[(3, 29)] + x[(8, 29)] = 1
 x[(0, 30)] + x[(4, 30)] + x[(10, 30)] + x[(17, 30)] = 1
 x[(0, 31)] + x[(6, 31)] + x[(8, 31)] + x[(16, 31)] = 1
 x[(0, 32)] + x[(4, 32)] + x[(5, 32)] + x[(6, 32)] + x[(10, 32)] + x[(16, 32)] + x[(17, 32)] = 1
 x[(0, 33)] + x[(2, 33)] + x[(3, 33)] + x[(4, 33)] + x[(6, 33)] + x[(10, 33)] + x[(12, 33)] + x[(16, 33)] = 1
 x[(0, 34)] + x[(3, 34)] + x[(4, 34)] + x[(6, 34)] = 1
 x[(0, 35)] + x[(2, 35)] + x[(3, 35)] + x[(4, 35)] + x[(5, 35)] + x[(6, 35)] + x[(12, 35)] = 1
 x[(0, 36)] + x[(4, 36)] + x[(8, 36)] + x[(18, 36)] + x[(20, 36)] = 1
 x[(0, 37)] + x[(3, 37)] + x[(4, 37)] + x[(5, 37)] + x[(6, 37)] + x[(8, 37)] + x[(16, 37)] + x[(17, 37)] = 1
 x[(0, 38)] + x[(1, 38)] + x[(3, 38)] + x[(4, 38)] + x[(5, 38)] + x[(6, 38)] + x[(10, 38)] + x[(12, 38)] + x[(16, 38)] + x[(20, 38)] + x[(28, 38)] = 1
 x[(0, 39)] + x[(1, 39)] + x[(2, 39)] + x[(4, 39)] + x[(5, 39)] + x[(8, 39)] + x[(9, 39)] + x[(10, 39)] + x[(16, 39)] + x[(20, 39)] = 1
 x[(0, 40)] + x[(1, 40)] + x[(2, 40)] + x[(3, 40)] + x[(4, 40)] + x[(12, 40)] + x[(16, 40)] + x[(17, 40)] + x[(24, 40)] + x[(28, 40)] = 1
 x[(0, 41)] + x[(4, 41)] + x[(5, 41)] + x[(6, 41)] + x[(8, 41)] + x[(17, 41)] + x[(24, 41)] = 1
 x[(0, 42)] + x[(6, 42)] + x[(7, 42)] + x[(8, 42)] + x[(12, 42)] + x[(17, 42)] + x[(23, 42)] + x[(28, 42)] + x[(37, 42)] = 1
 x[(0, 43)] + x[(2, 43)] + x[(3, 43)] + x[(4, 43)] + x[(5, 43)] + x[(6, 43)] + x[(7, 43)] + x[(8, 43)] + x[(10, 43)] + x[(15, 43)] + x[(17, 43)] + x[(20, 43)] + x[(23, 43)] = 1
 x[(0, 44)] + x[(2, 44)] + x[(4, 44)] + x[(5, 44)] + x[(6, 44)] + x[(10, 44)] + x[(12, 44)] + x[(16, 44)] + x[(17, 44)] + x[(20, 44)] + x[(23, 44)] = 1
 x[(0, 45)] + x[(2, 45)] + x[(4, 45)] + x[(5, 45)] + x[(6, 45)] + x[(7, 45)] + x[(8, 45)] + x[(10, 45)] + x[(15, 45)] + x[(16, 45)] + x[(17, 45)] + x[(28, 45)] = 1
 x[(0, 46)] + x[(1, 46)] + x[(2, 46)] + x[(3, 46)] + x[(4, 46)] + x[(5, 46)] + x[(6, 46)] + x[(8, 46)] + x[(10, 46)] + x[(12, 46)] + x[(15, 46)] + x[(16, 46)] + x[(18, 46)] + x[(20, 46)] = 1
 x[(0, 47)] + x[(18, 47)] + x[(20, 47)] + x[(21, 47)] + x[(23, 47)] + x[(24, 47)] + x[(28, 47)] = 1
 x[(0, 48)] + x[(1, 48)] + x[(2, 48)] + x[(3, 48)] + x[(4, 48)] + x[(6, 48)] + x[(7, 48)] + x[(8, 48)] + x[(10, 48)] + x[(12, 48)] + x[(14, 48)] + x[(15, 48)] + x[(17, 48)] + x[(18, 48)] + x[(21, 48)] + x[(27, 48)] + x[(28, 48)] + x[(38, 48)] = 1
 x[(0, 49)] + x[(2, 49)] + x[(3, 49)] + x[(4, 49)] + x[(5, 49)] + x[(6, 49)] + x[(7, 49)] + x[(8, 49)] + x[(10, 49)] + x[(11, 49)] + x[(12, 49)] + x[(16, 49)] + x[(17, 49)] + x[(20, 49)] + x[(22, 49)] + x[(23, 49)] + x[(24, 49)] + x[(32, 49)] + x[(35, 49)] = 1
 x[(0, 50)] + x[(8, 50)] + x[(9, 50)] + x[(10, 50)] + x[(14, 50)] + x[(16, 50)] + x[(17, 50)] + x[(18, 50)] + x[(20, 50)] + x[(23, 50)] + x[(28, 50)] + x[(37, 50)] + x[(38, 50)] = 1
 x[(0, 51)] + x[(8, 51)] + x[(9, 51)] + x[(10, 51)] + x[(12, 51)] + x[(13, 51)] + x[(15, 51)] + x[(16, 51)] + x[(17, 51)] + x[(18, 51)] + x[(20, 51)] + x[(23, 51)] + x[(24, 51)] + x[(27, 51)] + x[(28, 51)] + x[(35, 51)] = 1
 x[(0, 52)] + x[(1, 52)] + x[(2, 52)] + x[(3, 52)] + x[(4, 52)] + x[(5, 52)] + x[(6, 52)] + x[(7, 52)] + x[(8, 52)] + x[(10, 52)] + x[(12, 52)] + x[(15, 52)] + x[(16, 52)] + x[(20, 52)] + x[(22, 52)] + x[(23, 52)] + x[(26, 52)] = 1
 x[(0, 53)] + x[(6, 53)] + x[(7, 53)] + x[(8, 53)] + x[(9, 53)] + x[(10, 53)] + x[(11, 53)] + x[(12, 53)] + x[(13, 53)] + x[(14, 53)] + x[(16, 53)] + x[(17, 53)] + x[(20, 53)] + x[(23, 53)] + x[(28, 53)] + x[(37, 53)] = 1
 x[(0, 54)] + x[(23, 54)] + x[(24, 54)] + x[(32, 54)] + x[(38, 54)] = 1
 x[(0, 55)] + x[(9, 55)] + x[(10, 55)] + x[(12, 55)] + x[(15, 55)] + x[(16, 55)] + x[(17, 55)] + x[(18, 55)] + x[(20, 55)] + x[(21, 55)] + x[(23, 55)] + x[(24, 55)] + x[(28, 55)] + x[(32, 55)] = 1
 x[(0, 56)] + x[(6, 56)] + x[(8, 56)] + x[(9, 56)] + x[(10, 56)] + x[(11, 56)] + x[(12, 56)] + x[(16, 56)] + x[(17, 56)] + x[(18, 56)] + x[(20, 56)] + x[(21, 56)] + x[(22, 56)] + x[(23, 56)] + x[(24, 56)] + x[(25, 56)] + x[(26, 56)] + x[(27, 56)] + x[(28, 56)] + x[(37, 56)] = 1
 x[(0, 57)] + x[(23, 57)] + x[(24, 57)] + x[(28, 57)] + x[(35, 57)] + x[(37, 57)] + x[(38, 57)] = 1
 x[(0, 58)] + x[(5, 58)] + x[(6, 58)] + x[(8, 58)] + x[(9, 58)] + x[(10, 58)] + x[(12, 58)] + x[(13, 58)] + x[(16, 58)] + x[(17, 58)] + x[(18, 58)] + x[(20, 58)] + x[(22, 58)] + x[(23, 58)] + x[(24, 58)] + x[(25, 58)] + x[(35, 58)] + x[(37, 58)] + x[(39, 58)] + x[(46, 58)] = 1
 x[(0, 59)] + x[(23, 59)] + x[(27, 59)] + x[(28, 59)] + x[(35, 59)] = 1
 x[(0, 60)] + x[(9, 60)] + x[(10, 60)] + x[(12, 60)] + x[(14, 60)] + x[(15, 60)] + x[(16, 60)] + x[(17, 60)] + x[(18, 60)] + x[(20, 60)] + x[(21, 60)] + x[(22, 60)] + x[(23, 60)] + x[(27, 60)] + x[(32, 60)] + x[(35, 60)] + x[(46, 60)] = 1
 x[(0, 61)] + x[(7, 61)] + x[(8, 61)] + x[(10, 61)] + x[(11, 61)] + x[(12, 61)] + x[(13, 61)] + x[(15, 61)] + x[(16, 61)] + x[(17, 61)] + x[(18, 61)] + x[(19, 61)] + x[(20, 61)] + x[(21, 61)] + x[(23, 61)] + x[(24, 61)] + x[(26, 61)] + x[(27, 61)] + x[(28, 61)] + x[(32, 61)] + x[(33, 61)] + x[(35, 61)] + x[(39, 61)] = 1
 x[(0, 62)] + x[(6, 62)] + x[(7, 62)] + x[(8, 62)] + x[(10, 62)] + x[(12, 62)] + x[(15, 62)] + x[(16, 62)] + x[(17, 62)] + x[(18, 62)] + x[(19, 62)] + x[(20, 62)] + x[(21, 62)] + x[(22, 62)] + x[(23, 62)] + x[(24, 62)] + x[(26, 62)] + x[(27, 62)] + x[(28, 62)] + x[(33, 62)] + x[(37, 62)] + x[(39, 62)] + x[(46, 62)] = 1
 x[(0, 63)] + x[(22, 63)] + x[(23, 63)] + x[(24, 63)] + x[(25, 63)] + x[(28, 63)] + x[(32, 63)] + x[(33, 63)] + x[(35, 63)] + x[(37, 63)] + x[(38, 63)] + x[(41, 63)] = 1
 x[(0, 64)] + x[(6, 64)] + x[(7, 64)] + x[(8, 64)] + x[(9, 64)] + x[(10, 64)] + x[(12, 64)] + x[(14, 64)] + x[(15, 64)] + x[(16, 64)] + x[(17, 64)] + x[(18, 64)] + x[(19, 64)] + x[(20, 64)] + x[(22, 64)] + x[(23, 64)] + x[(26, 64)] + x[(27, 64)] + x[(28, 64)] + x[(29, 64)] + x[(32, 64)] + x[(33, 64)] + x[(35, 64)] + x[(37, 64)] + x[(38, 64)] + x[(39, 64)] + x[(41, 64)] + x[(45, 64)] + x[(46, 64)] + x[(49, 64)] = 1
 x[(0, 65)] + x[(23, 65)] + x[(24, 65)] + x[(25, 65)] + x[(26, 65)] + x[(27, 65)] + x[(28, 65)] + x[(33, 65)] + x[(35, 65)] + x[(37, 65)] + x[(39, 65)] + x[(45, 65)] + x[(46, 65)] = 1
 x[(0, 66)] + x[(21, 66)] + x[(22, 66)] + x[(23, 66)] + x[(24, 66)] + x[(26, 66)] + x[(27, 66)] + x[(28, 66)] + x[(29, 66)] + x[(30, 66)] + x[(32, 66)] + x[(35, 66)] + x[(38, 66)] + x[(41, 66)] + x[(43, 66)] + x[(44, 66)] + x[(45, 66)] + x[(46, 66)] + x[(48, 66)] + x[(49, 66)] = 1
 x[(0, 67)] + x[(10, 67)] + x[(11, 67)] + x[(12, 67)] + x[(13, 67)] + x[(14, 67)] + x[(15, 67)] + x[(16, 67)] + x[(17, 67)] + x[(18, 67)] + x[(19, 67)] + x[(20, 67)] + x[(21, 67)] + x[(23, 67)] + x[(24, 67)] + x[(25, 67)] + x[(26, 67)] + x[(27, 67)] + x[(28, 67)] + x[(29, 67)] + x[(30, 67)] + x[(33, 67)] + x[(35, 67)] + x[(37, 67)] + x[(38, 67)] + x[(39, 67)] = 1
 x[(0, 68)] + x[(38, 68)] + x[(41, 68)] + x[(43, 68)] + x[(46, 68)] + x[(49, 68)] = 1
 x[(0, 69)] + x[(21, 69)] + x[(22, 69)] + x[(23, 69)] + x[(24, 69)] + x[(25, 69)] + x[(26, 69)] + x[(27, 69)] + x[(28, 69)] + x[(31, 69)] + x[(33, 69)] + x[(35, 69)] + x[(36, 69)] + x[(37, 69)] + x[(38, 69)] + x[(39, 69)] + x[(43, 69)] + x[(48, 69)] + x[(49, 69)] = 1
 x[(0, 70)] + x[(23, 70)] + x[(24, 70)] + x[(25, 70)] + x[(26, 70)] + x[(27, 70)] + x[(28, 70)] + x[(29, 70)] + x[(30, 70)] + x[(31, 70)] + x[(35, 70)] + x[(36, 70)] + x[(37, 70)] + x[(38, 70)] + x[(39, 70)] + x[(40, 70)] + x[(41, 70)] = 1
 x[(0, 71)] + x[(36, 71)] + x[(37, 71)] + x[(38, 71)] + x[(39, 71)] + x[(40, 71)] + x[(41, 71)] + x[(43, 71)] + x[(46, 71)] + x[(48, 71)] + x[(49, 71)] = 1
 x[(0, 72)] + x[(15, 72)] + x[(16, 72)] + x[(17, 72)] + x[(18, 72)] + x[(19, 72)] + x[(20, 72)] + x[(21, 72)] + x[(22, 72)] + x[(23, 72)] + x[(24, 72)] + x[(25, 72)] + x[(27, 72)] + x[(28, 72)] + x[(29, 72)] + x[(30, 72)] + x[(31, 72)] + x[(32, 72)] + x[(34, 72)] + x[(35, 72)] + x[(37, 72)] + x[(38, 72)] + x[(39, 72)] + x[(40, 72)] + x[(41, 72)] + x[(48, 72)] + x[(49, 72)] + x[(52, 72)] + x[(62, 72)] = 1
 x[(0, 73)] + x[(21, 73)] + x[(22, 73)] + x[(23, 73)] + x[(24, 73)] + x[(25, 73)] + x[(26, 73)] + x[(27, 73)] + x[(28, 73)] + x[(30, 73)] + x[(31, 73)] + x[(32, 73)] + x[(33, 73)] + x[(34, 73)] + x[(35, 73)] + x[(37, 73)] + x[(38, 73)] + x[(39, 73)] + x[(41, 73)] + x[(43, 73)] + x[(45, 73)] + x[(46, 73)] + x[(49, 73)] + x[(51, 73)] = 1
 x[(0, 74)] + x[(23, 74)] + x[(24, 74)] + x[(25, 74)] + x[(26, 74)] + x[(27, 74)] + x[(28, 74)] + x[(30, 74)] + x[(32, 74)] + x[(35, 74)] + x[(36, 74)] + x[(37, 74)] + x[(38, 74)] + x[(39, 74)] + x[(40, 74)] + x[(46, 74)] + x[(48, 74)] + x[(49, 74)] + x[(52, 74)] + x[(64, 74)] = 1
 x[(0, 75)] + x[(38, 75)] + x[(39, 75)] + x[(40, 75)] + x[(42, 75)] + x[(44, 75)] + x[(45, 75)] + x[(46, 75)] + x[(48, 75)] + x[(49, 75)] + x[(50, 75)] + x[(52, 75)] + x[(53, 75)] + x[(64, 75)] + x[(67, 75)] = 1
 x[(0, 76)] + x[(29, 76)] + x[(30, 76)] + x[(32, 76)] + x[(33, 76)] + x[(34, 76)] + x[(35, 76)] + x[(37, 76)] + x[(38, 76)] + x[(39, 76)] + x[(40, 76)] + x[(41, 76)] + x[(46, 76)] + x[(56, 76)] + x[(58, 76)] + x[(64, 76)] = 1
 x[(0, 77)] + x[(23, 77)] + x[(24, 77)] + x[(25, 77)] + x[(26, 77)] + x[(27, 77)] + x[(28, 77)] + x[(29, 77)] + x[(30, 77)] + x[(32, 77)] + x[(33, 77)] + x[(34, 77)] + x[(35, 77)] + x[(36, 77)] + x[(37, 77)] + x[(38, 77)] + x[(39, 77)] + x[(41, 77)] + x[(42, 77)] + x[(45, 77)] + x[(46, 77)] + x[(49, 77)] + x[(50, 77)] + x[(53, 77)] + x[(58, 77)] + x[(61, 77)] + x[(64, 77)] = 1
 x[(0, 78)] + x[(32, 78)] + x[(33, 78)] + x[(34, 78)] + x[(35, 78)] + x[(36, 78)] + x[(37, 78)] + x[(38, 78)] + x[(39, 78)] + x[(40, 78)] + x[(42, 78)] + x[(45, 78)] + x[(46, 78)] + x[(48, 78)] + x[(49, 78)] + x[(53, 78)] + x[(58, 78)] + x[(60, 78)] + x[(61, 78)] + x[(62, 78)] + x[(67, 78)] + x[(72, 78)] = 1
 x[(0, 79)] + x[(22, 79)] + x[(23, 79)] + x[(24, 79)] + x[(25, 79)] + x[(26, 79)] + x[(27, 79)] + x[(28, 79)] + x[(30, 79)] + x[(31, 79)] + x[(32, 79)] + x[(33, 79)] + x[(34, 79)] + x[(35, 79)] + x[(36, 79)] + x[(37, 79)] + x[(38, 79)] + x[(39, 79)] + x[(40, 79)] + x[(41, 79)] + x[(43, 79)] + x[(45, 79)] + x[(46, 79)] + x[(48, 79)] + x[(49, 79)] + x[(51, 79)] + x[(52, 79)] + x[(55, 79)] + x[(56, 79)] + x[(58, 79)] + x[(62, 79)] + x[(67, 79)] = 1
 x[(0, 80)] + x[(38, 80)] + x[(39, 80)] + x[(41, 80)] + x[(42, 80)] + x[(43, 80)] + x[(44, 80)] + x[(45, 80)] + x[(46, 80)] + x[(49, 80)] + x[(50, 80)] + x[(51, 80)] + x[(52, 80)] + x[(53, 80)] + x[(60, 80)] + x[(61, 80)] = 1
 x[(0, 81)] + x[(41, 81)] + x[(42, 81)] + x[(44, 81)] + x[(45, 81)] + x[(46, 81)] + x[(48, 81)] + x[(49, 81)] + x[(50, 81)] + x[(52, 81)] + x[(53, 81)] + x[(61, 81)] + x[(62, 81)] + x[(64, 81)] = 1
 x[(0, 82)] + x[(41, 82)] + x[(42, 82)] + x[(45, 82)] + x[(46, 82)] + x[(49, 82)] + x[(51, 82)] + x[(53, 82)] + x[(56, 82)] + x[(57, 82)] + x[(58, 82)] + x[(60, 82)] + x[(61, 82)] + x[(62, 82)] + x[(64, 82)] + x[(67, 82)] = 1
 x[(0, 83)] + x[(29, 83)] + x[(30, 83)] + x[(32, 83)] + x[(33, 83)] + x[(34, 83)] + x[(35, 83)] + x[(36, 83)] + x[(37, 83)] + x[(38, 83)] + x[(39, 83)] + x[(40, 83)] + x[(41, 83)] + x[(43, 83)] + x[(44, 83)] + x[(45, 83)] + x[(46, 83)] + x[(49, 83)] + x[(57, 83)] + x[(58, 83)] + x[(60, 83)] + x[(61, 83)] + x[(62, 83)] + x[(67, 83)] = 1
 x[(0, 84)] + x[(38, 84)] + x[(39, 84)] + x[(40, 84)] + x[(41, 84)] + x[(42, 84)] + x[(43, 84)] + x[(45, 84)] + x[(46, 84)] + x[(48, 84)] + x[(49, 84)] + x[(50, 84)] + x[(53, 84)] + x[(55, 84)] + x[(58, 84)] + x[(61, 84)] + x[(62, 84)] + x[(63, 84)] + x[(67, 84)] + x[(72, 84)] = 1
 x[(0, 85)] + x[(48, 85)] + x[(49, 85)] + x[(50, 85)] + x[(51, 85)] + x[(52, 85)] + x[(53, 85)] + x[(56, 85)] + x[(61, 85)] + x[(62, 85)] + x[(64, 85)] = 1
 x[(0, 86)] + x[(30, 86)] + x[(31, 86)] + x[(32, 86)] + x[(33, 86)] + x[(34, 86)] + x[(35, 86)] + x[(37, 86)] + x[(38, 86)] + x[(39, 86)] + x[(40, 86)] + x[(41, 86)] + x[(43, 86)] + x[(44, 86)] + x[(45, 86)] + x[(46, 86)] + x[(49, 86)] + x[(50, 86)] + x[(52, 86)] + x[(53, 86)] + x[(57, 86)] + x[(58, 86)] = 1
 x[(0, 87)] + x[(45, 87)] + x[(46, 87)] + x[(48, 87)] + x[(49, 87)] + x[(51, 87)] + x[(52, 87)] + x[(57, 87)] + x[(58, 87)] + x[(60, 87)] + x[(62, 87)] + x[(64, 87)] = 1
 x[(0, 88)] + x[(38, 88)] + x[(39, 88)] + x[(40, 88)] + x[(41, 88)] + x[(42, 88)] + x[(43, 88)] + x[(44, 88)] + x[(45, 88)] + x[(46, 88)] + x[(47, 88)] + x[(49, 88)] + x[(52, 88)] + x[(54, 88)] + x[(55, 88)] + x[(56, 88)] + x[(58, 88)] + x[(60, 88)] + x[(61, 88)] + x[(62, 88)] + x[(63, 88)] + x[(64, 88)] = 1
 x[(0, 89)] + x[(62, 89)] + x[(63, 89)] + x[(67, 89)] = 1
 x[(0, 90)] + x[(41, 90)] + x[(42, 90)] + x[(43, 90)] + x[(44, 90)] + x[(45, 90)] + x[(46, 90)] + x[(48, 90)] + x[(49, 90)] + x[(50, 90)] + x[(52, 90)] + x[(53, 90)] + x[(55, 90)] + x[(56, 90)] + x[(58, 90)] + x[(61, 90)] + x[(62, 90)] + x[(64, 90)] + x[(67, 90)] = 1
 x[(0, 91)] + x[(57, 91)] + x[(58, 91)] + x[(60, 91)] + x[(66, 91)] + x[(67, 91)] + x[(72, 91)] = 1
 x[(0, 92)] + x[(61, 92)] + x[(64, 92)] + x[(65, 92)] + x[(67, 92)] + x[(72, 92)] = 1
 x[(0, 93)] + x[(38, 93)] + x[(39, 93)] + x[(40, 93)] + x[(41, 93)] + x[(42, 93)] + x[(44, 93)] + x[(45, 93)] + x[(46, 93)] + x[(48, 93)] + x[(49, 93)] + x[(51, 93)] + x[(52, 93)] + x[(53, 93)] + x[(55, 93)] + x[(56, 93)] + x[(58, 93)] + x[(61, 93)] + x[(65, 93)] = 1
 x[(0, 94)] + x[(47, 94)] + x[(48, 94)] + x[(49, 94)] + x[(51, 94)] + x[(52, 94)] + x[(56, 94)] + x[(58, 94)] + x[(62, 94)] + x[(67, 94)] + x[(70, 94)] + x[(72, 94)] = 1
 x[(0, 95)] + x[(41, 95)] + x[(42, 95)] + x[(43, 95)] + x[(45, 95)] + x[(46, 95)] + x[(48, 95)] + x[(49, 95)] + x[(50, 95)] + x[(52, 95)] + x[(53, 95)] + x[(54, 95)] + x[(55, 95)] + x[(58, 95)] + x[(59, 95)] + x[(62, 95)] + x[(67, 95)] + x[(72, 95)] + x[(74, 95)] = 1
 x[(0, 96)] + x[(55, 96)] + x[(56, 96)] + x[(57, 96)] + x[(58, 96)] + x[(61, 96)] + x[(62, 96)] + x[(63, 96)] + x[(64, 96)] + x[(67, 96)] + x[(70, 96)] + x[(72, 96)] + x[(73, 96)] = 1
 x[(0, 97)] + x[(45, 97)] + x[(46, 97)] + x[(48, 97)] + x[(49, 97)] + x[(50, 97)] + x[(52, 97)] + x[(53, 97)] + x[(55, 97)] + x[(57, 97)] + x[(58, 97)] + x[(60, 97)] + x[(61, 97)] + x[(62, 97)] + x[(64, 97)] + x[(67, 97)] + x[(74, 97)] = 1
 x[(0, 98)] + x[(47, 98)] + x[(48, 98)] + x[(49, 98)] + x[(50, 98)] + x[(51, 98)] + x[(52, 98)] + x[(53, 98)] + x[(55, 98)] + x[(56, 98)] + x[(58, 98)] + x[(61, 98)] + x[(62, 98)] + x[(64, 98)] + x[(67, 98)] + x[(70, 98)] + x[(72, 98)] + x[(73, 98)] + x[(77, 98)] + x[(86, 98)] = 1
 x[(0, 99)] + x[(64, 99)] + x[(67, 99)] + x[(70, 99)] + x[(72, 99)] + x[(77, 99)] + x[(83, 99)] = 1
 x[(0, 100)] + x[(62, 100)] + x[(63, 100)] + x[(64, 100)] + x[(66, 100)] + x[(69, 100)] + x[(72, 100)] + x[(76, 100)] + x[(83, 100)] = 1
 x[(0, 101)] + x[(52, 101)] + x[(53, 101)] + x[(54, 101)] + x[(55, 101)] + x[(56, 101)] + x[(57, 101)] + x[(58, 101)] + x[(61, 101)] + x[(62, 101)] + x[(63, 101)] + x[(64, 101)] + x[(67, 101)] + x[(69, 101)] + x[(72, 101)] + x[(73, 101)] + x[(74, 101)] + x[(76, 101)] + x[(86, 101)] = 1
 x[(0, 102)] + x[(48, 102)] + x[(49, 102)] + x[(50, 102)] + x[(51, 102)] + x[(52, 102)] + x[(53, 102)] + x[(54, 102)] + x[(55, 102)] + x[(56, 102)] + x[(58, 102)] + x[(59, 102)] + x[(60, 102)] + x[(61, 102)] + x[(62, 102)] + x[(65, 102)] + x[(66, 102)] + x[(67, 102)] + x[(70, 102)] + x[(72, 102)] + x[(73, 102)] + x[(74, 102)] + x[(79, 102)] + x[(83, 102)] + x[(86, 102)] = 1
 x[(0, 103)] + x[(66, 103)] + x[(67, 103)] + x[(69, 103)] + x[(70, 103)] + x[(72, 103)] + x[(73, 103)] + x[(74, 103)] + x[(86, 103)] = 1
 x[(0, 104)] + x[(46, 104)] + x[(47, 104)] + x[(48, 104)] + x[(49, 104)] + x[(50, 104)] + x[(51, 104)] + x[(52, 104)] + x[(54, 104)] + x[(56, 104)] + x[(57, 104)] + x[(58, 104)] + x[(59, 104)] + x[(60, 104)] + x[(61, 104)] + x[(62, 104)] + x[(63, 104)] + x[(64, 104)] + x[(67, 104)] + x[(72, 104)] + x[(80, 104)] + x[(83, 104)] = 1
 x[(0, 105)] + x[(62, 105)] + x[(63, 105)] + x[(64, 105)] + x[(66, 105)] + x[(67, 105)] + x[(72, 105)] + x[(73, 105)] + x[(79, 105)] = 1
 x[(0, 106)] + x[(47, 106)] + x[(48, 106)] + x[(49, 106)] + x[(50, 106)] + x[(51, 106)] + x[(52, 106)] + x[(55, 106)] + x[(56, 106)] + x[(58, 106)] + x[(59, 106)] + x[(61, 106)] + x[(62, 106)] + x[(63, 106)] + x[(64, 106)] + x[(65, 106)] + x[(67, 106)] + x[(69, 106)] + x[(72, 106)] + x[(83, 106)] = 1
 x[(0, 107)] + x[(66, 107)] + x[(72, 107)] + x[(73, 107)] + x[(86, 107)] = 1
 x[(0, 108)] + x[(55, 108)] + x[(56, 108)] + x[(57, 108)] + x[(58, 108)] + x[(59, 108)] + x[(60, 108)] + x[(61, 108)] + x[(62, 108)] + x[(63, 108)] + x[(64, 108)] + x[(65, 108)] + x[(66, 108)] + x[(67, 108)] + x[(69, 108)] + x[(72, 108)] + x[(74, 108)] + x[(76, 108)] + x[(77, 108)] + x[(79, 108)] + x[(84, 108)] + x[(86, 108)] = 1
 x[(0, 109)] + x[(71, 109)] + x[(72, 109)] + x[(77, 109)] + x[(78, 109)] + x[(86, 109)] = 1
 x[(0, 110)] + x[(62, 110)] + x[(64, 110)] + x[(65, 110)] + x[(67, 110)] + x[(69, 110)] + x[(72, 110)] + x[(76, 110)] + x[(77, 110)] + x[(83, 110)] + x[(88, 110)] + x[(95, 110)] = 1
 x[(0, 111)] + x[(62, 111)] + x[(63, 111)] + x[(64, 111)] + x[(66, 111)] + x[(67, 111)] + x[(68, 111)] + x[(69, 111)] + x[(70, 111)] + x[(71, 111)] + x[(72, 111)] + x[(73, 111)] + x[(77, 111)] + x[(78, 111)] + x[(79, 111)] + x[(80, 111)] + x[(83, 111)] + x[(84, 111)] + x[(86, 111)] = 1
 x[(0, 112)] + x[(67, 112)] + x[(69, 112)] + x[(73, 112)] + x[(83, 112)] + x[(86, 112)] = 1
 x[(0, 113)] + x[(66, 113)] + x[(67, 113)] + x[(70, 113)] + x[(71, 113)] + x[(72, 113)] + x[(73, 113)] + x[(78, 113)] + x[(79, 113)] + x[(86, 113)] = 1
 x[(0, 114)] + x[(48, 114)] + x[(49, 114)] + x[(50, 114)] + x[(51, 114)] + x[(52, 114)] + x[(53, 114)] + x[(54, 114)] + x[(55, 114)] + x[(56, 114)] + x[(57, 114)] + x[(58, 114)] + x[(59, 114)] + x[(60, 114)] + x[(61, 114)] + x[(62, 114)] + x[(63, 114)] + x[(64, 114)] + x[(65, 114)] + x[(67, 114)] + x[(69, 114)] + x[(70, 114)] + x[(72, 114)] + x[(73, 114)] + x[(77, 114)] + x[(78, 114)] + x[(79, 114)] + x[(80, 114)] + x[(83, 114)] + x[(95, 114)] = 1
 x[(0, 115)] + x[(67, 115)] + x[(68, 115)] + x[(69, 115)] + x[(70, 115)] + x[(71, 115)] + x[(72, 115)] + x[(73, 115)] + x[(74, 115)] + x[(75, 115)] + x[(77, 115)] + x[(79, 115)] + x[(83, 115)] + x[(86, 115)] + x[(93, 115)] = 1
 x[(0, 116)] + x[(66, 116)] + x[(67, 116)] + x[(68, 116)] + x[(69, 116)] + x[(71, 116)] + x[(72, 116)] + x[(73, 116)] + x[(74, 116)] + x[(80, 116)] + x[(81, 116)] + x[(86, 116)] + x[(93, 116)] + x[(95, 116)] + x[(97, 116)] = 1
 x[(0, 117)] + x[(48, 117)] + x[(49, 117)] + x[(50, 117)] + x[(51, 117)] + x[(52, 117)] + x[(53, 117)] + x[(54, 117)] + x[(55, 117)] + x[(56, 117)] + x[(57, 117)] + x[(58, 117)] + x[(59, 117)] + x[(60, 117)] + x[(61, 117)] + x[(62, 117)] + x[(63, 117)] + x[(64, 117)] + x[(67, 117)] + x[(69, 117)] + x[(71, 117)] + x[(72, 117)] + x[(74, 117)] + x[(76, 117)] + x[(77, 117)] + x[(78, 117)] + x[(79, 117)] + x[(80, 117)] + x[(90, 117)] + x[(93, 117)] + x[(95, 117)] = 1
 x[(0, 118)] + x[(75, 118)] + x[(77, 118)] + x[(78, 118)] + x[(79, 118)] + x[(80, 118)] + x[(83, 118)] + x[(84, 118)] + x[(86, 118)] + x[(88, 118)] + x[(104, 118)] = 1
 x[(0, 119)] + x[(62, 119)] + x[(63, 119)] + x[(64, 119)] + x[(65, 119)] + x[(66, 119)] + x[(67, 119)] + x[(68, 119)] + x[(69, 119)] + x[(70, 119)] + x[(71, 119)] + x[(72, 119)] + x[(73, 119)] + x[(74, 119)] + x[(77, 119)] + x[(78, 119)] + x[(81, 119)] + x[(83, 119)] + x[(88, 119)] + x[(93, 119)] + x[(95, 119)] = 1
 x[(0, 120)] + x[(76, 120)] + x[(77, 120)] + x[(78, 120)] + x[(79, 120)] + x[(80, 120)] + x[(82, 120)] + x[(83, 120)] + x[(84, 120)] + x[(86, 120)] = 1
 x[(0, 121)] + x[(77, 121)] + x[(78, 121)] + x[(79, 121)] + x[(84, 121)] + x[(86, 121)] + x[(88, 121)] = 1
 x[(0, 122)] + x[(77, 122)] + x[(79, 122)] + x[(80, 122)] + x[(88, 122)] + x[(90, 122)] + x[(93, 122)] + x[(104, 122)] = 1
 x[(0, 123)] + x[(65, 123)] + x[(66, 123)] + x[(67, 123)] + x[(69, 123)] + x[(70, 123)] + x[(72, 123)] + x[(73, 123)] + x[(74, 123)] + x[(76, 123)] + x[(77, 123)] + x[(79, 123)] + x[(83, 123)] + x[(86, 123)] + x[(87, 123)] + x[(114, 123)] = 1
 x[(0, 124)] + x[(83, 124)] + x[(85, 124)] + x[(86, 124)] + x[(87, 124)] + x[(88, 124)] + x[(93, 124)] = 1
 x[(0, 125)] + x[(62, 125)] + x[(63, 125)] + x[(64, 125)] + x[(65, 125)] + x[(66, 125)] + x[(67, 125)] + x[(69, 125)] + x[(70, 125)] + x[(71, 125)] + x[(72, 125)] + x[(74, 125)] + x[(76, 125)] + x[(77, 125)] + x[(78, 125)] + x[(79, 125)] + x[(81, 125)] + x[(84, 125)] + x[(86, 125)] + x[(87, 125)] + x[(93, 125)] + x[(95, 125)] + x[(101, 125)] + x[(102, 125)] = 1
 x[(0, 126)] + x[(61, 126)] + x[(62, 126)] + x[(63, 126)] + x[(64, 126)] + x[(65, 126)] + x[(66, 126)] + x[(67, 126)] + x[(69, 126)] + x[(70, 126)] + x[(72, 126)] + x[(73, 126)] + x[(74, 126)] + x[(76, 126)] + x[(77, 126)] + x[(79, 126)] + x[(82, 126)] + x[(83, 126)] + x[(84, 126)] + x[(86, 126)] + x[(87, 126)] = 1
 x[(0, 127)] + x[(61, 127)] + x[(62, 127)] + x[(63, 127)] + x[(64, 127)] + x[(65, 127)] + x[(66, 127)] + x[(67, 127)] + x[(68, 127)] + x[(69, 127)] + x[(70, 127)] + x[(72, 127)] + x[(73, 127)] + x[(74, 127)] + x[(75, 127)] + x[(76, 127)] + x[(77, 127)] + x[(78, 127)] + x[(79, 127)] + x[(80, 127)] + x[(81, 127)] + x[(83, 127)] + x[(86, 127)] + x[(88, 127)] + x[(95, 127)] + x[(98, 127)] = 1
 x[(0, 128)] + x[(69, 128)] + x[(70, 128)] + x[(71, 128)] + x[(72, 128)] + x[(73, 128)] + x[(74, 128)] + x[(76, 128)] + x[(77, 128)] + x[(78, 128)] + x[(79, 128)] + x[(81, 128)] + x[(82, 128)] + x[(83, 128)] + x[(84, 128)] + x[(86, 128)] + x[(87, 128)] + x[(97, 128)] + x[(108, 128)] = 1
 x[(0, 129)] + x[(62, 129)] + x[(63, 129)] + x[(64, 129)] + x[(65, 129)] + x[(66, 129)] + x[(67, 129)] + x[(68, 129)] + x[(69, 129)] + x[(72, 129)] + x[(73, 129)] + x[(74, 129)] + x[(75, 129)] + x[(76, 129)] + x[(77, 129)] + x[(78, 129)] + x[(79, 129)] + x[(80, 129)] + x[(81, 129)] + x[(82, 129)] + x[(83, 129)] + x[(88, 129)] + x[(90, 129)] + x[(93, 129)] + x[(101, 129)] + x[(114, 129)] + x[(117, 129)] = 1
 x[(0, 130)] + x[(81, 130)] + x[(83, 130)] + x[(86, 130)] + x[(88, 130)] + x[(90, 130)] + x[(93, 130)] + x[(94, 130)] + x[(95, 130)] = 1
 x[(0, 131)] + x[(62, 131)] + x[(63, 131)] + x[(64, 131)] + x[(65, 131)] + x[(66, 131)] + x[(67, 131)] + x[(68, 131)] + x[(69, 131)] + x[(70, 131)] + x[(72, 131)] + x[(73, 131)] + x[(74, 131)] + x[(76, 131)] + x[(77, 131)] + x[(78, 131)] + x[(79, 131)] + x[(82, 131)] + x[(83, 131)] + x[(95, 131)] + x[(98, 131)] + x[(102, 131)] + x[(104, 131)] + x[(106, 131)] + x[(114, 131)] = 1
 x[(0, 132)] + x[(75, 132)] + x[(76, 132)] + x[(77, 132)] + x[(78, 132)] + x[(79, 132)] + x[(80, 132)] + x[(83, 132)] + x[(86, 132)] + x[(87, 132)] + x[(90, 132)] + x[(93, 132)] + x[(94, 132)] + x[(98, 132)] + x[(104, 132)] + x[(106, 132)] = 1
 x[(0, 133)] + x[(62, 133)] + x[(63, 133)] + x[(64, 133)] + x[(65, 133)] + x[(66, 133)] + x[(67, 133)] + x[(69, 133)] + x[(70, 133)] + x[(71, 133)] + x[(72, 133)] + x[(73, 133)] + x[(74, 133)] + x[(75, 133)] + x[(76, 133)] + x[(77, 133)] + x[(78, 133)] + x[(79, 133)] + x[(82, 133)] + x[(83, 133)] + x[(86, 133)] + x[(87, 133)] + x[(88, 133)] + x[(90, 133)] + x[(95, 133)] + x[(108, 133)] + x[(117, 133)] = 1
 x[(0, 134)] + x[(67, 134)] + x[(68, 134)] + x[(69, 134)] + x[(70, 134)] + x[(71, 134)] + x[(72, 134)] + x[(73, 134)] + x[(74, 134)] + x[(75, 134)] + x[(76, 134)] + x[(77, 134)] + x[(78, 134)] + x[(79, 134)] + x[(80, 134)] + x[(81, 134)] + x[(82, 134)] + x[(83, 134)] + x[(85, 134)] + x[(86, 134)] + x[(88, 134)] + x[(95, 134)] + x[(97, 134)] + x[(98, 134)] + x[(101, 134)] + x[(102, 134)] + x[(106, 134)] + x[(114, 134)] = 1
 x[(0, 135)] + x[(81, 135)] + x[(82, 135)] + x[(83, 135)] + x[(84, 135)] + x[(86, 135)] + x[(87, 135)] + x[(88, 135)] + x[(90, 135)] + x[(93, 135)] + x[(106, 135)] = 1
 x[(0, 136)] + x[(101, 136)] + x[(106, 136)] + x[(114, 136)] + x[(117, 136)] + x[(127, 136)] = 1
 x[(0, 137)] + x[(83, 137)] + x[(84, 137)] + x[(86, 137)] + x[(87, 137)] + x[(88, 137)] + x[(90, 137)] + x[(93, 137)] + x[(97, 137)] + x[(102, 137)] + x[(104, 137)] + x[(106, 137)] + x[(108, 137)] = 1
 x[(0, 138)] + x[(82, 138)] + x[(83, 138)] + x[(84, 138)] + x[(86, 138)] + x[(88, 138)] + x[(91, 138)] + x[(93, 138)] + x[(94, 138)] + x[(96, 138)] + x[(97, 138)] + x[(98, 138)] + x[(102, 138)] + x[(104, 138)] + x[(108, 138)] + x[(114, 138)] = 1
 x[(0, 139)] + x[(65, 139)] + x[(66, 139)] + x[(67, 139)] + x[(68, 139)] + x[(69, 139)] + x[(70, 139)] + x[(71, 139)] + x[(72, 139)] + x[(73, 139)] + x[(74, 139)] + x[(75, 139)] + x[(76, 139)] + x[(77, 139)] + x[(78, 139)] + x[(79, 139)] + x[(80, 139)] + x[(81, 139)] + x[(83, 139)] + x[(84, 139)] + x[(85, 139)] + x[(86, 139)] + x[(87, 139)] + x[(88, 139)] + x[(90, 139)] + x[(93, 139)] + x[(95, 139)] + x[(97, 139)] + x[(101, 139)] + x[(102, 139)] + x[(104, 139)] + x[(114, 139)] = 1
 x[(0, 140)] + x[(75, 140)] + x[(76, 140)] + x[(77, 140)] + x[(78, 140)] + x[(79, 140)] + x[(81, 140)] + x[(83, 140)] + x[(84, 140)] + x[(86, 140)] + x[(87, 140)] + x[(88, 140)] + x[(89, 140)] + x[(90, 140)] + x[(93, 140)] + x[(95, 140)] + x[(97, 140)] + x[(100, 140)] + x[(102, 140)] + x[(106, 140)] + x[(110, 140)] + x[(114, 140)] + x[(127, 140)] = 1
 x[(0, 141)] + x[(92, 141)] + x[(93, 141)] + x[(96, 141)] + x[(98, 141)] + x[(102, 141)] + x[(104, 141)] + x[(131, 141)] = 1
 x[(0, 142)] + x[(90, 142)] + x[(93, 142)] + x[(94, 142)] + x[(95, 142)] + x[(98, 142)] + x[(102, 142)] + x[(108, 142)] = 1
 x[(0, 143)] + x[(97, 143)] + x[(98, 143)] + x[(100, 143)] + x[(101, 143)] + x[(102, 143)] + x[(104, 143)] + x[(105, 143)] + x[(106, 143)] + x[(114, 143)] = 1
 x[(0, 144)] + x[(90, 144)] + x[(91, 144)] + x[(93, 144)] + x[(95, 144)] + x[(96, 144)] + x[(97, 144)] + x[(98, 144)] + x[(99, 144)] + x[(100, 144)] + x[(102, 144)] + x[(104, 144)] + x[(105, 144)] + x[(106, 144)] + x[(108, 144)] + x[(114, 144)] + x[(119, 144)] + x[(125, 144)] + x[(126, 144)] + x[(129, 144)] = 1
 x[(0, 145)] + x[(89, 145)] + x[(90, 145)] + x[(91, 145)] + x[(93, 145)] + x[(94, 145)] + x[(95, 145)] + x[(97, 145)] + x[(98, 145)] + x[(100, 145)] + x[(101, 145)] + x[(104, 145)] + x[(105, 145)] + x[(106, 145)] + x[(107, 145)] + x[(108, 145)] + x[(110, 145)] + x[(114, 145)] + x[(117, 145)] + x[(126, 145)] + x[(127, 145)] + x[(129, 145)] + x[(139, 145)] = 1
 x[(0, 146)] + x[(94, 146)] + x[(95, 146)] + x[(96, 146)] + x[(97, 146)] + x[(98, 146)] + x[(104, 146)] + x[(105, 146)] + x[(106, 146)] + x[(114, 146)] + x[(117, 146)] + x[(125, 146)] + x[(133, 146)] = 1
 x[(0, 147)] + x[(90, 147)] + x[(93, 147)] + x[(95, 147)] + x[(96, 147)] + x[(97, 147)] + x[(101, 147)] + x[(102, 147)] + x[(104, 147)] + x[(106, 147)] + x[(110, 147)] + x[(111, 147)] + x[(112, 147)] + x[(113, 147)] + x[(114, 147)] + x[(117, 147)] + x[(126, 147)] + x[(129, 147)] + x[(131, 147)] = 1
 x[(0, 148)] + x[(106, 148)] + x[(108, 148)] + x[(110, 148)] + x[(114, 148)] + x[(117, 148)] + x[(131, 148)] + x[(139, 148)] = 1
 x[(0, 149)] + x[(114, 149)] + x[(116, 149)] + x[(117, 149)] + x[(125, 149)] + x[(127, 149)] = 1
 x[(0, 150)] + x[(75, 150)] + x[(76, 150)] + x[(77, 150)] + x[(78, 150)] + x[(79, 150)] + x[(80, 150)] + x[(81, 150)] + x[(82, 150)] + x[(83, 150)] + x[(84, 150)] + x[(85, 150)] + x[(86, 150)] + x[(87, 150)] + x[(88, 150)] + x[(90, 150)] + x[(91, 150)] + x[(92, 150)] + x[(93, 150)] + x[(94, 150)] + x[(95, 150)] + x[(96, 150)] + x[(97, 150)] + x[(98, 150)] + x[(101, 150)] + x[(102, 150)] + x[(104, 150)] + x[(106, 150)] + x[(110, 150)] + x[(111, 150)] + x[(114, 150)] + x[(117, 150)] + x[(127, 150)] + x[(131, 150)] + x[(133, 150)] = 1
 x[(0, 151)] + x[(90, 151)] + x[(93, 151)] + x[(94, 151)] + x[(95, 151)] + x[(96, 151)] + x[(97, 151)] + x[(98, 151)] + x[(101, 151)] + x[(102, 151)] + x[(104, 151)] + x[(105, 151)] + x[(107, 151)] + x[(108, 151)] + x[(110, 151)] + x[(114, 151)] + x[(117, 151)] + x[(123, 151)] + x[(126, 151)] + x[(131, 151)] + x[(133, 151)] = 1
 x[(0, 152)] + x[(92, 152)] + x[(93, 152)] + x[(94, 152)] + x[(95, 152)] + x[(96, 152)] + x[(97, 152)] + x[(98, 152)] + x[(100, 152)] + x[(102, 152)] + x[(104, 152)] + x[(106, 152)] + x[(108, 152)] + x[(112, 152)] + x[(114, 152)] + x[(119, 152)] + x[(127, 152)] + x[(129, 152)] = 1
 x[(0, 153)] + x[(108, 153)] + x[(109, 153)] + x[(110, 153)] + x[(111, 153)] + x[(112, 153)] + x[(114, 153)] + x[(115, 153)] + x[(117, 153)] + x[(119, 153)] + x[(123, 153)] + x[(125, 153)] + x[(126, 153)] + x[(127, 153)] + x[(129, 153)] + x[(131, 153)] = 1
 x[(0, 154)] + x[(89, 154)] + x[(90, 154)] + x[(91, 154)] + x[(92, 154)] + x[(93, 154)] + x[(94, 154)] + x[(95, 154)] + x[(96, 154)] + x[(97, 154)] + x[(98, 154)] + x[(100, 154)] + x[(101, 154)] + x[(104, 154)] + x[(106, 154)] + x[(107, 154)] + x[(108, 154)] + x[(110, 154)] + x[(111, 154)] + x[(114, 154)] + x[(117, 154)] + x[(125, 154)] + x[(126, 154)] + x[(127, 154)] + x[(129, 154)] + x[(131, 154)] = 1
 x[(0, 155)] + x[(97, 155)] + x[(98, 155)] + x[(99, 155)] + x[(100, 155)] + x[(101, 155)] + x[(102, 155)] + x[(104, 155)] + x[(105, 155)] + x[(106, 155)] + x[(107, 155)] + x[(108, 155)] + x[(110, 155)] + x[(113, 155)] + x[(114, 155)] + x[(117, 155)] + x[(126, 155)] + x[(127, 155)] + x[(133, 155)] = 1
 x[(0, 156)] + x[(117, 156)] + x[(126, 156)] + x[(127, 156)] + x[(128, 156)] + x[(129, 156)] + x[(131, 156)] + x[(133, 156)] + x[(134, 156)] = 1
 x[(0, 157)] + x[(90, 157)] + x[(91, 157)] + x[(92, 157)] + x[(93, 157)] + x[(94, 157)] + x[(95, 157)] + x[(96, 157)] + x[(97, 157)] + x[(98, 157)] + x[(99, 157)] + x[(100, 157)] + x[(101, 157)] + x[(102, 157)] + x[(104, 157)] + x[(105, 157)] + x[(106, 157)] + x[(107, 157)] + x[(110, 157)] + x[(114, 157)] + x[(115, 157)] + x[(116, 157)] + x[(117, 157)] + x[(118, 157)] + x[(119, 157)] + x[(123, 157)] + x[(126, 157)] + x[(127, 157)] + x[(129, 157)] + x[(131, 157)] + x[(134, 157)] + x[(139, 157)] = 1
 x[(0, 158)] + x[(111, 158)] + x[(114, 158)] + x[(117, 158)] + x[(123, 158)] + x[(126, 158)] + x[(127, 158)] + x[(129, 158)] + x[(131, 158)] + x[(132, 158)] + x[(133, 158)] + x[(139, 158)] = 1
 x[(0, 159)] + x[(112, 159)] + x[(113, 159)] + x[(114, 159)] + x[(117, 159)] + x[(119, 159)] + x[(120, 159)] + x[(122, 159)] + x[(123, 159)] + x[(125, 159)] + x[(126, 159)] + x[(127, 159)] + x[(131, 159)] + x[(134, 159)] + x[(135, 159)] + x[(139, 159)] = 1
 x[(0, 160)] + x[(108, 160)] + x[(111, 160)] + x[(113, 160)] + x[(114, 160)] + x[(115, 160)] + x[(117, 160)] + x[(118, 160)] + x[(119, 160)] + x[(122, 160)] + x[(126, 160)] + x[(127, 160)] + x[(131, 160)] = 1
 x[(0, 161)] + x[(100, 161)] + x[(101, 161)] + x[(102, 161)] + x[(103, 161)] + x[(104, 161)] + x[(106, 161)] + x[(107, 161)] + x[(108, 161)] + x[(109, 161)] + x[(110, 161)] + x[(111, 161)] + x[(114, 161)] + x[(116, 161)] + x[(117, 161)] + x[(121, 161)] + x[(125, 161)] + x[(126, 161)] + x[(127, 161)] + x[(128, 161)] + x[(129, 161)] + x[(133, 161)] + x[(134, 161)] = 1
 x[(0, 162)] + x[(98, 162)] + x[(99, 162)] + x[(101, 162)] + x[(102, 162)] + x[(104, 162)] + x[(105, 162)] + x[(106, 162)] + x[(107, 162)] + x[(108, 162)] + x[(109, 162)] + x[(110, 162)] + x[(111, 162)] + x[(112, 162)] + x[(113, 162)] + x[(114, 162)] + x[(116, 162)] + x[(117, 162)] + x[(118, 162)] + x[(123, 162)] + x[(125, 162)] + x[(126, 162)] + x[(127, 162)] + x[(129, 162)] + x[(131, 162)] + x[(133, 162)] + x[(135, 162)] = 1
 x[(0, 163)] + x[(127, 163)] + x[(128, 163)] + x[(129, 163)] + x[(131, 163)] + x[(133, 163)] + x[(134, 163)] + x[(138, 163)] + x[(140, 163)] = 1
 x[(0, 164)] + x[(127, 164)] + x[(129, 164)] + x[(131, 164)] + x[(132, 164)] + x[(133, 164)] + x[(139, 164)] = 1
 x[(0, 165)] + x[(108, 165)] + x[(109, 165)] + x[(110, 165)] + x[(114, 165)] + x[(115, 165)] + x[(116, 165)] + x[(117, 165)] + x[(118, 165)] + x[(119, 165)] + x[(121, 165)] + x[(122, 165)] + x[(123, 165)] + x[(125, 165)] + x[(126, 165)] + x[(127, 165)] + x[(129, 165)] + x[(130, 165)] + x[(131, 165)] + x[(132, 165)] + x[(133, 165)] + x[(134, 165)] + x[(139, 165)] + x[(145, 165)] = 1
 x[(0, 166)] + x[(113, 166)] + x[(114, 166)] + x[(115, 166)] + x[(116, 166)] + x[(117, 166)] + x[(118, 166)] + x[(119, 166)] + x[(122, 166)] + x[(123, 166)] + x[(124, 166)] + x[(125, 166)] + x[(126, 166)] + x[(127, 166)] + x[(128, 166)] + x[(129, 166)] + x[(131, 166)] + x[(133, 166)] + x[(134, 166)] + x[(139, 166)] + x[(145, 166)] = 1
 x[(0, 167)] + x[(122, 167)] + x[(123, 167)] + x[(125, 167)] + x[(126, 167)] + x[(127, 167)] + x[(128, 167)] + x[(131, 167)] + x[(133, 167)] + x[(135, 167)] + x[(137, 167)] + x[(139, 167)] + x[(140, 167)] = 1
 x[(0, 168)] + x[(108, 168)] + x[(110, 168)] + x[(111, 168)] + x[(113, 168)] + x[(114, 168)] + x[(115, 168)] + x[(116, 168)] + x[(117, 168)] + x[(118, 168)] + x[(119, 168)] + x[(123, 168)] + x[(124, 168)] + x[(125, 168)] + x[(126, 168)] + x[(127, 168)] + x[(129, 168)] + x[(131, 168)] + x[(132, 168)] + x[(133, 168)] + x[(134, 168)] + x[(139, 168)] + x[(142, 168)] + x[(150, 168)] = 1
 x[(0, 169)] + x[(119, 169)] + x[(120, 169)] + x[(122, 169)] + x[(123, 169)] + x[(124, 169)] + x[(125, 169)] + x[(126, 169)] + x[(127, 169)] + x[(128, 169)] + x[(129, 169)] + x[(130, 169)] + x[(131, 169)] + x[(132, 169)] + x[(133, 169)] + x[(134, 169)] + x[(139, 169)] + x[(140, 169)] + x[(145, 169)] = 1
 x[(0, 170)] + x[(134, 170)] + x[(137, 170)] + x[(139, 170)] + x[(150, 170)] = 1
 x[(0, 171)] + x[(138, 171)] + x[(139, 171)] + x[(140, 171)] + x[(141, 171)] + x[(151, 171)] + x[(162, 171)] = 1
 x[(0, 172)] + x[(108, 172)] + x[(110, 172)] + x[(111, 172)] + x[(112, 172)] + x[(113, 172)] + x[(114, 172)] + x[(115, 172)] + x[(117, 172)] + x[(118, 172)] + x[(119, 172)] + x[(120, 172)] + x[(122, 172)] + x[(123, 172)] + x[(125, 172)] + x[(126, 172)] + x[(127, 172)] + x[(128, 172)] + x[(129, 172)] + x[(130, 172)] + x[(131, 172)] + x[(132, 172)] + x[(133, 172)] + x[(135, 172)] + x[(138, 172)] + x[(139, 172)] + x[(140, 172)] + x[(144, 172)] + x[(146, 172)] + x[(147, 172)] + x[(150, 172)] + x[(151, 172)] = 1
 x[(0, 173)] + x[(140, 173)] + x[(154, 173)] = 1
 x[(0, 174)] + x[(135, 174)] + x[(137, 174)] + x[(138, 174)] + x[(139, 174)] + x[(145, 174)] + x[(150, 174)] = 1
 x[(0, 175)] + x[(120, 175)] + x[(121, 175)] + x[(122, 175)] + x[(123, 175)] + x[(124, 175)] + x[(125, 175)] + x[(126, 175)] + x[(127, 175)] + x[(128, 175)] + x[(129, 175)] + x[(130, 175)] + x[(131, 175)] + x[(133, 175)] + x[(134, 175)] + x[(135, 175)] + x[(137, 175)] + x[(139, 175)] + x[(140, 175)] + x[(142, 175)] + x[(145, 175)] + x[(147, 175)] + x[(149, 175)] + x[(150, 175)] + x[(151, 175)] + x[(152, 175)] + x[(157, 175)] + x[(161, 175)] = 1
 x[(0, 176)] + x[(135, 176)] + x[(137, 176)] + x[(138, 176)] + x[(139, 176)] + x[(140, 176)] + x[(141, 176)] + x[(143, 176)] + x[(145, 176)] + x[(150, 176)] + x[(155, 176)] + x[(157, 176)] = 1
 x[(0, 177)] + x[(152, 177)] + x[(154, 177)] + x[(157, 177)] + x[(158, 177)] + x[(162, 177)] + x[(172, 177)] = 1
 x[(0, 178)] + x[(121, 178)] + x[(122, 178)] + x[(123, 178)] + x[(125, 178)] + x[(126, 178)] + x[(127, 178)] + x[(128, 178)] + x[(129, 178)] + x[(130, 178)] + x[(131, 178)] + x[(132, 178)] + x[(133, 178)] + x[(134, 178)] + x[(135, 178)] + x[(137, 178)] + x[(138, 178)] + x[(139, 178)] + x[(140, 178)] + x[(142, 178)] + x[(143, 178)] + x[(144, 178)] + x[(145, 178)] + x[(146, 178)] + x[(147, 178)] + x[(150, 178)] + x[(152, 178)] + x[(154, 178)] + x[(157, 178)] + x[(161, 178)] + x[(168, 178)] = 1
 x[(0, 179)] + x[(131, 179)] + x[(132, 179)] + x[(133, 179)] + x[(134, 179)] + x[(135, 179)] + x[(136, 179)] + x[(137, 179)] + x[(138, 179)] + x[(139, 179)] + x[(140, 179)] + x[(142, 179)] + x[(143, 179)] + x[(144, 179)] + x[(146, 179)] + x[(147, 179)] + x[(149, 179)] + x[(150, 179)] + x[(151, 179)] + x[(152, 179)] + x[(153, 179)] + x[(157, 179)] + x[(158, 179)] + x[(161, 179)] + x[(162, 179)] + x[(172, 179)] = 1
 x[(0, 180)] + x[(130, 180)] + x[(131, 180)] + x[(132, 180)] + x[(133, 180)] + x[(134, 180)] + x[(135, 180)] + x[(136, 180)] + x[(137, 180)] + x[(139, 180)] + x[(140, 180)] + x[(141, 180)] + x[(143, 180)] + x[(144, 180)] + x[(145, 180)] + x[(146, 180)] + x[(147, 180)] + x[(149, 180)] + x[(150, 180)] + x[(152, 180)] + x[(154, 180)] + x[(157, 180)] + x[(158, 180)] + x[(162, 180)] + x[(166, 180)] + x[(168, 180)] + x[(172, 180)] = 1
 x[(0, 181)] + x[(140, 181)] + x[(141, 181)] + x[(142, 181)] + x[(144, 181)] + x[(146, 181)] + x[(150, 181)] + x[(151, 181)] + x[(152, 181)] + x[(153, 181)] + x[(154, 181)] + x[(155, 181)] + x[(157, 181)] = 1
 x[(0, 182)] + x[(143, 182)] + x[(145, 182)] + x[(147, 182)] + x[(150, 182)] + x[(154, 182)] + x[(157, 182)] + x[(166, 182)] = 1
 x[(0, 183)] + x[(140, 183)] + x[(141, 183)] + x[(142, 183)] + x[(143, 183)] + x[(144, 183)] + x[(145, 183)] + x[(146, 183)] + x[(147, 183)] + x[(150, 183)] + x[(151, 183)] + x[(162, 183)] + x[(172, 183)] = 1
 x[(0, 184)] + x[(152, 184)] + x[(153, 184)] + x[(154, 184)] + x[(157, 184)] + x[(160, 184)] + x[(162, 184)] + x[(168, 184)] + x[(172, 184)] = 1
 x[(0, 185)] + x[(151, 185)] + x[(152, 185)] + x[(153, 185)] + x[(154, 185)] + x[(155, 185)] + x[(157, 185)] + x[(160, 185)] + x[(162, 185)] + x[(165, 185)] + x[(169, 185)] = 1
 x[(0, 186)] + x[(158, 186)] + x[(162, 186)] = 1
 x[(0, 187)] + x[(158, 187)] + x[(162, 187)] + x[(168, 187)] + x[(175, 187)] = 1
 x[(0, 188)] + x[(154, 188)] + x[(155, 188)] + x[(161, 188)] + x[(162, 188)] = 1
 x[(0, 189)] + x[(146, 189)] + x[(147, 189)] + x[(150, 189)] + x[(151, 189)] + x[(152, 189)] + x[(153, 189)] + x[(154, 189)] + x[(156, 189)] + x[(157, 189)] + x[(161, 189)] + x[(162, 189)] + x[(166, 189)] + x[(168, 189)] + x[(172, 189)] = 1
 x[(0, 190)] + x[(139, 190)] + x[(140, 190)] + x[(141, 190)] + x[(142, 190)] + x[(145, 190)] + x[(146, 190)] + x[(147, 190)] + x[(148, 190)] + x[(150, 190)] + x[(151, 190)] + x[(153, 190)] + x[(154, 190)] + x[(155, 190)] + x[(157, 190)] + x[(160, 190)] + x[(167, 190)] + x[(168, 190)] = 1
 x[(0, 191)] + x[(154, 191)] + x[(157, 191)] + x[(158, 191)] + x[(160, 191)] + x[(165, 191)] + x[(172, 191)] + x[(175, 191)] = 1
 x[(0, 192)] + x[(132, 192)] + x[(133, 192)] + x[(134, 192)] + x[(135, 192)] + x[(137, 192)] + x[(138, 192)] + x[(139, 192)] + x[(140, 192)] + x[(141, 192)] + x[(142, 192)] + x[(143, 192)] + x[(144, 192)] + x[(145, 192)] + x[(146, 192)] + x[(147, 192)] + x[(148, 192)] + x[(150, 192)] + x[(151, 192)] + x[(152, 192)] + x[(153, 192)] + x[(154, 192)] + x[(155, 192)] + x[(156, 192)] + x[(159, 192)] + x[(161, 192)] + x[(162, 192)] + x[(165, 192)] + x[(178, 192)] = 1
 x[(0, 193)] + x[(137, 193)] + x[(138, 193)] + x[(139, 193)] + x[(140, 193)] + x[(141, 193)] + x[(142, 193)] + x[(143, 193)] + x[(144, 193)] + x[(145, 193)] + x[(146, 193)] + x[(147, 193)] + x[(148, 193)] + x[(149, 193)] + x[(150, 193)] + x[(151, 193)] + x[(154, 193)] + x[(155, 193)] + x[(157, 193)] + x[(159, 193)] + x[(160, 193)] + x[(161, 193)] + x[(162, 193)] + x[(168, 193)] + x[(172, 193)] = 1
 x[(0, 194)] + x[(149, 194)] + x[(150, 194)] + x[(151, 194)] + x[(154, 194)] + x[(155, 194)] + x[(157, 194)] + x[(158, 194)] + x[(159, 194)] + x[(160, 194)] + x[(161, 194)] + x[(162, 194)] + x[(165, 194)] + x[(166, 194)] + x[(168, 194)] + x[(169, 194)] + x[(172, 194)] = 1
 x[(0, 195)] + x[(143, 195)] + x[(144, 195)] + x[(145, 195)] + x[(146, 195)] + x[(147, 195)] + x[(148, 195)] + x[(149, 195)] + x[(150, 195)] + x[(151, 195)] + x[(152, 195)] + x[(153, 195)] + x[(154, 195)] + x[(155, 195)] + x[(157, 195)] + x[(160, 195)] + x[(162, 195)] + x[(164, 195)] + x[(165, 195)] + x[(166, 195)] + x[(167, 195)] + x[(169, 195)] + x[(172, 195)] + x[(178, 195)] = 1
 x[(0, 196)] + x[(140, 196)] + x[(141, 196)] + x[(142, 196)] + x[(143, 196)] + x[(144, 196)] + x[(145, 196)] + x[(146, 196)] + x[(147, 196)] + x[(148, 196)] + x[(150, 196)] + x[(151, 196)] + x[(152, 196)] + x[(153, 196)] + x[(154, 196)] + x[(155, 196)] + x[(157, 196)] + x[(159, 196)] + x[(160, 196)] + x[(161, 196)] + x[(162, 196)] + x[(167, 196)] + x[(169, 196)] + x[(172, 196)] + x[(178, 196)] = 1
 x[(0, 197)] + x[(166, 197)] + x[(168, 197)] + x[(172, 197)] + x[(175, 197)] = 1
 x[(0, 198)] + x[(140, 198)] + x[(141, 198)] + x[(142, 198)] + x[(143, 198)] + x[(144, 198)] + x[(145, 198)] + x[(146, 198)] + x[(147, 198)] + x[(148, 198)] + x[(149, 198)] + x[(150, 198)] + x[(151, 198)] + x[(152, 198)] + x[(153, 198)] + x[(154, 198)] + x[(155, 198)] + x[(156, 198)] + x[(157, 198)] + x[(158, 198)] + x[(160, 198)] + x[(162, 198)] + x[(165, 198)] + x[(166, 198)] + x[(168, 198)] + x[(169, 198)] + x[(172, 198)] + x[(175, 198)] + x[(179, 198)] + x[(180, 198)] = 1
 x[(0, 199)] + x[(146, 199)] + x[(147, 199)] + x[(148, 199)] + x[(149, 199)] + x[(150, 199)] + x[(151, 199)] + x[(152, 199)] + x[(154, 199)] + x[(155, 199)] + x[(157, 199)] + x[(160, 199)] + x[(161, 199)] + x[(162, 199)] + x[(164, 199)] + x[(165, 199)] + x[(168, 199)] + x[(172, 199)] = 1
 x[(0, 200)] + x[(159, 200)] + x[(160, 200)] + x[(161, 200)] + x[(162, 200)] + x[(163, 200)] + x[(165, 200)] + x[(166, 200)] + x[(167, 200)] + x[(169, 200)] = 1
 x[a], integer, ∀ a ∈ {(0, 1),(1, 0),…,(179, 198),(180, 198)}

[41m solve [00m
~~~~~~~~~~~~~~~~~~~~~~~~~~~~~~~~~~~~~~~~~~~~~~~~~~~~~~~~~~~~~~~~~~~~~~~~~~~~~~
VRPSolver beta v0.3, 17/11/2019. Web: vrpsolver.math.u-bordeaux.fr
Corresponds to the solver by Pessoa, Sadykov, Uchoa and Vanderbeck (2019)
Paper: dx.doi.org/10.1007/978-3-030-17953-3_27
USE THIS CODE ONLY FOR ACADEMIC PURPOSES AT YOUR OWN RISK
~~~~~~~~~~~~~~~~~~~~~~~~~~~~~~~~~~~~~~~~~~~~~~~~~~~~~~~~~~~~~~~~~~~~~~~~~~~~~~
BaPCod v045b, 17/11/2019, © Inria Bordeaux, France (license expires 1/12/2021)
~~~~~~~~~~~~~~~~~~~~~~~~~~~~~~~~~~~~~~~~~~~~~~~~~~~~~~~~~~~~~~~~~~~~~~~~~~~~~~
VRPSolver parameters:
GlobalTimeLimit = 21474836
MaxNbOfBBtreeNodeTreated = 100000
treeSearchStrategy = 1
RCSPstopCutGenTimeThresholdInPricing = 5
RCSPhardTimeThresholdInPricing = 10
RCSPnumberOfBucketsPerVertex = 25
RCSPdynamicBucketSteps = 1
RCSPuseBidirectionalSearch = 1
RCSPapplyReducedCostFixing = 1
RCSPmaxNumOfColsPerIteration = 30
RCSPmaxNumOfColsPerExactIteration = 150
RCSPheurLabelingStrategy = 0
StabilizationMinPhaseOfStage = 0
RCSPmaxNumOfLabelsInEnumeration = 1000000
RCSPmaxNumOfEnumeratedSolutions = 10000000
RCSPmaxNumOfEnumSolutionsForMIP = 10000
RCSPinitNGneighbourhoodSize = 8
RCSPmaxNGneighbourhoodSize = 16
RCSPrankOneCutsMaxNumPerRound = 100
RCSPrankOneCutsMaxNumRows = 7
RCSPrankOneCutsMemoryType = 1
CutTailingOffThreshold = 0.015
CutTailingOffCounterThreshold = 3
SafeDualBoundScaleFactor = -1
StrongBranchingPhaseOneCandidatesNumber = 50
StrongBranchingPhaseOneTreeSizeEstimRatio = 0.1
StrongBranchingPhaseTwoCandidatesNumber = 3
StrongBranchingPhaseTwoTreeSizeEstimRatio = 0.1
MaxTimeForRestrictedMasterIpHeur = -1
DivingHeurUseDepthLimit = -1
MaxLDSbreadth = 0
MaxLDSdepth = 0
New model incumbent solution 1e+07, TIME = 0h0m0s3t = 3
Model is built TIME = 0h0m0s94t = 94
************************************************************************************************
**** BaB tree root node
**** Local DB = -1e+12, global bounds : [ -1e+12 , 1e+07 ], TIME = 0h0m0s94t = 94
**** 1 open nodes, 0 columns (0 active), 0 dyn. constrs. (0 active), 402 art. vars. (402 active)
************************************************************************************************
<DWph=2> <it= 10> <et=0.99> <Mt= 0.00> <Spt= 0.00> <nCl=300> <DB=-25673260069.5171> <Mlp=960000042.0000> <PB=10000000> 
<DWph=2> <it= 20> <et=1.05> <Mt= 0.02> <Spt= 0.00> <nCl=266> <DB= -915.0000> <Mlp=   85.0000> <PB=10000000> 
<DWph=2> <it= 24> <et=1.08> <Mt= 0.00> <Spt= 0.00> <nCl= 14> <DB=   84.0000> <Mlp=   84.0000> <PB=84> 
<DWph=1> <it= 25> <et=1.09> <Mt= 0.01> <Spt= 0.00> <nCl=  0> <DB=   84.0000> <Mlp=   84.0000> <PB=84> 
<DWph=0> <it= 26> <et=1.10> <Mt= 0.00> <Spt= 0.00> <nCl=  0> <DB=   84.0000> <Mlp=   84.0000> <PB=84> 
ColGenEvalAlg final dual bound: 84 (rounded: 84)
New model incumbent solution 84, TIME = 0h0m1s10t = 110
************************************************************************************************
Search is finished, global bounds : [ 84 , 84 ], TIME = 0h0m1s10t = 110
************************************************************************************************
[32mBaPCod : solution defined.[00m
statistics_cols: instance & :Optimal & cutoff & :bcRecRootDb & :bcTimeRootEval & :bcCountNodeProc & :bcRecBestDb & :bcRecBestInc & :bcTimeMain \\
statistics: csp200_Solomon & 1 & 1.0e7 & 84.00 & 1.10 & 1 & 84.00 & 84 & 1.10 \\
########################################################
Route #1: 1 38 
Route #2: 2 27 48 
Route #3: 3 23 44 
Route #4: 4 17 30 
Route #5: 5 28 40 
Route #6: 6 37 42 
Route #7: 7 43 
Route #8: 8 25 56 
Route #9: 9 39 
Route #10: 10 20 46 58 
Route #11: 11 53 
Route #12: 12 33 61 
Route #13: 13 51 
Route #14: 14 50 
Route #15: 15 45 
Route #16: 16 31 72 
Route #17: 18 36 
Route #18: 19 
Route #19: 21 47 
Route #20: 22 49 73 
Route #21: 24 41 64 77 
Route #22: 26 52 79 
Route #23: 29 66 
Route #24: 32 54 
Route #25: 34 78 
Route #26: 35 57 83 
Route #27: 55 96 
Route #28: 59 106 
Route #29: 60 91 
Route #30: 62 87 126 
Route #31: 63 88 110 
Route #32: 65 92 
Route #33: 67 75 115 
Route #34: 68 111 
Route #35: 69 108 128 
Route #36: 70 103 
Route #37: 71 109 
Route #38: 74 97 116 
Route #39: 76 100 
Route #40: 80 104 118 
Route #41: 81 119 
Route #42: 82 120 
Route #43: 84 121 
Route #44: 85 124 
Route #45: 86 101 125 
Route #46: 89 154 
Route #47: 90 122 
Route #48: 93 117 129 157 
Route #49: 94 130 
Route #50: 95 114 123 151 
Route #51: 98 127 136 
Route #52: 99 144 
Route #53: 102 131 147 
Route #54: 105 146 
Route #55: 107 162 
Route #56: 112 
Route #57: 113 159 
Route #58: 132 158 179 
Route #59: 133 150 168 178 192 
Route #60: 134 170 
Route #61: 135 176 
Route #62: 137 174 
Route #63: 138 171 
Route #64: 139 167 190 
Route #65: 140 172 180 198 
Route #66: 141 183 
Route #67: 142 181 
Route #68: 143 182 
Route #69: 145 169 196 
Route #70: 148 193 
Route #71: 149 194 
Route #72: 152 199 
Route #73: 153 184 
Route #74: 155 188 
Route #75: 156 189 
Route #76: 160 185 
Route #77: 161 175 187 
Route #78: 163 200 
Route #79: 164 195 
Route #80: 165 191 
Route #81: 166 197 
Route #82: 173 
Route #83: 177 
Route #84: 186 
Cost 84.0
########################################################
