Application parameters:
  batch  =>  nothing
  tikz  =>  "/TIKZ/csp50_Solomon.dot"
  instance  =>  "/IN/csp50_Solomon.txt"
  out  =>  "/OUT/csp50_Solomon.sol"
  nosolve  =>  false
  ub  =>  1.0e7
  sol  =>  nothing
  cfg  =>  "/VRPTW/src/../config/VRPTW_set_1.cfg"
  enable_cap_res  =>  false
Min x[(0, 1)] + x[(0, 2)] + x[(0, 3)] + x[(0, 4)] + x[(0, 5)] + x[(0, 6)] + x[(0, 7)] + x[(0, 8)] + x[(0, 9)] + x[(0, 10)] + x[(0, 11)] + x[(0, 12)] + x[(0, 13)] + x[(0, 14)] + x[(0, 15)] + x[(0, 16)] + x[(0, 17)] + x[(0, 18)] + x[(0, 19)] + x[(0, 20)] + x[(0, 21)] + x[(0, 22)] + x[(0, 23)] + x[(0, 24)] + x[(0, 25)] + x[(0, 26)] + x[(0, 27)] + x[(0, 28)] + x[(0, 29)] + x[(0, 30)] + x[(0, 31)] + x[(0, 32)] + x[(0, 33)] + x[(0, 34)] + x[(0, 35)] + x[(0, 36)] + x[(0, 37)] + x[(0, 38)] + x[(0, 39)] + x[(0, 40)] + x[(0, 41)] + x[(0, 42)] + x[(0, 43)] + x[(0, 44)] + x[(0, 45)] + x[(0, 46)] + x[(0, 47)] + x[(0, 48)] + x[(0, 49)] + x[(0, 50)]
Subject to
 x[(0, 1)] = 1
 x[(0, 2)] = 1
 x[(0, 3)] = 1
 x[(0, 4)] = 1
 x[(0, 5)] = 1
 x[(0, 6)] = 1
 x[(0, 7)] = 1
 x[(0, 8)] = 1
 x[(0, 9)] = 1
 x[(0, 10)] + x[(1, 10)] + x[(4, 10)] = 1
 x[(0, 11)] + x[(1, 11)] + x[(4, 11)] = 1
 x[(0, 12)] + x[(4, 12)] + x[(9, 12)] = 1
 x[(0, 13)] + x[(1, 13)] + x[(2, 13)] + x[(3, 13)] + x[(4, 13)] = 1
 x[(0, 14)] + x[(3, 14)] + x[(4, 14)] = 1
 x[(0, 15)] + x[(4, 15)] + x[(6, 15)] + x[(7, 15)] + x[(9, 15)] = 1
 x[(0, 16)] + x[(1, 16)] + x[(3, 16)] + x[(4, 16)] + x[(6, 16)] + x[(7, 16)] + x[(9, 16)] = 1
 x[(0, 17)] + x[(1, 17)] + x[(2, 17)] + x[(3, 17)] + x[(4, 17)] + x[(6, 17)] + x[(7, 17)] + x[(8, 17)] + x[(9, 17)] = 1
 x[(0, 18)] + x[(1, 18)] + x[(2, 18)] + x[(3, 18)] + x[(4, 18)] + x[(7, 18)] = 1
 x[(0, 19)] + x[(3, 19)] + x[(4, 19)] + x[(5, 19)] + x[(7, 19)] + x[(9, 19)] = 1
 x[(0, 20)] + x[(7, 20)] + x[(9, 20)] = 1
 x[(0, 21)] + x[(9, 21)] + x[(10, 21)] = 1
 x[(0, 22)] + x[(11, 22)] + x[(17, 22)] = 1
 x[(0, 23)] + x[(9, 23)] + x[(10, 23)] + x[(13, 23)] + x[(16, 23)] + x[(17, 23)] = 1
 x[(0, 24)] + x[(12, 24)] + x[(13, 24)] + x[(14, 24)] + x[(16, 24)] + x[(18, 24)] = 1
 x[(0, 25)] + x[(6, 25)] + x[(7, 25)] + x[(8, 25)] + x[(9, 25)] + x[(10, 25)] + x[(13, 25)] + x[(16, 25)] + x[(17, 25)] + x[(18, 25)] + x[(19, 25)] = 1
 x[(0, 26)] + x[(9, 26)] + x[(10, 26)] + x[(13, 26)] = 1
 x[(0, 27)] + x[(10, 27)] + x[(11, 27)] + x[(12, 27)] + x[(13, 27)] + x[(17, 27)] = 1
 x[(0, 28)] + x[(9, 28)] + x[(10, 28)] + x[(11, 28)] + x[(13, 28)] + x[(18, 28)] + x[(19, 28)] = 1
 x[(0, 29)] + x[(11, 29)] + x[(12, 29)] + x[(13, 29)] + x[(16, 29)] + x[(17, 29)] + x[(19, 29)] = 1
 x[(0, 30)] + x[(16, 30)] = 1
 x[(0, 31)] + x[(12, 31)] + x[(13, 31)] + x[(14, 31)] + x[(16, 31)] + x[(17, 31)] + x[(18, 31)] + x[(19, 31)] + x[(25, 31)] = 1
 x[(0, 32)] + x[(13, 32)] + x[(14, 32)] + x[(15, 32)] + x[(16, 32)] + x[(17, 32)] + x[(18, 32)] + x[(19, 32)] + x[(20, 32)] + x[(21, 32)] = 1
 x[(0, 33)] + x[(15, 33)] + x[(16, 33)] + x[(17, 33)] + x[(18, 33)] + x[(19, 33)] + x[(23, 33)] + x[(25, 33)] + x[(26, 33)] + x[(27, 33)] = 1
 x[(0, 34)] + x[(23, 34)] + x[(24, 34)] + x[(25, 34)] + x[(27, 34)] + x[(29, 34)] = 1
 x[(0, 35)] + x[(21, 35)] + x[(22, 35)] + x[(23, 35)] + x[(24, 35)] + x[(25, 35)] + x[(26, 35)] + x[(27, 35)] + x[(28, 35)] + x[(29, 35)] + x[(30, 35)] + x[(31, 35)] + x[(32, 35)] = 1
 x[(0, 36)] + x[(28, 36)] + x[(30, 36)] + x[(32, 36)] = 1
 x[(0, 37)] = 1
 x[(0, 38)] + x[(27, 38)] + x[(28, 38)] + x[(29, 38)] + x[(30, 38)] + x[(31, 38)] + x[(32, 38)] + x[(35, 38)] = 1
 x[(0, 39)] + x[(29, 39)] + x[(30, 39)] + x[(31, 39)] + x[(32, 39)] + x[(35, 39)] = 1
 x[(0, 40)] + x[(31, 40)] + x[(32, 40)] + x[(33, 40)] + x[(35, 40)] = 1
 x[(0, 41)] + x[(39, 41)] = 1
 x[(0, 42)] + x[(38, 42)] = 1
 x[(0, 43)] + x[(34, 43)] + x[(35, 43)] + x[(36, 43)] = 1
 x[(0, 44)] + x[(34, 44)] + x[(35, 44)] + x[(36, 44)] + x[(37, 44)] = 1
 x[(0, 45)] + x[(38, 45)] = 1
 x[(0, 46)] + x[(38, 46)] + x[(39, 46)] + x[(40, 46)] = 1
 x[(0, 47)] + x[(35, 47)] + x[(36, 47)] + x[(37, 47)] + x[(38, 47)] + x[(39, 47)] + x[(40, 47)] = 1
 x[(0, 48)] + x[(40, 48)] = 1
 x[(0, 49)] + x[(40, 49)] = 1
 x[(0, 50)] + x[(40, 50)] + x[(41, 50)] + x[(47, 50)] = 1
 x[a], integer, ∀ a ∈ {(0, 1),(1, 0),…,(41, 50),(47, 50)}

[41m solve [00m
~~~~~~~~~~~~~~~~~~~~~~~~~~~~~~~~~~~~~~~~~~~~~~~~~~~~~~~~~~~~~~~~~~~~~~~~~~~~~~
VRPSolver beta v0.3, 17/11/2019. Web: vrpsolver.math.u-bordeaux.fr
Corresponds to the solver by Pessoa, Sadykov, Uchoa and Vanderbeck (2019)
Paper: dx.doi.org/10.1007/978-3-030-17953-3_27
USE THIS CODE ONLY FOR ACADEMIC PURPOSES AT YOUR OWN RISK
~~~~~~~~~~~~~~~~~~~~~~~~~~~~~~~~~~~~~~~~~~~~~~~~~~~~~~~~~~~~~~~~~~~~~~~~~~~~~~
BaPCod v045b, 17/11/2019, © Inria Bordeaux, France (license expires 1/12/2021)
~~~~~~~~~~~~~~~~~~~~~~~~~~~~~~~~~~~~~~~~~~~~~~~~~~~~~~~~~~~~~~~~~~~~~~~~~~~~~~
VRPSolver parameters:
GlobalTimeLimit = 21474836
MaxNbOfBBtreeNodeTreated = 100000
treeSearchStrategy = 1
RCSPstopCutGenTimeThresholdInPricing = 5
RCSPhardTimeThresholdInPricing = 10
RCSPnumberOfBucketsPerVertex = 25
RCSPdynamicBucketSteps = 1
RCSPuseBidirectionalSearch = 1
RCSPapplyReducedCostFixing = 1
RCSPmaxNumOfColsPerIteration = 30
RCSPmaxNumOfColsPerExactIteration = 150
RCSPheurLabelingStrategy = 0
StabilizationMinPhaseOfStage = 0
RCSPmaxNumOfLabelsInEnumeration = 1000000
RCSPmaxNumOfEnumeratedSolutions = 10000000
RCSPmaxNumOfEnumSolutionsForMIP = 10000
RCSPinitNGneighbourhoodSize = 8
RCSPmaxNGneighbourhoodSize = 16
RCSPrankOneCutsMaxNumPerRound = 100
RCSPrankOneCutsMaxNumRows = 7
RCSPrankOneCutsMemoryType = 1
CutTailingOffThreshold = 0.015
CutTailingOffCounterThreshold = 3
SafeDualBoundScaleFactor = -1
StrongBranchingPhaseOneCandidatesNumber = 50
StrongBranchingPhaseOneTreeSizeEstimRatio = 0.1
StrongBranchingPhaseTwoCandidatesNumber = 3
StrongBranchingPhaseTwoTreeSizeEstimRatio = 0.1
MaxTimeForRestrictedMasterIpHeur = -1
DivingHeurUseDepthLimit = -1
MaxLDSbreadth = 0
MaxLDSdepth = 0
New model incumbent solution 1e+07, TIME = 0h0m0s3t = 3
Model is built TIME = 0h0m0s88t = 88
************************************************************************************************
**** BaB tree root node
**** Local DB = -1e+12, global bounds : [ -1e+12 , 1e+07 ], TIME = 0h0m0s88t = 88
**** 1 open nodes, 0 columns (0 active), 0 dyn. constrs. (0 active), 102 art. vars. (102 active)
************************************************************************************************
<DWph=2> <it=  7> <et=0.88> <Mt= 0.00> <Spt= 0.00> <nCl=131> <DB=   27.0000> <Mlp=   27.0000> <PB=27> 
<DWph=1> <it=  8> <et=0.89> <Mt= 0.00> <Spt= 0.00> <nCl=  0> <DB=   27.0000> <Mlp=   27.0000> <PB=27> 
<DWph=0> <it=  9> <et=0.89> <Mt= 0.00> <Spt= 0.00> <nCl=  0> <DB=   27.0000> <Mlp=   27.0000> <PB=27> 
ColGenEvalAlg final dual bound: 27 (rounded: 27)
New model incumbent solution 27, TIME = 0h0m0s89t = 89
************************************************************************************************
Search is finished, global bounds : [ 27 , 27 ], TIME = 0h0m0s89t = 89
************************************************************************************************
[32mBaPCod : solution defined.[00m
statistics_cols: instance & :Optimal & cutoff & :bcRecRootDb & :bcTimeRootEval & :bcCountNodeProc & :bcRecBestDb & :bcRecBestInc & :bcTimeMain \\
statistics: csp50_Solomon & 1 & 1.0e7 & 27.00 & 0.89 & 1 & 27.00 & 27 & 0.89 \\
########################################################
Route #1: 1 11 
Route #2: 2 
Route #3: 3 14 
Route #4: 4 18 
Route #5: 5 
Route #6: 6 15 
Route #7: 7 20 
Route #8: 8 
Route #9: 9 26 
Route #10: 10 28 
Route #11: 12 27 
Route #12: 13 29 
Route #13: 16 23 33 
Route #14: 17 22 
Route #15: 19 25 31 
Route #16: 21 32 35 
Route #17: 24 34 
Route #18: 30 36 
Route #19: 37 44 
Route #20: 38 46 
Route #21: 39 41 
Route #22: 40 47 50 
Route #23: 42 
Route #24: 43 
Route #25: 45 
Route #26: 48 
Route #27: 49 
Cost 27.0
########################################################
